Scenario - 
Logfile written - 03/05/2018 12:13:00

Subject	Trial	Event Type	Code	block_type(str)	block_idx(num)	trial_order(num)	trial_file(num)	Time	TTime	Uncertainty	Duration	Uncertainty	ReqTime	ReqDur	Stim Type	Pair Index

0002	1	Response	1					13032	12391	1
0002	3	Response	1					25813	12505	1
0002	5	Response	1					40830	14689	1
0002	7	Response	1					64954	23813	1
0002	10	Sound	train;1;1;2	train	1	1	2	65727	0	1			0		other	0
0002	11	Response	2					190208	42234	1
0002	12	Response	4					205544	15238	1
0002	14	Response	1					254912	49105	1
0002	16	Sound	guided_trial	guided_trial				255426	0	1			0		other	0
0002	17	Response	1					352206	14567	1
0002	20	Sound	train;1;1;10	train	1	1	10	352825	0	1			0		other	0
0002	21	Response	2					441353	23214	1
0002	22	Response	4					457170	15698	1
0002	24	Response	1					475223	17751	1
0002	26	Sound	guided_trial	guided_trial				475725	0	1			0		other	0
0002	27	Response	1					553027	11889	1
0002	30	Sound	train;1;1;17	train	1	1	17	553724	0	1			0		other	0
0002	31	Response	2					642174	18370	1
0002	32	Response	4					649843	7539	1
0002	34	Response	1					685950	35812	1
0002	36	Sound	guided_trial	guided_trial				686523	0	1			0		other	0
0002	37	Response	1					777971	21334	1
0002	40	Sound	train;1;1;22	train	1	1	22	778723	0	1			0		other	0
0002	41	Response	2					881657	11854	1
0002	42	Response	4					892360	10558	1
0002	44	Response	1					921117	28482	1
0002	46	Sound	guided_trial	guided_trial				921722	0	1			0		other	0
0002	47	Response	1					1049087	36285	1
0002	49	Response	1					1229458	180157	1
0002	52	Sound	train;1;1;4	train	1	1	4	1230120	0	1			0		other	0
0002	53	Response	2					1325635	17669	1
0002	54	Response	4					1342730	16930	1
0002	56	Response	1					1397847	54881	1
0002	59	Sound	train;1;1;12	train	1	1	12	1398519	0	1			0		other	0
0002	60	Response	2					1489231	16099	1
0002	61	Response	4					1498977	9679	1
0002	63	Response	1					1542272	42974	1
0002	66	Sound	train;1;1;13	train	1	1	13	1542818	0	1			0		other	0
0002	67	Response	3					1632218	19920	1
0002	68	Response	4					1646118	13820	1
0002	70	Response	1					1669763	23298	1
0002	73	Sound	train;1;1;19	train	1	1	19	1670417	0	1			0		other	0
0002	74	Response	2					1770254	26623	1
0002	75	Response	4					1787029	16565	1
0002	77	Response	1					1845022	57725	1
0002	80	Sound	train;1;1;28	train	1	1	28	1845716	0	1			0		other	0
0002	81	Response	2					1991203	60407	1
0002	82	Response	4					2011973	20678	1
0002	84	Response	1					2081150	68855	1
0002	87	Sound	train;1;1;37	train	1	1	37	2082214	0	1			0		other	0
0002	88	Response	3					2223018	58557	1
0002	89	Response	4					2228929	5802	1
0002	91	Response	1					2277656	48529	1
0002	94	Sound	train;1;1;24	train	1	1	24	2278713	0	1			0		other	0
0002	95	Response	2					2377188	6895	1
0002	96	Response	4					2384378	7085	1
0002	98	Response	1					2436141	51515	1
0002	101	Sound	train;1;1;32	train	1	1	32	2437212	0	1			0		other	0
0002	102	Response	2					2531360	9568	1
0002	103	Response	4					2536312	4854	1
0002	105	Response	1					2573377	36752	1
0002	108	Sound	train;1;1;36	train	1	1	36	2574211	0	1			0		other	0
0002	109	Response	3					2670353	13228	1
0002	110	Response	4					2676424	5966	1
0002	112	Response	5					2738731	62107	1
0002	114	Sound	guided_trial	guided_trial				2739210	0	1			0		other	0
0002	115	Response	1					2843375	21252	1
0002	118	Sound	train;1;1;40	train	1	1	40	2844310	0	1			0		other	0
0002	119	Response	3					2929646	19690	1
0002	120	Response	4					2933959	4170	1
0002	122	Response	1					2971823	37534	1
0002	125	Sound	train;1;1;28	train	1	1	28	2972509	0	1			0		other	0
0002	126	Response	2					3066242	8620	1
0002	127	Response	4					3071994	5539	1
0002	129	Response	1					3116727	44439	1
0002	132	Sound	train;1;1;36	train	1	1	36	3117308	0	1			0		other	0
0002	133	Response	2					3205395	5108	1
0002	134	Response	4					3211785	6331	1
0002	136	Response	1					3271218	59097	1
0002	139	Sound	train;1;1;28	train	1	1	28	3271907	0	1			0		other	0
0002	140	Response	3					3364838	7885	1
0002	141	Response	4					3372827	7873	1
0002	143	Response	1					3400625	27505	1
0002	145	Response	1					3647937	246984	1
0002	148	Sound	test;1;1;23	test	1	1	23	3649004	0	1			0		other	0
0002	149	Response	2					3742037	18419	1
0002	150	Response	4					3759930	17812	1
0002	153	Sound	test;1;2;14	test	1	2	14	3760904	0	1			0		other	0
0002	154	Response	3					3853391	10941	1
0002	155	Response	4					3865693	12242	1
0002	158	Sound	test;1;3;18	test	1	3	18	3866803	0	1			0		other	0
0002	159	Response	2					3954361	8078	1
0002	160	Response	4					3963947	9497	1
0002	163	Sound	test;1;4;50	test	1	4	50	3964902	0	1			0		other	0
0002	164	Response	3					4067792	18843	1
0002	165	Response	4					4085206	17257	1
0002	168	Sound	test;1;5;32	test	1	5	32	4086002	0	1			0		other	0
0002	169	Response	2					4169401	12452	1
0002	170	Response	4					4180424	10809	1
0002	173	Sound	test;1;6;1	test	1	6	1	4181001	0	1			0		other	0
0002	174	Response	2					4301843	25229	1
0002	175	Response	4					4312228	10281	1
0002	178	Sound	test;1;7;13	test	1	7	13	4313200	0	1			0		other	0
0002	179	Response	2					4407445	12665	1
0002	180	Response	4					4418949	11336	1
0002	183	Sound	test;1;8;29	test	1	8	29	4419900	0	1			0		other	0
0002	184	Response	2					4525191	35578	1
0002	185	Response	4					4572959	47680	1
0002	188	Sound	test;1;9;26	test	1	9	26	4573899	0	1			0		other	0
0002	189	Response	2					4665461	25349	1
0002	190	Response	4					4675526	9914	1
0002	193	Sound	test;1;10;12	test	1	10	12	4676198	0	1			0		other	0
0002	194	Response	3					4772343	11565	1
0002	195	Response	4					4779851	7407	1
0002	198	Sound	test;1;11;19	test	1	11	19	4780697	0	1			0		other	0
0002	199	Response	3					4881140	22696	1
0002	200	Response	4					4889128	7851	1
0002	203	Sound	test;1;12;22	test	1	12	22	4889997	0	1			0		other	0
0002	204	Response	2					4981152	26208	1
0002	205	Response	4					4991695	10419	1
0002	208	Sound	test;1;13;34	test	1	13	34	4993096	0	1			0		other	0
0002	209	Response	3					5075731	9455	1
0002	210	Response	4					5086594	10652	1
0002	213	Sound	test;1;14;11	test	1	14	11	5087595	0	1			0		other	0
0002	214	Response	3					5210729	41620	1
0002	215	Response	4					5224629	13687	1
0002	218	Sound	test;1;15;3	test	1	15	3	5225294	0	1			0		other	0
0002	219	Response	3					5340936	29661	1
0002	220	Response	4					5349723	8616	1
0002	223	Sound	test;1;16;25	test	1	16	25	5350494	0	1			0		other	0
0002	224	Response	2					5426089	10149	1
0002	225	Response	4					5432479	6205	1
0002	228	Sound	test;1;17;43	test	1	17	43	5433493	0	1			0		other	0
0002	229	Response	2					5535845	17239	1
0002	230	Response	4					5543833	7894	1
0002	233	Response	1					6598421	1054315	1
0002	237	Sound	test;1;18;36	test	1	18	36	6599486	0	1			0		other	0
0002	238	Response	3					6739971	44872	1
0002	239	Response	4					6753550	13452	1
0002	242	Sound	test;1;19;44	test	1	19	44	6754785	0	1			0		other	0
0002	243	Response	2					6864425	24494	1
0002	244	Response	4					6877366	12768	1
0002	247	Sound	test;1;20;46	test	1	20	46	6878384	0	1			0		other	0
0002	248	Response	2					6987121	27191	1
0002	249	Response	4					6993833	6569	1
0002	252	Sound	test;1;21;28	test	1	21	28	6994783	0	1			0		other	0
0002	253	Response	3					7089209	24946	1
0002	254	Response	4					7100873	11610	1
0002	257	Sound	test;1;22;6	test	1	22	6	7101582	0	1			0		other	0
0002	258	Response	2					7204239	17477	1
0002	259	Response	4					7210468	6040	1
0002	262	Sound	test;1;23;7	test	1	23	7	7211182	0	1			0		other	0
0002	263	Response	2					7315912	13650	1
0002	264	Response	4					7324539	8444	1
0002	267	Sound	test;1;24;10	test	1	24	10	7325181	0	1			0		other	0
0002	268	Response	2					7421195	11100	1
0002	269	Response	4					7429344	8083	1
0002	272	Sound	test;1;25;33	test	1	25	33	7430180	0	1			0		other	0
0002	273	Response	2					7518330	15070	1
0002	274	Response	4					7524242	5815	1
0002	277	Sound	test;1;26;35	test	1	26	35	7525180	0	1			0		other	0
0002	278	Response	3					7607957	7698	1
0002	279	Response	2					7808779	200686	1
0002	280	Response	4					7819962	11037	1
0002	283	Sound	test;1;27;30	test	1	27	30	7820878	0	1			0		other	0
0002	284	Response	2					7896328	6570	1
0002	285	Response	4					7903678	7253	1
0002	288	Sound	test;1;28;37	test	1	28	37	7904577	0	1			0		other	0
0002	289	Response	3					8024777	29187	1
0002	290	Response	4					8032446	7522	1
0002	293	Sound	test;1;29;40	test	1	29	40	8033477	0	1			0		other	0
0002	294	Response	2					8137729	11472	1
0002	295	Response	4					8150670	12747	1
0002	298	Sound	test;1;30;9	test	1	30	9	8151476	0	1			0		other	0
0002	299	Response	2					8258509	21920	1
0002	300	Response	4					8274966	16377	1
0002	303	Sound	test;1;31;38	test	1	31	38	8275975	0	1			0		other	0
0002	304	Response	2					8378331	16410	1
0002	305	Response	4					8393190	14769	1
0002	308	Sound	test;1;32;27	test	1	32	27	8394274	0	1			0		other	0
0002	309	Response	3					8474348	5927	1
0002	310	Response	4					8484573	10152	1
0002	313	Sound	test;1;33;5	test	1	33	5	8485274	0	1			0		other	0
0002	314	Response	3					8594490	16403	1
0002	315	Response	4					8602957	8371	1
0002	318	Sound	test;1;34;39	test	1	34	39	8604073	0	1			0		other	0
0002	319	Response	2					8713991	18239	1
0002	320	Response	4					8719264	5178	1
0002	323	Response	1					9418223	698638	1
0002	327	Sound	test;1;35;24	test	1	35	24	9419168	0	1			0		other	0
0002	328	Response	2					9505613	10532	1
0002	329	Response	4					9543476	37729	1
0002	332	Sound	test;1;36;8	test	1	36	8	9544167	0	1			0		other	0
0002	333	Response	2					9635979	6733	1
0002	334	Response	4					9660582	24502	1
0002	337	Sound	test;1;37;47	test	1	37	47	9661666	0	1			0		other	0
0002	338	Response	3					9759952	13706	1
0002	339	Response	4					9802450	42370	1
0002	342	Sound	test;1;38;45	test	1	38	45	9803365	0	1			0		other	0
0002	343	Response	3					9910449	22204	1
0002	344	Response	4					9920674	10096	1
0002	347	Sound	test;1;39;2	test	1	39	2	9921364	0	1			0		other	0
0002	348	Response	3					10021962	9551	1
0002	349	Response	4					10029472	7394	1
0002	352	Sound	test;1;40;21	test	1	40	21	10030464	0	1			0		other	0
0002	353	Response	3					10143861	49951	1
0002	354	Response	4					10151210	7300	1
0002	357	Sound	test;1;41;17	test	1	41	17	10152363	0	1			0		other	0
0002	358	Response	2					10240038	5462	1
0002	359	Response	4					10250103	9860	1
0002	362	Sound	test;1;42;42	test	1	42	42	10251162	0	1			0		other	0
0002	363	Response	3					10349795	7553	1
0002	364	Response	4					10354267	4358	1
0002	367	Sound	test;1;43;15	test	1	43	15	10355262	0	1			0		other	0
0002	368	Response	2					10445492	6250	1
0002	369	Response	4					10451722	6147	1
0002	372	Sound	test;1;44;31	test	1	44	31	10452561	0	1			0		other	0
0002	373	Response	2					10530006	6432	1
0002	374	Response	4					10560041	29967	1
0002	377	Sound	test;1;45;20	test	1	45	20	10560760	0	1			0		other	0
0002	378	Response	2					10641519	15112	1
0002	379	Response	4					10650307	8733	1
0002	382	Sound	test;1;46;48	test	1	46	48	10651360	0	1			0		other	0
0002	383	Response	3					10740092	7186	1
0002	384	Response	4					10744886	4647	1
0002	387	Sound	test;1;47;4	test	1	47	4	10745559	0	1			0		other	0
0002	388	Response	2					10844258	7019	1
0002	389	Response	4					10853524	9119	1
0002	392	Sound	test;1;48;16	test	1	48	16	10854659	0	1			0		other	0
0002	393	Response	3					10970630	33058	1
0002	394	Response	4					10975742	5004	1
0002	397	Sound	test;1;49;41	test	1	49	41	10976758	0	1			0		other	0
0002	398	Response	3					11859865	797961	1
0002	399	Response	4					11866575	6509	1
0002	402	Sound	test;1;50;49	test	1	50	49	11867552	0	1			0		other	0
0002	403	Response	3					11968983	19918	1
0002	404	Response	4					11974255	5190	1
0002	406	Response	1					12162295	187730	1
0002	408	Response	1					12238023	75459	1
0002	411	Sound	object;3;1;1	object	3	1	1	12238650	0	1			0		other	0
0002	412	Response	1					12379412	57849	1
0002	415	Sound	object;3;2;2	object	3	2	2	12380049	0	1			0		other	0
0002	416	Response	1					12600043	137814	1
0002	418	Response	1					12767473	167079	1
0002	421	Sound	object;3;1;47	object	3	1	47	12768146	0	1			0		other	0
0002	422	Response	3					12870839	18113	1
0002	423	Response	4					12879786	8893	1
0002	426	Sound	object;3;2;4	object	3	2	4	12880546	0	1			0		other	0
0002	427	Response	2					12979478	7253	1
0002	428	Response	4					12990501	10942	1
0002	431	Sound	object;3;3;25	object	3	3	25	12991145	0	1			0		other	0
0002	432	Response	3					13064471	7913	1
0002	433	Response	4					13078370	13812	1
0002	436	Sound	object;3;4;43	object	3	4	43	13079044	0	1			0		other	0
0002	437	Response	3					13178220	13996	1
0002	438	Response	4					13197073	18682	1
0002	441	Sound	object;3;5;50	object	3	5	50	13197744	0	1			0		other	0
0002	442	Response	2					13287659	5935	1
0002	443	Response	4					13294208	6485	1
0002	446	Sound	object;3;6;27	object	3	6	27	13294943	0	1			0		other	0
0002	447	Response	3					13376486	7430	1
0002	448	Response	4					13386550	9994	1
0002	451	Sound	object;3;7;17	object	3	7	17	13387242	0	1			0		other	0
0002	452	Response	2					13494230	24841	1
0002	453	Response	4					13505892	11504	1
0002	456	Sound	object;3;8;19	object	3	8	19	13506542	0	1			0		other	0
0002	457	Response	3					13630667	46278	1
0002	458	Response	4					13642010	11289	1
0002	461	Sound	object;3;9;21	object	3	9	21	13642541	0	1			0		other	0
0002	462	Response	2					13763588	57701	1
0002	463	Response	4					13773493	9773	1
0002	466	Sound	object;3;10;11	object	3	10	11	13774140	0	1			0		other	0
0002	467	Response	3					13871907	16187	1
0002	468	Response	4					13884048	11995	1
0002	471	Sound	object;3;11;31	object	3	11	31	13884739	0	1			0		other	0
0002	472	Response	3					13969042	13323	1
0002	473	Response	4					13985977	16758	1
0002	476	Sound	object;3;12;12	object	3	12	12	13986639	0	1			0		other	0
0002	477	Response	2					14079118	7900	1
0002	478	Response	4					14094456	15238	1
0002	481	Sound	object;3;13;30	object	3	13	30	14095038	0	1			0		other	0
0002	482	Response	2					14171620	7736	1
0002	483	Response	4					14178490	6772	1
0002	486	Sound	object;3;14;10	object	3	14	10	14179137	0	1			0		other	0
0002	487	Response	2					14274347	10297	1
0002	488	Response	4					14283133	8583	1
0002	491	Sound	object;3;15;37	object	3	15	37	14283737	0	1			0		other	0
0002	492	Response	3					14401358	26641	1
0002	493	Response	4					14424203	22653	1
0002	496	Sound	object;3;16;13	object	3	16	13	14424936	0	1			0		other	0
0002	497	Response	2					14520860	14477	1
0002	498	Response	4					14527409	6360	1
0002	501	Sound	object;3;17;35	object	3	17	35	14528035	0	1			0		other	0
0002	502	Response	3					14685255	82206	1
0002	503	Response	4					14693562	8181	1
0002	506	Response	1					15384693	690812	1
0002	510	Sound	object;3;18;42	object	3	18	42	15385430	0	1			0		other	0
0002	511	Response	3					15502597	26221	1
0002	512	Response	4					15507390	4680	1
0002	515	Sound	object;3;19;1	object	3	19	1	15508129	0	1			0		other	0
0002	516	Response	2					15612832	8957	1
0002	517	Response	4					15621460	8418	1
0002	520	Sound	object;3;20;39	object	3	20	39	15622228	0	1			0		other	0
0002	521	Response	3					15723230	9355	1
0002	522	Response	4					15729141	5766	1
0002	525	Sound	object;3;21;38	object	3	21	38	15729727	0	1			0		other	0
0002	526	Response	3					15823560	7853	1
0002	527	Response	4					15829151	5444	1
0002	530	Sound	object;3;22;49	object	3	22	49	15829727	0	1			0		other	0
0002	531	Response	3					15936032	24825	1
0002	532	Response	4					15944181	7974	1
0002	535	Sound	object;3;23;29	object	3	23	29	15944726	0	1			0		other	0
0002	536	Response	2					16020226	5687	1
0002	537	Response	4					16031410	11037	1
0002	540	Sound	object;3;24;36	object	3	24	36	16032126	0	1			0		other	0
0002	541	Response	2					16149793	21921	1
0002	542	Response	4					16155065	5194	1
0002	545	Sound	object;3;25;3	object	3	25	3	16155725	0	1			0		other	0
0002	546	Response	2					16249325	7620	1
0002	547	Response	4					16257472	8101	1
0002	550	Sound	object;3;26;24	object	3	26	24	16258024	0	1			0		other	0
0002	551	Response	3					16351093	17055	1
0002	552	Response	4					16357004	5800	1
0002	555	Sound	object;3;27;48	object	3	27	48	16357623	0	1			0		other	0
0002	556	Response	2					16446471	7268	1
0002	557	Response	4					16454459	7922	1
0002	560	Sound	object;3;28;7	object	3	28	7	16455123	0	1			0		other	0
0002	561	Response	2					16553192	6989	1
0002	562	Response	4					16561340	7971	1
0002	565	Sound	object;3;29;46	object	3	29	46	16561922	0	1			0		other	0
0002	566	Response	3					16650167	6799	1
0002	567	Response	4					16692184	41816	1
0002	570	Sound	object;3;30;5	object	3	30	5	16692921	0	1			0		other	0
0002	571	Response	2					16809131	23430	1
0002	572	Response	4					16816320	7119	1
0002	575	Sound	object;3;31;14	object	3	31	14	16816921	0	1			0		other	0
0002	576	Response	3					16916332	17965	1
0002	577	Response	4					16921603	5069	1
0002	580	Sound	object;3;32;20	object	3	32	20	16922220	0	1			0		other	0
0002	581	Response	2					17001165	13298	1
0002	582	Response	4					17011709	10342	1
0002	585	Sound	object;3;33;28	object	3	33	28	17012419	0	1			0		other	0
0002	586	Response	3					17093028	10996	1
0002	587	Response	4					17098140	4941	1
0002	590	Sound	object;3;34;6	object	3	34	6	17098819	0	1			0		other	0
0002	591	Response	2					17189524	5492	1
0002	592	Response	4					17196394	6695	1
0002	596	Response	1					17893914	53	1
0002	599	Sound	object;3;35;32	object	3	35	32	17894614	0	1			0		other	0
0002	600	Response	2					17968843	3316	1
0002	601	Response	4					17982102	13075	1
0002	604	Sound	object;3;36;33	object	3	36	33	17982713	0	1			0		other	0
0002	605	Response	3					18060866	5006	1
0002	606	Response	4					18086427	25400	1
0002	609	Sound	object;3;37;15	object	3	37	15	18087112	0	1			0		other	0
0002	610	Response	2					18181965	10773	1
0002	611	Response	4					18188036	6010	1
0002	614	Sound	object;3;38;18	object	3	38	18	18188712	0	1			0		other	0
0002	615	Response	2					18273348	5157	1
0002	616	Response	4					18285491	11966	1
0002	619	Sound	object;3;39;45	object	3	39	45	18286211	0	1			0		other	0
0002	620	Response	3					18390295	19270	1
0002	621	Response	4					18404513	14156	1
0002	624	Sound	object;3;40;41	object	3	40	41	18405210	0	1			0		other	0
0002	625	Response	3					18496856	6499	1
0002	626	Response	4					18539033	42009	1
0002	629	Sound	object;3;41;16	object	3	41	16	18539710	0	1			0		other	0
0002	630	Response	2					18631054	8365	1
0002	631	Response	4					18639522	8332	1
0002	634	Sound	object;3;42;40	object	3	42	40	18640209	0	1			0		other	0
0002	635	Response	3					18738732	5710	1
0002	636	Response	4					18745282	6427	1
0002	639	Sound	object;3;43;44	object	3	43	44	18746008	0	1			0		other	0
0002	640	Response	3					18837466	6278	1
0002	641	Response	4					18848650	11128	1
0002	644	Sound	object;3;44;22	object	3	44	22	18849308	0	1			0		other	0
0002	645	Response	2					18919424	5237	1
0002	646	Response	4					18925655	6134	1
0002	649	Sound	object;3;45;23	object	3	45	23	18926307	0	1			0		other	0
0002	650	Response	2					19010646	9792	1
0002	651	Response	4					19018475	7621	1
0002	654	Sound	object;3;46;9	object	3	46	9	19019107	0	1			0		other	0
0002	655	Response	2					19111296	7110	1
0002	656	Response	4					19117526	6173	1
0002	659	Sound	object;3;47;2	object	3	47	2	19118206	0	1			0		other	0
0002	660	Response	2					19220733	11548	1
0002	661	Response	4					19229999	9147	1
0002	664	Sound	object;3;48;34	object	3	48	34	19230705	0	1			0		other	0
0002	665	Response	3					19320425	16574	1
0002	666	Response	4					19325858	5340	1
0002	669	Sound	object;3;49;8	object	3	49	8	19326605	0	1			0		other	0
0002	670	Response	2					19418838	7154	1
0002	671	Response	4					19424430	5412	1
0002	674	Sound	object;3;50;26	object	3	50	26	19425004	0	1			0		other	0
0002	675	Response	3					19504790	13606	1
0002	676	Response	4					19510063	5213	1
0002	678	Response	1					19714398	204047	1
0002	680	Response	1					19787568	72886	1
0002	683	Sound	feature;2;1;1	feature	2	1	1	19788202	0	1			0		other	0
0002	684	Response	1					19890137	19122	1
0002	687	Sound	feature;2;2;2	feature	2	2	2	19890801	0	1			0		other	0
0002	688	Response	1					20116679	143665	1
0002	690	Response	1					20347215	230202	1
0002	693	Sound	feature;2;1;24	feature	2	1	24	20348098	0	1			0		other	0
0002	694	Response	3					20449462	25451	1
0002	695	Response	4					20459528	10017	1
0002	698	Sound	feature;2;2;41	feature	2	2	41	20460197	0	1			0		other	0
0002	699	Response	3					20569923	24579	1
0002	700	Response	4					20575835	5825	1
0002	703	Sound	feature;2;3;46	feature	2	3	46	20576497	0	1			0		other	0
0002	704	Response	3					20685590	27580	1
0002	705	Response	4					20691982	6305	1
0002	708	Sound	feature;2;4;10	feature	2	4	10	20692596	0	1			0		other	0
0002	709	Response	2					20831453	53944	1
0002	710	Response	4					20841199	9691	1
0002	713	Sound	feature;2;5;1	feature	2	5	1	20841895	0	1			0		other	0
0002	714	Response	2					20949357	11849	1
0002	715	Response	4					20957825	8317	1
0002	718	Sound	feature;2;6;14	feature	2	6	14	20958494	0	1			0		other	0
0002	719	Response	3					21056558	16550	1
0002	720	Response	4					21066623	9949	1
0002	723	Sound	feature;2;7;50	feature	2	7	50	21067193	0	1			0		other	0
0002	724	Response	3					21172066	20892	1
0002	725	Response	4					21188839	16666	1
0002	728	Sound	feature;2;8;34	feature	2	8	34	21189493	0	1			0		other	0
0002	729	Response	2					21291248	28576	1
0002	730	Response	4					21296680	5341	1
0002	733	Sound	feature;2;9;25	feature	2	9	25	21297392	0	1			0		other	0
0002	734	Response	3					21409152	46313	1
0002	735	Response	4					21414584	5246	1
0002	738	Sound	feature;2;10;9	feature	2	10	9	21415291	0	1			0		other	0
0002	739	Response	2					21540156	39818	1
0002	740	Response	4					21571790	31452	1
0002	743	Sound	feature;2;11;48	feature	2	11	48	21572490	0	1			0		other	0
0002	744	Response	3					21668765	14762	1
0002	745	Response	4					21675155	6319	1
0002	748	Sound	feature;2;12;42	feature	2	12	42	21675890	0	1			0		other	0
0002	749	Response	3					21812072	45236	1
0002	750	Response	4					21824852	12683	1
0002	753	Sound	feature;2;13;23	feature	2	13	23	21825489	0	1			0		other	0
0002	754	Response	2					21924384	24382	1
0002	755	Response	4					21929336	4835	1
0002	758	Sound	feature;2;14;15	feature	2	14	15	21930088	0	1			0		other	0
0002	759	Response	3					22025513	11345	1
0002	760	Response	4					22030465	4798	1
0002	763	Sound	feature;2;15;2	feature	2	15	2	22031187	0	1			0		other	0
0002	764	Response	3					22134950	12783	1
0002	765	Response	4					22140062	5062	1
0002	768	Sound	feature;2;16;21	feature	2	16	21	22140687	0	1			0		other	0
0002	769	Response	2					22211636	7636	1
0002	770	Response	4					22216269	4436	1
0002	773	Sound	feature;2;17;44	feature	2	17	44	22216886	0	1			0		other	0
0002	774	Response	3					22321551	19552	1
0002	775	Response	4					22331616	9950	1
0002	778	Response	1					23035846	704014	1
0002	782	Sound	feature;2;18;17	feature	2	18	17	23036581	0	1			0		other	0
0002	783	Response	2					23141928	23101	1
0002	784	Response	4					23161899	19905	1
0002	787	Sound	feature;2;19;5	feature	2	19	5	23162580	0	1			0		other	0
0002	788	Response	2					23260313	4986	1
0002	789	Response	4					23271016	10523	1
0002	792	Sound	feature;2;20;29	feature	2	20	29	23271679	0	1			0		other	0
0002	793	Response	3					23347542	6049	1
0002	794	Response	4					23353294	5635	1
0002	797	Sound	feature;2;21;4	feature	2	21	4	23353879	0	1			0		other	0
0002	798	Response	3					23450907	5416	1
0002	799	Response	4					23468482	17490	1
0002	802	Sound	feature;2;22;40	feature	2	22	40	23469278	0	1			0		other	0
0002	803	Response	2					23572487	10496	1
0002	804	Response	4					23578079	5421	1
0002	807	Sound	feature;2;23;37	feature	2	23	37	23578777	0	1			0		other	0
0002	808	Response	2					23675054	5230	1
0002	809	Response	4					23686397	11240	1
0002	812	Sound	feature;2;24;38	feature	2	24	38	23687077	0	1			0		other	0
0002	813	Response	2					23785929	12939	1
0002	814	Response	4					23793917	7927	1
0002	817	Sound	feature;2;25;8	feature	2	25	8	23794576	0	1			0		other	0
0002	818	Response	3					23892011	12355	1
0002	819	Response	4					23917892	25737	1
0002	822	Sound	feature;2;26;28	feature	2	26	28	23918575	0	1			0		other	0
0002	823	Response	3					23997933	9777	1
0002	824	Response	4					24006880	8892	1
0002	827	Sound	feature;2;27;30	feature	2	27	30	24007575	0	1			0		other	0
0002	828	Response	2					24080530	4042	1
0002	829	Response	4					24088678	8024	1
0002	832	Sound	feature;2;28;32	feature	2	28	32	24089374	0	1			0		other	0
0002	833	Response	2					24166163	5842	1
0002	834	Response	4					24173033	6713	1
0002	837	Sound	feature;2;29;18	feature	2	29	18	24173674	0	1			0		other	0
0002	838	Response	3					24267611	14458	1
0002	839	Response	4					24276238	8418	1
0002	842	Sound	feature;2;30;3	feature	2	30	3	24276873	0	1			0		other	0
0002	843	Response	2					24376411	13591	1
0002	844	Response	4					24382321	5835	1
0002	847	Sound	feature;2;31;16	feature	2	31	16	24383072	0	1			0		other	0
0002	848	Response	3					24474345	8359	1
0002	849	Response	4					24480416	5930	1
0002	852	Sound	feature;2;32;6	feature	2	32	6	24481072	0	1			0		other	0
0002	853	Response	2					24575314	8996	1
0002	854	Response	4					24584102	8617	1
0002	857	Sound	feature;2;33;12	feature	2	33	12	24584771	0	1			0		other	0
0002	858	Response	3					24682994	13676	1
0002	859	Response	4					24688745	5594	1
0002	862	Sound	feature;2;34;13	feature	2	34	13	24689370	0	1			0		other	0
0002	863	Response	3					24779012	8195	1
0002	864	Response	4					24794188	15037	1
0002	867	Response	1					25446975	652492	1
0002	871	Sound	feature;2;35;22	feature	2	35	22	25447666	0	1			0		other	0
0002	872	Response	2					25521903	9258	1
0002	873	Response	4					25550661	28682	1
0002	876	Sound	feature;2;36;19	feature	2	36	19	25551365	0	1			0		other	0
0002	877	Response	2					25638689	9544	1
0002	878	Response	4					25652749	13937	1
0002	881	Sound	feature;2;37;33	feature	2	37	33	25653364	0	1			0		other	0
0002	882	Response	3					25732151	5673	1
0002	883	Response	4					25741896	9585	1
0002	886	Sound	feature;2;38;20	feature	2	38	20	25742464	0	1			0		other	0
0002	887	Response	2					25816504	8360	1
0002	888	Response	4					25828646	12002	1
0002	891	Sound	feature;2;39;7	feature	2	39	7	25829363	0	1			0		other	0
0002	892	Response	3					25926260	5951	1
0002	893	Response	4					25932650	6341	1
0002	896	Sound	feature;2;40;27	feature	2	40	27	25933362	0	1			0		other	0
0002	897	Response	3					26026751	19276	1
0002	898	Response	4					26032342	5533	1
0002	901	Sound	feature;2;41;47	feature	2	41	47	26033062	0	1			0		other	0
0002	902	Response	3					26136348	18707	1
0002	903	Response	4					26150567	14092	1
0002	906	Sound	feature;2;42;11	feature	2	42	11	26151261	0	1			0		other	0
0002	907	Response	3					26246264	13456	1
0002	908	Response	4					26252335	5861	1
0002	911	Sound	feature;2;43;26	feature	2	43	26	26252960	0	1			0		other	0
0002	912	Response	2					26331417	12277	1
0002	913	Response	4					26340044	8571	1
0002	916	Sound	feature;2;44;49	feature	2	44	49	26340660	0	1			0		other	0
0002	917	Response	3					26432386	10247	1
0002	918	Response	4					26438617	6144	1
0002	921	Sound	feature;2;45;39	feature	2	45	39	26439159	0	1			0		other	0
0002	922	Response	2					26539426	8621	1
0002	923	Response	4					26552686	13047	1
0002	926	Sound	feature;2;46;43	feature	2	46	43	26553359	0	1			0		other	0
0002	927	Response	3					26647905	9433	1
0002	928	Response	4					26654295	6323	1
0002	931	Sound	feature;2;47;45	feature	2	47	45	26655058	0	1			0		other	0
0002	932	Response	2					26770123	30152	1
0002	933	Response	4					26776034	5730	1
0002	936	Sound	feature;2;48;31	feature	2	48	31	26776657	0	1			0		other	0
0002	937	Response	2					26859110	11473	1
0002	938	Response	4					26864382	5079	1
0002	941	Sound	feature;2;49;36	feature	2	49	36	26865056	0	1			0		other	0
0002	942	Response	3					26973179	12376	1
0002	943	Response	4					26978132	4830	1
0002	946	Sound	feature;2;50;35	feature	2	50	35	26978856	0	1			0		other	0
0002	947	Response	2					27061368	7566	1
0002	948	Response	4					27072551	11082	1
0002	950	Quit						35707147	8634345	NA

The following output port codes were not sent because of a conflict on the port.
Port	Code	Time(ms)
1	64	154231
1	64	418045
1	64	659860
1	64	675360
1	64	941842
1	64	1.05601e+006
1	64	1.36421e+006
1	64	1.53849e+006
1	64	1.6357e+006
1	64	1.68164e+006
1	64	1.78941e+006
1	64	1.90185e+006
1	64	2.0692e+006
1	64	2.3036e+006
1	64	2.54471e+006
1	64	2.64386e+006
