Scenario - 
Logfile written - 03/05/2018 18:02:32

Subject	Trial	Event Type	Code	block_type(str)	block_idx(num)	trial_order(num)	trial_file(num)	Time	TTime	Uncertainty	Duration	Uncertainty	ReqTime	ReqDur	Stim Type	Pair Index

0003	1	Response	1					1623266	1622617	1
0003	3	Response	1					1802997	179526	1
0003	5	Response	1					2019473	216170	1
0003	7	Response	1					2239467	219665	1
0003	10	Sound	train;1;1;2	train	1	1	2	2240219	0	1			0		other	0
0003	11	Response	3					2415046	92579	1
0003	12	Response	4					2550365	135232	1
0003	14	Response	1					2713961	163330	1
0003	16	Sound	guided_trial	guided_trial				2714515	0	1			0		other	0
0003	17	Response	5					2891777	94980	1
0003	19	Sound	guided_trial	guided_trial				2892314	0	1			0		other	0
0003	20	Response	1					3005048	30586	1
0003	23	Sound	train;1;1;10	train	1	1	10	3005614	0	1			0		other	0
0003	24	Response	2					3124550	53588	1
0003	25	Response	4					3156822	32194	1
0003	27	Response	1					3243892	86764	1
0003	29	Sound	guided_trial	guided_trial				3244412	0	1			0		other	0
0003	30	Response	5					3334637	24844	1
0003	32	Sound	guided_trial	guided_trial				3335212	0	1			0		other	0
0003	33	Response	5					3429376	28749	1
0003	35	Sound	guided_trial	guided_trial				3429911	0	1			0		other	0
0003	36	Response	5					3556547	61255	1
0003	38	Sound	guided_trial	guided_trial				3557010	0	1			0		other	0
0003	39	Response	1					3650488	28029	1
0003	42	Sound	train;1;1;17	train	1	1	17	3651110	0	1			0		other	0
0003	43	Response	3					3750178	29054	1
0003	44	Response	4					3767433	17142	1
0003	46	Response	1					3876870	109246	1
0003	48	Sound	guided_trial	guided_trial				3877408	0	1			0		other	0
0003	49	Response	5					3984391	36934	1
0003	51	Sound	guided_trial	guided_trial				3984907	0	1			0		other	0
0003	52	Response	1					4079609	24653	1
0003	55	Sound	train;1;1;22	train	1	1	22	4080307	0	1			0		other	0
0003	56	Response	2					4209017	37729	1
0003	57	Response	4					4225472	16350	1
0003	59	Response	1					4271964	46176	1
0003	61	Sound	guided_trial	guided_trial				4272506	0	1			0		other	0
0003	62	Response	5					4403607	39987	1
0003	64	Sound	guided_trial	guided_trial				4404205	0	1			0		other	0
0003	65	Response	1					4518476	23190	1
0003	68	Sound	train;1;1;2	train	1	1	2	4519104	0	1			0		other	0
0003	69	Response	3					4647724	46439	1
0003	70	Response	4					4662103	14151	1
0003	72	Response	1					4746297	83846	1
0003	74	Sound	guided_trial	guided_trial				4746803	0	1			0		other	0
0003	75	Response	5					4907017	78067	1
0003	77	Sound	guided_trial	guided_trial				4907502	0	1			0		other	0
0003	78	Response	1					5009105	19322	1
0003	81	Sound	train;1;1;17	train	1	1	17	5009801	0	1			0		other	0
0003	82	Response	2					5105442	25660	1
0003	83	Response	4					5118702	13087	1
0003	85	Response	1					5174778	55830	1
0003	87	Sound	guided_trial	guided_trial				5175300	0	1			0		other	0
0003	88	Response	1					5260730	15449	1
0003	91	Sound	train;1;1;2	train	1	1	2	5261299	0	1			0		other	0
0003	92	Response	2					5381670	38223	1
0003	93	Response	4					5400842	19061	1
0003	95	Response	1					5451326	50213	1
0003	97	Sound	guided_trial	guided_trial				5451798	0	1			0		other	0
0003	98	Response	1					5564438	30492	1
0003	100	Response	1					5729153	164374	1
0003	103	Sound	train;1;1;4	train	1	1	4	5729796	0	1			0		other	0
0003	104	Response	2					5829324	21713	1
0003	105	Response	4					5849294	19850	1
0003	107	Response	1					5900259	50648	1
0003	110	Sound	train;1;1;12	train	1	1	12	5900995	0	1			0		other	0
0003	111	Response	2					6034938	59328	1
0003	112	Response	4					6055388	20278	1
0003	114	Response	5					6098364	42754	1
0003	116	Sound	guided_trial	guided_trial				6098894	0	1			0		other	0
0003	117	Response	5					6192143	18701	1
0003	119	Sound	guided_trial	guided_trial				6192693	0	1			0		other	0
0003	120	Response	1					6291036	23761	1
0003	123	Sound	train;1;1;13	train	1	1	13	6291593	0	1			0		other	0
0003	124	Response	2					6384018	22910	1
0003	125	Response	4					6393124	9017	1
0003	127	Response	5					6429390	35949	1
0003	129	Sound	train;1;1;13	train	1	1	13	6429892	0	1			0		other	0
0003	130	Response	1					6526526	27086	1
0003	133	Sound	train;1;1;19	train	1	1	19	6527191	0	1			0		other	0
0003	134	Response	2					6618709	18436	1
0003	135	Response	4					6629572	10800	1
0003	137	Response	1					6712648	82876	1
0003	140	Sound	train;1;1;28	train	1	1	28	6713290	0	1			0		other	0
0003	141	Response	3					6827517	29079	1
0003	142	Response	4					6839979	12375	1
0003	144	Response	1					6879280	39009	1
0003	147	Sound	train;1;1;37	train	1	1	37	6879989	0	1			0		other	0
0003	148	Response	2					6981368	19098	1
0003	149	Response	4					7003257	21820	1
0003	151	Response	1					7070516	66912	1
0003	154	Sound	train;1;1;24	train	1	1	24	7071188	0	1			0		other	0
0003	155	Response	2					7191295	28526	1
0003	156	Response	4					7203756	12321	1
0003	158	Response	1					7249928	45825	1
0003	161	Sound	train;1;1;32	train	1	1	32	7250687	0	1			0		other	0
0003	162	Response	2					7353294	18026	1
0003	163	Response	4					7365437	12002	1
0003	165	Response	1					7404418	38650	1
0003	168	Sound	train;1;1;36	train	1	1	36	7405186	0	1			0		other	0
0003	169	Response	3					7501553	13453	1
0003	170	Response	4					7510660	9060	1
0003	172	Response	5					7652687	141754	1
0003	174	Sound	guided_trial	guided_trial				7653184	0	1			0		other	0
0003	175	Response	5					7788805	52707	1
0003	177	Sound	guided_trial	guided_trial				7789283	0	1			0		other	0
0003	178	Response	1					7889935	17670	1
0003	181	Sound	train;1;1;40	train	1	1	40	7890583	0	1			0		other	0
0003	182	Response	2					7972052	15788	1
0003	183	Response	4					7983394	11130	1
0003	185	Response	1					8012791	29194	1
0003	188	Sound	train;1;1;13	train	1	1	13	8013482	0	1			0		other	0
0003	189	Response	3					8102737	19640	1
0003	190	Response	4					8109128	6199	1
0003	192	Response	1					8132293	22863	1
0003	195	Sound	train;1;1;37	train	1	1	37	8132981	0	1			0		other	0
0003	196	Response	2					8231505	16243	1
0003	197	Response	4					8241570	9974	1
0003	199	Response	1					8267452	25690	1
0003	202	Sound	train;1;1;36	train	1	1	36	8268080	0	1			0		other	0
0003	203	Response	2					8363149	12221	1
0003	204	Response	4					8375450	12189	1
0003	206	Response	1					8418268	42506	1
0003	209	Sound	train;1;1;40	train	1	1	40	8418979	0	1			0		other	0
0003	210	Response	3					8503261	18500	1
0003	211	Response	4					8515083	11656	1
0003	213	Response	1					8646407	130980	1
0003	216	Sound	train;1;1;37	train	1	1	37	8647078	0	1			0		other	0
0003	217	Response	3					8743703	14444	1
0003	218	Response	4					8753129	9370	1
0003	220	Response	1					8775335	21910	1
0003	222	Response	1					8925672	150080	1
0003	225	Sound	test;1;1;32	test	1	1	32	8926276	0	1			0		other	0
0003	226	Response	2					9040061	42804	1
0003	227	Response	4					9086393	46136	1
0003	230	Sound	test;1;2;14	test	1	2	14	9086975	0	1			0		other	0
0003	231	Response	2					9212924	44501	1
0003	232	Response	4					9229220	16130	1
0003	235	Sound	test;1;3;40	test	1	3	40	9229874	0	1			0		other	0
0003	236	Response	2					9332905	10316	1
0003	237	Response	4					9348562	15473	1
0003	240	Sound	test;1;4;22	test	1	4	22	9349173	0	1			0		other	0
0003	241	Response	3					9432277	18189	1
0003	242	Response	4					9444260	11839	1
0003	245	Sound	test;1;5;12	test	1	5	12	9444973	0	1			0		other	0
0003	246	Response	2					9545229	15808	1
0003	247	Response	4					9553696	8276	1
0003	250	Sound	test;1;6;11	test	1	6	11	9554272	0	1			0		other	0
0003	251	Response	2					9647157	11404	1
0003	252	Response	4					9655305	8052	1
0003	255	Sound	test;1;7;5	test	1	7	5	9655971	0	1			0		other	0
0003	256	Response	3					9757873	9120	1
0003	257	Response	4					9765221	7136	1
0003	260	Sound	test;1;8;2	test	1	8	2	9765871	0	1			0		other	0
0003	261	Response	2					9868427	11508	1
0003	262	Response	4					9879929	11344	1
0003	265	Sound	test;1;9;6	test	1	9	6	9880670	0	1			0		other	0
0003	266	Response	3					9976267	10349	1
0003	267	Response	4					9983615	7197	1
0003	270	Sound	test;1;10;39	test	1	10	39	9984269	0	1			0		other	0
0003	271	Response	3					10090976	15059	1
0003	272	Response	4					10097207	6123	1
0003	275	Sound	test;1;11;15	test	1	11	15	10097768	0	1			0		other	0
0003	276	Response	2					10189869	8119	1
0003	277	Response	4					10197377	7461	1
0003	280	Sound	test;1;12;4	test	1	12	4	10198068	0	1			0		other	0
0003	281	Response	3					10322472	32722	1
0003	282	Response	4					10327903	5320	1
0003	285	Sound	test;1;13;7	test	1	13	7	10328667	0	1			0		other	0
0003	286	Response	2					10433346	13598	1
0003	287	Response	4					10440216	6801	1
0003	290	Sound	test;1;14;17	test	1	14	17	10440866	0	1			0		other	0
0003	291	Response	3					10536553	13472	1
0003	292	Response	4					10544540	7792	1
0003	295	Sound	test;1;15;9	test	1	15	9	10545166	0	1			0		other	0
0003	296	Response	3					10639918	9672	1
0003	297	Response	4					10645351	5271	1
0003	300	Sound	test;1;16;48	test	1	16	48	10645965	0	1			0		other	0
0003	301	Response	2					10733859	6446	1
0003	302	Response	4					10739450	5537	1
0003	305	Sound	test;1;17;16	test	1	17	16	10740164	0	1			0		other	0
0003	306	Response	2					10826838	3759	1
0003	307	Response	4					10832750	5837	1
0003	310	Response	1					12833129	2000050	1
0003	314	Sound	test;1;18;18	test	1	18	18	12833851	0	1			0		other	0
0003	315	Response	2					12943205	29806	1
0003	316	Response	4					12955986	12587	1
0003	319	Sound	test;1;19;10	test	1	19	10	12956650	0	1			0		other	0
0003	320	Response	2					13093382	51817	1
0003	321	Response	4					13102648	9083	1
0003	324	Sound	test;1;20;45	test	1	20	45	13103249	0	1			0		other	0
0003	325	Response	2					13216398	28334	1
0003	326	Response	4					13225346	8782	1
0003	329	Sound	test;1;21;24	test	1	21	24	13225949	0	1			0		other	0
0003	330	Response	2					13309540	7644	1
0003	331	Response	4					13319126	9396	1
0003	334	Sound	test;1;22;29	test	1	22	29	13319748	0	1			0		other	0
0003	335	Response	3					13396291	6728	1
0003	336	Response	4					13403001	6605	1
0003	339	Sound	test;1;23;37	test	1	23	37	13403647	0	1			0		other	0
0003	340	Response	2					13531609	36880	1
0003	341	Response	4					13546786	15057	1
0003	344	Sound	test;1;24;30	test	1	24	30	13547447	0	1			0		other	0
0003	345	Response	2					13631939	15711	1
0003	346	Response	4					13644560	12499	1
0003	349	Sound	test;1;25;33	test	1	25	33	13645246	0	1			0		other	0
0003	350	Response	3					13724441	6047	1
0003	351	Response	4					13730832	6272	1
0003	354	Sound	test;1;26;20	test	1	26	20	13731445	0	1			0		other	0
0003	355	Response	2					13800488	3261	1
0003	356	Response	4					13806240	5680	1
0003	359	Sound	test;1;27;42	test	1	27	42	13806945	0	1			0		other	0
0003	360	Response	3					13911364	13471	1
0003	361	Response	4					13917754	6194	1
0003	364	Sound	test;1;28;28	test	1	28	28	13918444	0	1			0		other	0
0003	365	Response	3					13995239	7180	1
0003	366	Response	4					14001629	6237	1
0003	369	Sound	test;1;29;47	test	1	29	47	14002344	0	1			0		other	0
0003	370	Response	3					14104038	17146	1
0003	371	Response	4					14111546	7322	1
0003	374	Sound	test;1;30;26	test	1	30	26	14112243	0	1			0		other	0
0003	375	Response	3					14186475	8084	1
0003	376	Response	4					14191427	4870	1
0003	379	Sound	test;1;31;1	test	1	31	1	14192142	0	1			0		other	0
0003	380	Response	2					14292396	4506	1
0003	381	Response	4					14298786	6229	1
0003	384	Sound	test;1;32;49	test	1	32	49	14299442	0	1			0		other	0
0003	385	Response	2					14409182	28292	1
0003	386	Response	4					14415093	5704	1
0003	389	Sound	test;1;33;38	test	1	33	38	14415841	0	1			0		other	0
0003	390	Response	2					14511430	9707	1
0003	391	Response	4					14520536	8981	1
0003	394	Sound	test;1;34;46	test	1	34	46	14521240	0	1			0		other	0
0003	395	Response	3					14608087	5365	1
0003	396	Response	4					14613358	5136	1
0003	399	Response	1					16424422	1810867	1
0003	403	Sound	test;1;35;36	test	1	35	36	16425128	0	1			0		other	0
0003	404	Response	3					16565331	44455	1
0003	405	Response	4					16592331	26788	1
0003	408	Sound	test;1;36;19	test	1	36	19	16592927	0	1			0		other	0
0003	409	Response	2					16699051	28343	1
0003	410	Response	4					16712631	13423	1
0003	413	Sound	test;1;37;3	test	1	37	3	16713326	0	1			0		other	0
0003	414	Response	3					16812323	13115	1
0003	415	Response	4					16817914	5540	1
0003	418	Sound	test;1;38;44	test	1	38	44	16818626	0	1			0		other	0
0003	419	Response	3					16914730	11023	1
0003	420	Response	4					16922558	7685	1
0003	423	Sound	test;1;39;50	test	1	39	50	16923225	0	1			0		other	0
0003	424	Response	3					17029599	22393	1
0003	425	Response	4					17035510	5804	1
0003	428	Sound	test;1;40;8	test	1	40	8	17036124	0	1			0		other	0
0003	429	Response	2					17127213	6008	1
0003	430	Response	4					17138077	10704	1
0003	433	Sound	test;1;41;43	test	1	41	43	17138724	0	1			0		other	0
0003	434	Response	2					17231059	7187	1
0003	435	Response	4					17238247	7042	1
0003	438	Sound	test;1;42;13	test	1	42	13	17238923	0	1			0		other	0
0003	439	Response	2					17324041	3670	1
0003	440	Response	4					17328992	4787	1
0003	443	Sound	test;1;43;25	test	1	43	25	17329622	0	1			0		other	0
0003	444	Response	3					17402963	7926	1
0003	445	Response	4					17407595	4558	1
0003	448	Sound	test;1;44;27	test	1	44	27	17408222	0	1			0		other	0
0003	449	Response	3					17503133	20763	1
0003	450	Response	2					17535086	31883	1
0003	451	Response	4					17545151	9948	1
0003	454	Sound	test;1;45;34	test	1	45	34	17545721	0	1			0		other	0
0003	455	Response	2					17625031	6162	1
0003	456	Response	4					17630304	5101	1
0003	459	Sound	test;1;46;23	test	1	46	23	17630920	0	1			0		other	0
0003	460	Response	3					17712421	6886	1
0003	461	Response	4					17716256	3721	1
0003	464	Sound	test;1;47;35	test	1	47	35	17716920	0	1			0		other	0
0003	465	Response	2					17797574	5706	1
0003	466	Response	4					17805402	7701	1
0003	469	Sound	test;1;48;21	test	1	48	21	17806019	0	1			0		other	0
0003	470	Response	3					17944554	75187	1
0003	471	Response	4					17949188	4487	1
0003	474	Sound	test;1;49;31	test	1	49	31	17949918	0	1			0		other	0
0003	475	Response	2					18025554	4687	1
0003	476	Response	4					18030027	4328	1
0003	479	Sound	test;1;50;41	test	1	50	41	18030718	0	1			0		other	0
0003	480	Response	3					18122211	6345	1
0003	481	Response	4					18127003	4637	1
0003	483	Response	1					18401954	274588	1
0003	485	Response	1					18403073	875	1
0003	488	Sound	object;3;1;1	object	3	1	1	18403716	0	1			0		other	0
0003	489	Response	1					18583284	96754	1
0003	492	Sound	object;3;2;2	object	3	2	2	18583914	0	1			0		other	0
0003	493	Response	1					18732982	66786	1
0003	495	Response	1					18910637	177442	1
0003	498	Sound	object;3;1;30	object	3	1	30	18911312	0	1			0		other	0
0003	499	Response	2					19003618	23424	1
0003	500	Response	4					19052825	49131	1
0003	503	Sound	object;3;2;24	object	3	2	24	19053411	0	1			0		other	0
0003	504	Response	3					19165937	36577	1
0003	505	Response	4					19181274	15248	1
0003	508	Sound	object;3;3;6	object	3	3	6	19181911	0	1			0		other	0
0003	509	Response	2					19285598	18406	1
0003	510	Response	4					19296302	10610	1
0003	513	Sound	object;3;4;10	object	3	4	10	19297010	0	1			0		other	0
0003	514	Response	3					19387525	5667	1
0003	515	Response	4					19399827	12136	1
0003	518	Sound	object;3;5;15	object	3	5	15	19400509	0	1			0		other	0
0003	519	Response	2					19506708	22184	1
0003	520	Response	4					19516773	9916	1
0003	523	Sound	object;3;6;16	object	3	6	16	19517408	0	1			0		other	0
0003	524	Response	2					19606240	5883	1
0003	525	Response	4					19611192	4836	1
0003	528	Sound	object;3;7;26	object	3	7	26	19611908	0	1			0		other	0
0003	529	Response	3					19694908	16886	1
0003	530	Response	4					19706251	11228	1
0003	533	Sound	object;3;8;45	object	3	8	45	19706907	0	1			0		other	0
0003	534	Response	3					19797156	5301	1
0003	535	Response	4					19804823	7468	1
0003	538	Sound	object;3;9;32	object	3	9	32	19805407	0	1			0		other	0
0003	539	Response	3					19886620	10266	1
0003	540	Response	4					19892212	5524	1
0003	543	Sound	object;3;10;22	object	3	10	22	19892906	0	1			0		other	0
0003	544	Response	2					19965543	7689	1
0003	545	Response	4					19970335	4648	1
0003	548	Sound	object;3;11;20	object	3	11	20	19971006	0	1			0		other	0
0003	549	Response	2					20047501	10814	1
0003	550	Response	4					20058365	10678	1
0003	553	Sound	object;3;12;27	object	3	12	27	20059005	0	1			0		other	0
0003	554	Response	2					20148470	15284	1
0003	555	Response	4					20157896	9377	1
0003	558	Sound	object;3;13;13	object	3	13	13	20158604	0	1			0		other	0
0003	559	Response	3					20245606	5420	1
0003	560	Response	4					20250078	4393	1
0003	563	Sound	object;3;14;39	object	3	14	39	20250804	0	1			0		other	0
0003	564	Response	3					20348651	6300	1
0003	565	Response	4					20353125	4273	1
0003	568	Sound	object;3;15;17	object	3	15	17	20353803	0	1			0		other	0
0003	569	Response	3					20441633	5615	1
0003	570	Response	4					20446426	4742	1
0003	573	Sound	object;3;16;50	object	3	16	50	20447102	0	1			0		other	0
0003	574	Response	3					20537970	6786	1
0003	575	Response	2					20555542	17525	1
0003	576	Response	4					20560016	4333	1
0003	579	Sound	object;3;17;40	object	3	17	40	20560702	0	1			0		other	0
0003	580	Response	2					20674245	20729	1
0003	581	Response	4					20680317	5967	1
0003	584	Response	1					22528441	1847925	1
0003	588	Sound	object;3;18;46	object	3	18	46	22529089	0	1			0		other	0
0003	589	Response	3					22658328	47657	1
0003	590	Response	4					22694594	36091	1
0003	593	Sound	object;3;19;42	object	3	19	42	22695188	0	1			0		other	0
0003	594	Response	3					22810101	23931	1
0003	595	Response	4					22817451	7281	1
0003	598	Sound	object;3;20;18	object	3	20	18	22818087	0	1			0		other	0
0003	599	Response	2					22901165	3496	1
0003	600	Response	4					22911230	9895	1
0003	603	Sound	object;3;21;2	object	3	21	2	22911887	0	1			0		other	0
0003	604	Response	2					23016992	14157	1
0003	605	Response	4					23024820	7652	1
0003	608	Sound	object;3;22;47	object	3	22	47	23025586	0	1			0		other	0
0003	609	Response	3					23114927	4759	1
0003	610	Response	4					23119719	4718	1
0003	613	Sound	object;3;23;14	object	3	23	14	23120385	0	1			0		other	0
0003	614	Response	3					23241297	39463	1
0003	615	Response	4					23248487	6987	1
0003	618	Sound	object;3;24;33	object	3	24	33	23249185	0	1			0		other	0
0003	619	Response	3					23337474	15141	1
0003	620	Response	4					23342746	5080	1
0003	623	Sound	object;3;25;21	object	3	25	21	23343384	0	1			0		other	0
0003	624	Response	2					23412722	5890	1
0003	625	Response	4					23419912	7080	1
0003	628	Sound	object;3;26;12	object	3	26	12	23420584	0	1			0		other	0
0003	629	Response	3					23520401	15236	1
0003	630	Response	4					23526791	6293	1
0003	633	Sound	object;3;27;49	object	3	27	49	23527483	0	1			0		other	0
0003	634	Response	2					23627282	18284	1
0003	635	Response	4					23633353	6022	1
0003	638	Sound	object;3;28;38	object	3	28	38	23634082	0	1			0		other	0
0003	639	Response	2					23745186	25189	1
0003	640	Response	4					23752855	7525	1
0003	643	Sound	object;3;29;8	object	3	29	8	23753581	0	1			0		other	0
0003	644	Response	2					23842162	3499	1
0003	645	Response	4					23846795	4466	1
0003	648	Sound	object;3;30;25	object	3	30	25	23847381	0	1			0		other	0
0003	649	Response	3					23919966	7137	1
0003	650	Response	4					23924919	4756	1
0003	653	Sound	object;3;31;44	object	3	31	44	23925580	0	1			0		other	0
0003	654	Response	3					24023491	12829	1
0003	655	Response	4					24028124	4463	1
0003	658	Sound	object;3;32;9	object	3	32	9	24028780	0	1			0		other	0
0003	659	Response	2					24121265	7437	1
0003	660	Response	4					24128295	6967	1
0003	663	Sound	object;3;33;29	object	3	33	29	24128979	0	1			0		other	0
0003	664	Response	2					24206258	7431	1
0003	665	Response	4					24215364	9037	1
0003	668	Sound	object;3;34;37	object	3	34	37	24216078	0	1			0		other	0
0003	669	Response	3					24310901	3741	1
0003	670	Response	4					24314416	3423	1
0003	673	Response	1					24941322	626662	1
0003	677	Sound	object;3;35;35	object	3	35	35	24941974	0	1			0		other	0
0003	678	Response	3					25027433	10444	1
0003	679	Response	4					25031747	4258	1
0003	682	Sound	object;3;36;7	object	3	36	7	25032373	0	1			0		other	0
0003	683	Response	2					25142621	19300	1
0003	684	Response	4					25149811	6990	1
0003	687	Sound	object;3;37;28	object	3	37	28	25150473	0	1			0		other	0
0003	688	Response	3					25238319	18332	1
0003	689	Response	4					25244550	6063	1
0003	692	Sound	object;3;38;34	object	3	38	34	25245172	0	1			0		other	0
0003	693	Response	3					25335133	16813	1
0003	694	Response	4					25342163	6844	1
0003	697	Sound	object;3;39;31	object	3	39	31	25342871	0	1			0		other	0
0003	698	Response	3					25431790	17971	1
0003	699	Response	4					25437061	5075	1
0003	702	Sound	object;3;40;23	object	3	40	23	25437671	0	1			0		other	0
0003	703	Response	2					25515825	3673	1
0003	704	Response	4					25519979	3993	1
0003	707	Sound	object;3;41;5	object	3	41	5	25520670	0	1			0		other	0
0003	708	Response	2					25623664	10179	1
0003	709	Response	4					25641558	17739	1
0003	712	Sound	object;3;42;19	object	3	42	19	25642269	0	1			0		other	0
0003	713	Response	2					25731023	11039	1
0003	714	Response	4					25740930	9779	1
0003	717	Sound	object;3;43;1	object	3	43	1	25741769	0	1			0		other	0
0003	718	Response	2					25844614	7131	1
0003	719	Response	4					25852763	7946	1
0003	722	Sound	object;3;44;43	object	3	44	43	25853368	0	1			0		other	0
0003	723	Response	3					25945903	7421	1
0003	724	Response	4					25951496	5513	1
0003	727	Sound	object;3;45;41	object	3	45	41	25952167	0	1			0		other	0
0003	728	Response	3					26088890	51574	1
0003	729	Response	4					26101192	12210	1
0003	732	Sound	object;3;46;3	object	3	46	3	26101866	0	1			0		other	0
0003	733	Response	2					26196569	8755	1
0003	734	Response	4					26201203	4555	1
0003	737	Sound	object;3;47;36	object	3	47	36	26201866	0	1			0		other	0
0003	738	Response	3					26333645	36164	1
0003	739	Response	4					26343711	9897	1
0003	742	Sound	object;3;48;4	object	3	48	4	26344365	0	1			0		other	0
0003	743	Response	2					26441484	5504	1
0003	744	Response	4					26445797	4151	1
0003	747	Sound	object;3;49;48	object	3	49	48	26446464	0	1			0		other	0
0003	748	Response	3					26535585	7606	1
0003	749	Response	4					26540856	5210	1
0003	752	Sound	object;3;50;11	object	3	50	11	26541564	0	1			0		other	0
0003	753	Response	3					26629044	5899	1
0003	754	Response	4					26633996	4851	1
0003	756	Response	1					27059922	425611	1
0003	758	Response	1					27216808	156666	1
0003	761	Sound	feature;2;1;1	feature	2	1	1	27217459	0	1			0		other	0
0003	762	Response	1					27313943	13636	1
0003	765	Sound	feature;2;2;2	feature	2	2	2	27314559	0	1			0		other	0
0003	766	Response	1					27496390	99583	1
0003	768	Response	1					27781564	284924	1
0003	771	Sound	feature;2;1;16	feature	2	1	16	27782256	0	1			0		other	0
0003	772	Response	2					27874705	9568	1
0003	773	Response	4					27883812	9009	1
0003	776	Sound	feature;2;2;31	feature	2	2	31	27884455	0	1			0		other	0
0003	777	Response	3					27958260	2790	1
0003	778	Response	4					27965450	7147	1
0003	781	Sound	feature;2;3;34	feature	2	3	34	27966155	0	1			0		other	0
0003	782	Response	2					28058112	18809	1
0003	783	Response	4					28064502	6200	1
0003	786	Sound	feature;2;4;10	feature	2	4	10	28065154	0	1			0		other	0
0003	787	Response	3					28157004	7036	1
0003	788	Response	4					28160359	3224	1
0003	791	Sound	feature;2;5;11	feature	2	5	11	28161053	0	1			0		other	0
0003	792	Response	3					28247270	4635	1
0003	793	Response	4					28256536	9068	1
0003	796	Sound	feature;2;6;46	feature	2	6	46	28257253	0	1			0		other	0
0003	797	Response	3					28345523	6722	1
0003	798	Response	4					28352392	6758	1
0003	801	Sound	feature;2;7;33	feature	2	7	33	28353052	0	1			0		other	0
0003	802	Response	2					28428917	2784	1
0003	803	Response	4					28433071	4104	1
0003	806	Sound	feature;2;8;23	feature	2	8	23	28433752	0	1			0		other	0
0003	807	Response	2					28512952	4652	1
0003	808	Response	4					28517586	4453	1
0003	811	Sound	feature;2;9;7	feature	2	9	7	28518151	0	1			0		other	0
0003	812	Response	3					28618554	9421	1
0003	813	Response	4					28623826	5194	1
0003	816	Sound	feature;2;10;47	feature	2	10	47	28624550	0	1			0		other	0
0003	817	Response	3					28713932	4800	1
0003	818	Response	4					28720802	6670	1
0003	821	Sound	feature;2;11;45	feature	2	11	45	28721550	0	1			0		other	0
0003	822	Response	3					28811385	4921	1
0003	823	Response	4					28816816	5352	1
0003	826	Sound	feature;2;12;49	feature	2	12	49	28817449	0	1			0		other	0
0003	827	Response	3					28916029	17065	1
0003	828	Response	4					28928169	12039	1
0003	831	Sound	feature;2;13;50	feature	2	13	50	28928848	0	1			0		other	0
0003	832	Response	2					29028181	15218	1
0003	833	Response	4					29036008	7712	1
0003	836	Sound	feature;2;14;39	feature	2	14	39	29036648	0	1			0		other	0
0003	837	Response	2					29132343	4047	1
0003	838	Response	4					29136817	4354	1
0003	841	Sound	feature;2;15;29	feature	2	15	29	29137447	0	1			0		other	0
0003	842	Response	2					29212704	5409	1
0003	843	Response	4					29217017	4222	1
0003	846	Sound	feature;2;16;12	feature	2	16	12	29217647	0	1			0		other	0
0003	847	Response	3					29313035	10907	1
0003	848	Response	4					29317827	4699	1
0003	851	Sound	feature;2;17;6	feature	2	17	6	29318546	0	1			0		other	0
0003	852	Response	3					29416240	12446	1
0003	853	Response	4					29440364	24070	1
0003	856	Response	1					30081645	641018	1
0003	860	Sound	feature;2;18;38	feature	2	18	38	30082341	0	1			0		other	0
0003	861	Response	2					30171591	3302	1
0003	862	Response	4					30180698	8909	1
0003	865	Sound	feature;2;19;13	feature	2	19	13	30181340	0	1			0		other	0
0003	866	Response	3					30272400	9611	1
0003	867	Response	4					30277512	5057	1
0003	870	Sound	feature;2;20;22	feature	2	20	22	30278140	0	1			0		other	0
0003	871	Response	2					30347966	4845	1
0003	872	Response	4					30352919	4798	1
0003	875	Sound	feature;2;21;15	feature	2	21	15	30353539	0	1			0		other	0
0003	876	Response	3					30446380	8759	1
0003	877	Response	4					30450373	3919	1
0003	880	Sound	feature;2;22;4	feature	2	22	4	30451039	0	1			0		other	0
0003	881	Response	3					30547347	4727	1
0003	882	Response	4					30551501	4048	1
0003	885	Sound	feature;2;23;32	feature	2	23	32	30552138	0	1			0		other	0
0003	886	Response	2					30625151	2031	1
0003	887	Response	4					30629943	4657	1
0003	890	Sound	feature;2;24;2	feature	2	24	2	30630638	0	1			0		other	0
0003	891	Response	2					30724043	2424	1
0003	892	Response	4					30730434	6315	1
0003	895	Sound	feature;2;25;27	feature	2	25	27	30731137	0	1			0		other	0
0003	896	Response	3					30812550	7265	1
0003	897	Response	4					30820857	8239	1
0003	900	Sound	feature;2;26;28	feature	2	26	28	30821536	0	1			0		other	0
0003	901	Response	2					30896904	5786	1
0003	902	Response	4					30906170	9219	1
0003	905	Sound	feature;2;27;8	feature	2	27	8	30906836	0	1			0		other	0
0003	906	Response	3					31001227	9277	1
0003	907	Response	4					31005221	3937	1
0003	910	Sound	feature;2;28;30	feature	2	28	30	31005835	0	1			0		other	0
0003	911	Response	2					31077433	2817	1
0003	912	Response	4					31082065	4449	1
0003	915	Sound	feature;2;29;42	feature	2	29	42	31082735	0	1			0		other	0
0003	916	Response	2					31179998	6216	1
0003	917	Response	4					31184473	4357	1
0003	920	Sound	feature;2;30;5	feature	2	30	5	31185134	0	1			0		other	0
0003	921	Response	3					31282406	4457	1
0003	922	Response	4					31286399	3784	1
0003	925	Sound	feature;2;31;25	feature	2	31	25	31286933	0	1			0		other	0
0003	926	Response	3					31379221	26940	1
0003	927	Response	4					31384173	4892	1
0003	930	Sound	feature;2;32;35	feature	2	32	35	31384833	0	1			0		other	0
0003	931	Response	2					31462935	3155	1
0003	932	Response	4					31467089	3975	1
0003	935	Sound	feature;2;33;18	feature	2	33	18	31467732	0	1			0		other	0
0003	936	Response	2					31550005	2725	1
0003	937	Response	4					31557354	7240	1
0003	940	Sound	feature;2;34;14	feature	2	34	14	31558032	0	1			0		other	0
0003	941	Response	3					31648098	8485	1
0003	942	Response	4					31652412	4132	1
0003	945	Response	1					32352805	700192	1
0003	949	Sound	feature;2;35;37	feature	2	35	37	32353527	0	1			0		other	0
0003	950	Response	2					32447224	2616	1
0003	951	Response	4					32456968	9694	1
0003	954	Sound	feature;2;36;44	feature	2	36	44	32457726	0	1			0		other	0
0003	955	Response	3					32558257	15483	1
0003	956	Response	4					32563849	5408	1
0003	959	Sound	feature;2;37;24	feature	2	37	24	32564525	0	1			0		other	0
0003	960	Response	2					32642931	2491	1
0003	961	Response	4					32648043	4936	1
0003	964	Sound	feature;2;38;43	feature	2	38	43	32648725	0	1			0		other	0
0003	965	Response	3					32737189	3416	1
0003	966	Response	4					32741024	3751	1
0003	969	Sound	feature;2;39;9	feature	2	39	9	32741624	0	1			0		other	0
0003	970	Response	3					32829850	3078	1
0003	971	Response	4					32834963	5024	1
0003	974	Sound	feature;2;40;41	feature	2	40	41	32835624	0	1			0		other	0
0003	975	Response	3					32933855	13084	1
0003	976	Response	4					32940085	6147	1
0003	979	Sound	feature;2;41;40	feature	2	41	40	32940823	0	1			0		other	0
0003	980	Response	2					33036102	2497	1
0003	981	Response	4					33040576	4305	1
0003	984	Sound	feature;2;42;17	feature	2	42	17	33041222	0	1			0		other	0
0003	985	Response	3					33132597	9160	1
0003	986	Response	4					33146976	14206	1
0003	989	Sound	feature;2;43;20	feature	2	43	20	33147622	0	1			0		other	0
0003	990	Response	2					33216152	2883	1
0003	991	Response	4					33221104	4835	1
0003	994	Sound	feature;2;44;26	feature	2	44	26	33221821	0	1			0		other	0
0003	995	Response	2					33291240	3304	1
0003	996	Response	4					33295554	4118	1
0003	999	Sound	feature;2;45;19	feature	2	45	19	33296121	0	1			0		other	0
0003	1000	Response	3					33379588	5653	1
0003	1001	Response	4					33383902	4133	1
0003	1004	Sound	feature;2;46;1	feature	2	46	1	33384520	0	1			0		other	0
0003	1005	Response	3					33484391	4123	1
0003	1006	Response	4					33490142	5541	1
0003	1009	Sound	feature;2;47;36	feature	2	47	36	33490819	0	1			0		other	0
0003	1010	Response	2					33589514	3080	1
0003	1011	Response	4					33594627	5026	1
0003	1014	Sound	feature;2;48;21	feature	2	48	21	33595319	0	1			0		other	0
0003	1015	Response	2					33665400	6633	1
0003	1016	Response	4					33669235	3635	1
0003	1019	Sound	feature;2;49;48	feature	2	49	48	33669918	0	1			0		other	0
0003	1020	Response	2					33762376	10943	1
0003	1021	Response	3					33783784	21352	1
0003	1022	Response	4					33787619	3686	1
0003	1025	Sound	feature;2;50;3	feature	2	50	3	33788317	0	1			0		other	0
0003	1026	Response	3					33879800	5535	1
0003	1027	Response	4					33888428	8496	1
0003	1029	Quit						39506642	5617876	NA

The following output port codes were not sent because of a conflict on the port.
Port	Code	Time(ms)
1	64	1.05446e+006
1	64	1.28333e+006
1	64	1.64246e+006
1	64	1.90529e+006
1	64	2.25286e+006
1	64	2.38468e+006
1	64	2.49415e+006
1	64	2.85176e+006
1	64	3.00818e+006
1	64	3.2353e+006
1	64	3.32956e+006
1	64	3.33839e+006
