Scenario - 
Logfile written - 03/01/2016 14:00:44

Subject	Trial	Event Type	Code	block_type(str)	block_idx(num)	trial_order(num)	trial_file(num)	Time	TTime	Uncertainty	Duration	Uncertainty	ReqTime	ReqDur	Stim Type	Pair Index

112	1	Response	s					155966	155134	1
112	3	Response	s					345802	189474	2
112	5	Response	s					427402	81412	1
112	7	Sound	train;1;1;2	train	1	1	2	428482	0	1			0		other	0
112	8	Response	y					523481	12828	1
112	9	Response	e					560920	37267	1
112	11	Response	s					622039	60887	1
112	14	Response	s					720117	15148	1
112	16	Sound	train;1;1;10	train	1	1	10	721061	0	1			0		other	0
112	17	Response	y					795716	9236	1
112	18	Response	e					804436	8623	1
112	20	Response	s					815236	10590	1
112	23	Response	s					888035	6558	1
112	25	Sound	train;1;1;17	train	1	1	17	889036	0	1			0		other	0
112	26	Response	y					962034	3059	1
112	27	Response	e					964114	1972	1
112	29	Response	s					967954	3645	1
112	32	Response	s					1043473	4666	1
112	34	Sound	train;1;1;22	train	1	1	22	1044521	0	1			0		other	0
112	35	Response	n					1139391	3920	1
112	36	Response	e					1144031	4560	1
112	38	Response	s					1164511	20207	1
112	41	Response	r					1295069	38768	1
112	44	Response	s					1399388	12590	1
112	46	Sound	train;1;1;22	train	1	1	22	1400188	0	1			0		other	0
112	47	Response	y					1497386	6257	1
112	48	Response	e					1500746	3284	1
112	50	Response	s					1510026	9064	1
112	53	Response	r					1604025	2233	1
112	56	Response	s					1706424	10634	1
112	58	Response	s					1746583	39960	1
112	60	Sound	train;1;1;4	train	1	1	4	1747551	0	1			0		other	0
112	61	Response	y					1827702	2415	1
112	62	Response	e					1829222	1435	1
112	64	Response	s					1832262	2809	1
112	66	Sound	train;1;1;12	train	1	1	12	1833148	0	1			0		other	0
112	67	Response	n					1941300	33682	1
112	68	Response	e					1960659	19208	1
112	70	Response	r					1992979	32029	1
112	73	Response	s					2074018	5737	1
112	75	Sound	train;1;1;13	train	1	1	13	2075023	0	1			0		other	0
112	76	Response	n					2160977	16365	1
112	77	Response	e					2167856	6744	1
112	79	Response	s					2194416	26304	1
112	81	Sound	train;1;1;19	train	1	1	19	2195302	0	1			0		other	0
112	82	Response	y					2271536	3094	1
112	83	Response	e					2279375	7766	1
112	85	Response	s					2292015	12406	1
112	87	Sound	train;1;1;28	train	1	1	28	2293004	0	1			0		other	0
112	88	Response	y					2383454	5348	1
112	89	Response	e					2387373	3767	1
112	91	Response	r					2406573	18967	1
112	93	Sound	train;1;1;28	train	1	1	28	2407283	0	1			0		other	0
112	94	Response	s					2518892	26455	1
112	96	Sound	train;1;1;37	train	1	1	37	2519772	0	1			0		other	0
112	97	Response	n					2609210	7276	1
112	98	Response	e					2614810	5543	1
112	100	Response	s					2622410	7310	1
112	102	Sound	train;1;1;24	train	1	1	24	2623270	0	1			0		other	0
112	103	Response	n					2724409	9478	1
112	104	Response	e					2727608	3177	1
112	106	Response	r					2741768	13837	1
112	109	Response	s					2887286	53191	1
112	111	Sound	train;1;1;32	train	1	1	32	2888331	0	1			0		other	0
112	112	Response	y					2983445	10698	1
112	113	Response	e					2989765	6174	1
112	115	Response	r					3032884	42793	1
112	118	Response	s					3143763	25675	1
112	120	Sound	train;1;1;36	train	1	1	36	3144819	0	1			0		other	0
112	121	Response	n					3240002	12251	1
112	122	Response	e					3245761	5677	1
112	124	Response	r					3297521	51437	1
112	127	Response	s					3407039	25792	1
112	129	Sound	train;1;1;40	train	1	1	40	3407881	0	1			0		other	0
112	130	Response	n					3486078	12499	1
112	131	Response	e					3488957	2712	1
112	133	Response	s					3497118	7873	1
112	135	Sound	train;1;1;12	train	1	1	12	3498073	0	1			0		other	0
112	136	Response	y					3575197	2621	1
112	137	Response	e					3581836	6593	1
112	139	Response	s					3608556	26480	1
112	141	Sound	train;1;1;28	train	1	1	28	3609464	0	1			0		other	0
112	142	Response	y					3697515	2942	1
112	143	Response	e					3699755	2182	1
112	145	Response	r					3720794	20721	1
112	147	Sound	train;1;1;28	train	1	1	28	3721549	0	1			0		other	0
112	148	Response	s					3820872	14302	2
112	150	Sound	train;1;1;24	train	1	1	24	3821748	0	1			0		other	0
112	151	Response	y					3917512	4111	1
112	152	Response	e					3923751	6184	1
112	154	Response	s					3968471	44404	1
112	156	Sound	train;1;1;36	train	1	1	36	3969422	0	1			0		other	0
112	157	Response	y					4055750	3520	1
112	158	Response	e					4059109	3212	1
112	160	Response	s					4087269	27872	1
112	162	Sound	train;1;1;28	train	1	1	28	4088308	0	1			0		other	0
112	163	Response	n					4180947	7553	2
112	164	Response	e					4186867	5807	2
112	166	Response	s					4198627	11567	1
112	168	Response	s					4258227	59334	1
112	170	Sound	test;1;1;49	test	1	1	49	4259298	0	1			0		other	0
112	171	Response	n					4349346	8623	1
112	172	Response	e					4358625	9235	1
112	174	Sound	test;1;2;13	test	1	2	13	4359591	0	1			0		other	0
112	175	Response	y					4478784	37730	1
112	176	Response	e					4481583	2697	1
112	178	Sound	test;1;3;8	test	1	3	8	4482680	0	1			0		other	0
112	179	Response	y					4571502	3785	1
112	180	Response	e					4574222	2671	1
112	182	Sound	test;1;4;44	test	1	4	44	4575268	0	1			0		other	0
112	183	Response	y					4671101	10719	1
112	184	Response	e					4674541	3326	1
112	186	Sound	test;1;5;19	test	1	5	19	4675566	0	1			0		other	0
112	187	Response	y					4756300	2921	1
112	188	Response	e					4759340	2961	1
112	190	Sound	test;1;6;42	test	1	6	42	4760254	0	1			0		other	0
112	191	Response	y					4857498	6288	1
112	192	Response	e					4859578	2035	1
112	194	Sound	test;1;7;50	test	1	7	50	4860643	0	1			0		other	0
112	195	Response	n					4956777	12069	1
112	196	Response	e					4959497	2623	1
112	198	Sound	test;1;8;37	test	1	8	37	4960432	0	1			0		other	0
112	199	Response	y					5058535	7163	1
112	200	Response	e					5061895	3190	1
112	202	Sound	test;1;9;24	test	1	9	24	5062922	0	1			0		other	0
112	203	Response	y					5141894	3025	1
112	204	Response	e					5146614	4578	1
112	206	Sound	test;1;10;20	test	1	10	20	5147509	0	1			0		other	0
112	207	Response	y					5219893	6692	1
112	208	Response	e					5225813	5779	1
112	210	Sound	test;1;11;2	test	1	11	2	5226802	0	1			0		other	0
112	211	Response	y					5320852	2987	1
112	212	Response	e					5324131	3099	1
112	214	Sound	test;1;12;41	test	1	12	41	5325191	0	1			0		other	0
112	215	Response	n					5417890	7528	1
112	216	Response	e					5423250	5221	1
112	218	Sound	test;1;13;28	test	1	13	28	5424287	0	1			0		other	0
112	219	Response	y					5498689	4829	1
112	220	Response	e					5501649	2789	1
112	222	Sound	test;1;14;30	test	1	14	30	5502576	0	1			0		other	0
112	223	Response	y					5574288	2930	1
112	224	Response	e					5578128	3770	1
112	226	Sound	test;1;15;34	test	1	15	34	5579074	0	1			0		other	0
112	227	Response	y					5659167	6977	1
112	228	Response	e					5662047	2858	1
112	230	Sound	test;1;16;6	test	1	16	6	5663163	0	1			0		other	0
112	231	Response	y					5754045	5691	1
112	232	Response	e					5757245	3058	1
112	234	Sound	test;1;17;18	test	1	17	18	5758249	0	1			0		other	0
112	235	Response	y					5841564	3879	1
112	236	Response	e					5845164	3479	1
112	238	Response	s					6457075	611724	1
112	240	Sound	test;1;18;43	test	1	18	43	6458077	0	1			0		other	0
112	241	Response	y					6576514	33347	1
112	242	Response	e					6591793	15127	1
112	244	Sound	test;1;19;9	test	1	19	9	6592769	0	1			0		other	0
112	245	Response	n					6686272	8442	1
112	246	Response	e					6702832	16502	1
112	248	Sound	test;1;20;36	test	1	20	36	6703961	0	1			0		other	0
112	249	Response	y					6806830	7170	1
112	250	Response	e					6809550	2556	1
112	252	Sound	test;1;21;40	test	1	21	40	6810644	0	1			0		other	0
112	253	Response	y					6907629	4305	1
112	254	Response	e					6912588	4930	2
112	256	Sound	test;1;22;7	test	1	22	7	6913539	0	1			0		other	0
112	257	Response	y					7008987	4498	1
112	258	Response	e					7011787	2632	1
112	260	Sound	test;1;23;4	test	1	23	4	7012721	0	1			0		other	0
112	261	Response	y					7108026	3707	1
112	262	Response	e					7110426	2273	1
112	264	Sound	test;1;24;16	test	1	24	16	7111409	0	1			0		other	0
112	265	Response	y					7198345	4028	1
112	266	Response	e					7202104	3620	1
112	268	Sound	test;1;25;1	test	1	25	1	7203096	0	1			0		other	0
112	269	Response	y					7302583	3769	1
112	270	Response	e					7306423	3775	1
112	272	Sound	test;1;26;14	test	1	26	14	7307401	0	1			0		other	0
112	273	Response	y					7393782	4970	1
112	274	Response	e					7398421	4609	1
112	276	Sound	test;1;27;39	test	1	27	39	7399389	0	1			0		other	0
112	277	Response	n					7494820	3844	1
112	278	Response	e					7502740	7764	1
112	280	Sound	test;1;28;23	test	1	28	23	7503678	0	1			0		other	0
112	281	Response	y					7586020	7879	1
112	282	Response	e					7591059	4918	1
112	284	Sound	test;1;29;29	test	1	29	29	7592069	0	1			0		other	0
112	285	Response	y					7667298	5493	1
112	286	Response	e					7670178	2706	1
112	288	Sound	test;1;30;35	test	1	30	35	7671264	0	1			0		other	0
112	289	Response	n					7752897	6594	1
112	290	Response	e					7755856	2887	1
112	292	Sound	test;1;31;32	test	1	31	32	7756851	0	1			0		other	0
112	293	Response	n					7831376	3575	1
112	294	Response	e					7833375	1908	1
112	296	Sound	test;1;32;5	test	1	32	5	7834445	0	1			0		other	0
112	297	Response	y					7930014	2882	1
112	298	Response	e					7933934	3802	1
112	300	Sound	test;1;33;47	test	1	33	47	7934933	0	1			0		other	0
112	301	Response	n					8024893	5430	1
112	302	Response	e					8027613	2650	1
112	304	Sound	test;1;34;26	test	1	34	26	8028522	0	1			0		other	0
112	305	Response	n					8099532	4905	1
112	306	Response	e					8101932	2305	1
112	308	Response	s					8757202	655075	1
112	310	Sound	test;1;35;31	test	1	35	31	8758150	0	1			0		other	0
112	311	Response	n					8836881	7772	1
112	312	Response	e					8849841	12899	1
112	314	Sound	test;1;36;22	test	1	36	22	8850834	0	1			0		other	0
112	315	Response	y					8918720	2947	1
112	316	Response	e					8921680	2907	1
112	318	Sound	test;1;37;12	test	1	37	12	8922732	0	1			0		other	0
112	319	Response	n					9011039	3768	1
112	320	Response	e					9016959	5855	1
112	322	Sound	test;1;38;10	test	1	38	10	9018024	0	1			0		other	0
112	323	Response	y					9108237	5302	1
112	324	Response	e					9113837	5569	1
112	326	Sound	test;1;39;15	test	1	39	15	9114914	0	1			0		other	0
112	327	Response	y					9201196	2263	1
112	328	Response	e					9204236	2970	1
112	330	Sound	test;1;40;27	test	1	40	27	9205205	0	1			0		other	0
112	331	Response	y					9282315	2884	1
112	332	Response	e					9284635	2204	1
112	334	Sound	test;1;41;25	test	1	41	25	9285698	0	1			0		other	0
112	335	Response	y					9354874	3779	1
112	336	Response	e					9357754	2825	1
112	338	Sound	test;1;42;3	test	1	42	3	9358892	0	1			0		other	0
112	339	Response	y					9472792	28032	1
112	340	Response	e					9474792	1866	1
112	342	Sound	test;1;43;21	test	1	43	21	9475775	0	1			0		other	0
112	343	Response	n					9543191	4100	1
112	344	Response	e					9545191	1934	1
112	346	Sound	test;1;44;48	test	1	44	48	9546171	0	1			0		other	0
112	347	Response	n					9632070	4482	1
112	348	Response	e					9636230	3975	1
112	350	Sound	test;1;45;45	test	1	45	45	9637165	0	1			0		other	0
112	351	Response	n					9724868	2782	1
112	352	Response	e					9727028	2109	1
112	354	Sound	test;1;46;17	test	1	46	17	9727952	0	1			0		other	0
112	355	Response	y					9813587	3503	1
112	356	Response	e					9816147	2397	1
112	358	Sound	test;1;47;11	test	1	47	11	9817144	0	1			0		other	0
112	359	Response	n					9915986	17404	1
112	360	Response	e					9921745	5664	1
112	362	Sound	test;1;48;33	test	1	48	33	9922834	0	1			0		other	0
112	363	Response	y					9999025	3113	1
112	364	Response	e					10002465	3386	1
112	366	Sound	test;1;49;38	test	1	49	38	10003522	0	1			0		other	0
112	367	Response	n					10096463	7053	1
112	368	Response	e					10104383	7806	1
112	370	Sound	test;1;50;46	test	1	50	46	10105316	0	1			0		other	0
112	371	Response	n					10195022	8281	1
112	372	Response	e					10201261	6187	1
112	374	Response	s					10377100	175193	1
112	376	Sound	object;3;1;1	object	3	1	1	10378194	0	1			0		other	0
112	377	Response	s					10476138	15071	1
112	379	Sound	object;3;2;2	object	3	2	2	10477078	0	1			0		other	0
112	380	Response	s					10706775	147377	1
112	382	Sound	object;3;1;50	object	3	1	50	10707755	0	1			0		other	0
112	383	Response	n					10815173	23447	1
112	384	Response	e					10825253	10028	1
112	386	Sound	object;3;2;19	object	3	2	19	10826250	0	1			0		other	0
112	387	Response	y					10907572	3516	1
112	388	Response	e					10909011	1288	1
112	390	Sound	object;3;3;35	object	3	3	35	10909930	0	1			0		other	0
112	391	Response	n					10993650	8763	1
112	392	Response	e					11001170	7450	1
112	394	Sound	object;3;4;47	object	3	4	47	11002127	0	1			0		other	0
112	395	Response	n					11091969	5418	1
112	396	Response	e					11095809	3758	1
112	398	Sound	object;3;5;44	object	3	5	44	11096817	0	1			0		other	0
112	399	Response	n					11189488	7606	1
112	400	Response	e					11192607	3058	1
112	402	Sound	object;3;6;48	object	3	6	48	11193702	0	1			0		other	0
112	403	Response	n					11286046	10833	1
112	404	Response	e					11288206	1993	1
112	406	Sound	object;3;7;4	object	3	7	4	11289294	0	2			0		other	0
112	407	Response	y					11384285	3408	1
112	408	Response	e					11388604	4227	1
112	410	Sound	object;3;8;2	object	3	8	2	11389683	0	1			0		other	0
112	411	Response	y					11482603	1895	1
112	412	Response	e					11485563	2855	1
112	414	Sound	object;3;9;32	object	3	9	32	11486575	0	1			0		other	0
112	415	Response	n					11562603	5064	1
112	416	Response	e					11567242	4536	1
112	418	Sound	object;3;10;26	object	3	10	26	11568261	0	1			0		other	0
112	419	Response	y					11638201	3830	1
112	420	Response	e					11640601	2230	1
112	422	Sound	object;3;11;49	object	3	11	49	11641559	0	1			0		other	0
112	423	Response	n					11725400	2365	1
112	424	Response	e					11727479	1944	1
112	426	Sound	object;3;12;46	object	3	12	46	11728451	0	1			0		other	0
112	427	Response	n					11816038	6172	1
112	428	Response	e					11818838	2639	1
112	430	Sound	object;3;13;37	object	3	13	37	11819739	0	1			0		other	0
112	431	Response	n					11914357	3660	1
112	432	Response	e					11917477	2947	1
112	434	Sound	object;3;14;10	object	3	14	10	11918443	0	1			0		other	0
112	435	Response	y					12005796	2435	1
112	436	Response	e					12008035	2174	1
112	438	Sound	object;3;15;25	object	3	15	25	12009032	0	1			0		other	0
112	439	Response	y					12079314	4954	2
112	440	Response	e					12081714	2355	1
112	442	Sound	object;3;16;7	object	3	16	7	12082724	0	1			0		other	0
112	443	Response	y					12179313	5623	1
112	444	Response	e					12181153	1796	1
112	446	Sound	object;3;17;39	object	3	17	39	12182205	0	1			0		other	0
112	447	Response	n					12279872	6017	1
112	448	Response	e					12284512	4491	1
112	450	Response	s					12975222	690368	1
112	452	Sound	object;3;18;21	object	3	18	21	12976127	0	1			0		other	0
112	453	Response	y					13042101	2599	1
112	454	Response	e					13043941	1773	1
112	456	Sound	object;3;19;40	object	3	19	40	13044919	0	1			0		other	0
112	457	Response	n					13141860	4194	1
112	458	Response	e					13143699	1700	1
112	460	Sound	object;3;20;36	object	3	20	36	13144715	0	1			0		other	0
112	461	Response	n					13243698	3368	1
112	462	Response	e					13246418	2588	1
112	464	Sound	object;3;21;12	object	3	21	12	13247398	0	1			0		other	0
112	465	Response	n					13334657	2829	1
112	466	Response	e					13336417	1590	1
112	468	Sound	object;3;22;16	object	3	22	16	13337392	0	1			0		other	0
112	469	Response	y					13423376	3051	1
112	470	Response	e					13425135	1643	1
112	472	Sound	object;3;23;28	object	3	23	28	13426082	0	1			0		other	0
112	473	Response	y					13497614	1957	1
112	474	Response	e					13499294	1637	1
112	476	Sound	object;3;24;42	object	3	24	42	13500267	0	1			0		other	0
112	477	Response	n					13594493	3172	1
112	478	Response	e					13596013	1359	1
112	480	Sound	object;3;25;5	object	3	25	5	13597171	0	1			0		other	0
112	481	Response	y					13692892	2907	1
112	482	Response	e					13694732	1747	1
112	484	Sound	object;3;26;11	object	3	26	11	13695754	0	1			0		other	0
112	485	Response	n					13780971	3833	1
112	486	Response	e					13782570	1421	1
112	488	Sound	object;3;27;14	object	3	27	14	13783546	0	1			0		other	0
112	489	Response	n					13873529	8548	1
112	490	Response	e					13883849	10202	1
112	492	Sound	object;3;28;15	object	3	28	15	13884942	0	1			0		other	0
112	493	Response	n					13976568	7590	1
112	494	Response	e					13979528	2883	1
112	496	Sound	object;3;29;22	object	3	29	22	13980521	0	1			0		other	0
112	497	Response	y					14048487	3011	1
112	498	Response	e					14050006	1363	1
112	500	Sound	object;3;30;41	object	3	30	41	14051016	0	1			0		other	0
112	501	Response	n					14139685	3544	1
112	502	Response	e					14145445	5638	1
112	504	Sound	object;3;31;30	object	3	31	30	14146301	0	1			0		other	0
112	505	Response	y					14217604	2466	1
112	506	Response	e					14219604	1966	1
112	508	Sound	object;3;32;45	object	3	32	45	14220502	0	1			0		other	0
112	509	Response	n					14308083	2780	1
112	510	Response	e					14311683	3547	1
112	512	Sound	object;3;33;8	object	3	33	8	14312690	0	1			0		other	0
112	513	Response	y					14419361	21561	1
112	514	Response	e					14422001	2534	1
112	516	Sound	object;3;34;1	object	3	34	1	14422980	0	1			0		other	0
112	517	Response	y					14521520	2889	1
112	518	Response	e					14523999	2368	2
112	520	Response	s					15167831	643534	1
112	522	Sound	object;3;35;27	object	3	35	27	15168802	0	1			0		other	0
112	523	Response	y					15247029	4083	1
112	524	Response	e					15248869	1757	1
112	526	Sound	object;3;36;17	object	3	36	17	15249803	0	1			0		other	0
112	527	Response	y					15334069	2126	1
112	528	Response	e					15336628	2518	1
112	530	Sound	object;3;37;29	object	3	37	29	15337592	0	1			0		other	0
112	531	Response	y					15410227	2952	1
112	532	Response	e					15412387	2112	1
112	534	Sound	object;3;38;9	object	3	38	9	15413284	0	1			0		other	0
112	535	Response	n					15502626	4187	1
112	536	Response	e					15507986	5214	1
112	538	Sound	object;3;39;6	object	3	39	6	15508979	0	1			0		other	0
112	539	Response	y					15596624	2521	1
112	540	Response	e					15599584	2814	1
112	542	Sound	object;3;40;18	object	3	40	18	15600467	0	1			0		other	0
112	543	Response	y					15684383	4448	1
112	544	Response	e					15686702	2267	2
112	546	Sound	object;3;41;13	object	3	41	13	15687755	0	1			0		other	0
112	547	Response	n					15773982	4716	1
112	548	Response	e					15775422	1323	1
112	550	Sound	object;3;42;24	object	3	42	24	15776554	0	1			0		other	0
112	551	Response	y					15854701	2271	1
112	552	Response	e					15857021	2257	1
112	554	Sound	object;3;43;38	object	3	43	38	15858041	0	1			0		other	0
112	555	Response	y					15946699	2771	1
112	556	Response	e					15949019	2258	1
112	558	Sound	object;3;44;23	object	3	44	23	15950038	0	1			0		other	0
112	559	Response	y					16026699	2107	1
112	560	Response	e					16028698	1939	1
112	562	Sound	object;3;45;31	object	3	45	31	16029622	0	1			0		other	0
112	563	Response	n					16104056	3465	2
112	564	Response	e					16105977	1887	1
112	566	Sound	object;3;46;33	object	3	46	33	16107019	0	1			0		other	0
112	567	Response	n					16185016	4927	1
112	568	Response	e					16188856	3768	1
112	570	Sound	object;3;47;43	object	3	47	43	16189801	0	1			0		other	0
112	571	Response	n					16285895	10975	1
112	572	Response	e					16289734	3815	1
112	574	Sound	object;3;48;3	object	3	48	3	16290685	0	1			0		other	0
112	575	Response	y					16379013	2429	1
112	576	Response	e					16382373	3289	1
112	578	Sound	object;3;49;34	object	3	49	34	16383286	0	1			0		other	0
112	579	Response	n					16460692	4277	1
112	580	Response	e					16465252	4504	1
112	582	Sound	object;3;50;20	object	3	50	20	16466282	0	1			0		other	0
112	583	Response	y					16535571	3658	1
112	584	Response	e					16537891	2145	1
112	586	Response	s					16705889	167476	1
112	588	Sound	feature;2;1;1	feature	2	1	1	16706847	0	1			0		other	0
112	589	Response	s					16802767	13027	1
112	591	Sound	feature;2;2;2	feature	2	2	2	16803741	0	1			0		other	0
112	592	Response	s					17080923	194852	1
112	594	Sound	feature;2;1;12	feature	2	1	12	17082015	0	1			0		other	0
112	595	Response	y					17171562	4998	1
112	596	Response	e					17177802	6072	1
112	598	Sound	feature;2;2;25	feature	2	2	25	17178809	0	1			0		other	0
112	599	Response	y					17248681	4453	1
112	600	Response	e					17250920	2192	1
112	602	Sound	feature;2;3;47	feature	2	3	47	17251993	0	1			0		other	0
112	603	Response	n					17341079	4519	1
112	604	Response	e					17345799	4573	1
112	606	Sound	feature;2;4;29	feature	2	4	29	17346788	0	1			0		other	0
112	607	Response	y					17418198	1640	1
112	608	Response	e					17419238	1014	1
112	610	Sound	feature;2;5;20	feature	2	5	20	17420285	0	1			0		other	0
112	611	Response	y					17489317	3261	1
112	612	Response	e					17490677	1288	1
112	614	Sound	feature;2;6;48	feature	2	6	48	17491673	0	2			0		other	0
112	615	Response	n					17576836	3616	1
112	616	Response	e					17578596	1709	1
112	618	Sound	feature;2;7;19	feature	2	7	19	17579565	0	1			0		other	0
112	619	Response	y					17660115	2730	1
112	620	Response	e					17661155	937	1
112	622	Sound	feature;2;8;49	feature	2	8	49	17662160	0	1			0		other	0
112	623	Response	n					17753473	9757	1
112	624	Response	e					17757633	4084	1
112	626	Sound	feature;2;9;43	feature	2	9	43	17758650	0	1			0		other	0
112	627	Response	n					17850912	7199	1
112	628	Response	e					17888672	37626	1
112	630	Sound	feature;2;10;22	feature	2	10	22	17889543	0	1			0		other	0
112	631	Response	y					17982430	28053	1
112	632	Response	e					17988190	5647	1
112	634	Sound	feature;2;11;37	feature	2	11	37	17989120	0	1			0		other	0
112	635	Response	n					18082989	2782	1
112	636	Response	e					18090909	7868	1
112	638	Sound	feature;2;12;9	feature	2	12	9	18092019	0	1			0		other	0
112	639	Response	n					18181307	4269	1
112	640	Response	e					18185147	3775	1
112	642	Sound	feature;2;13;45	feature	2	13	45	18186205	0	1			0		other	0
112	643	Response	n					18276266	5230	1
112	644	Response	e					18278346	1977	1
112	646	Sound	feature;2;14;6	feature	2	14	6	18279289	0	1			0		other	0
112	647	Response	y					18366745	2218	1
112	648	Response	e					18368984	2117	1
112	650	Sound	feature;2;15;8	feature	2	15	8	18369991	0	1			0		other	0
112	651	Response	n					18461704	6673	1
112	652	Response	e					18465143	3279	1
112	654	Sound	feature;2;16;3	feature	2	16	3	18466178	0	1			0		other	0
112	655	Response	n					18554662	2633	1
112	656	Response	e					18557542	2847	1
112	658	Sound	feature;2;17;34	feature	2	17	34	18558574	0	1			0		other	0
112	659	Response	n					18634741	3048	1
112	660	Response	e					18637541	2681	1
112	662	Response	s					19303211	665351	1
112	664	Sound	feature;2;18;33	feature	2	18	33	19304190	0	1			0		other	0
112	665	Response	n					19384890	7549	1
112	666	Response	e					19394250	9242	1
112	668	Sound	feature;2;19;16	feature	2	19	16	19395185	0	1			0		other	0
112	669	Response	y					19479769	1764	1
112	670	Response	e					19482968	3129	1
112	672	Sound	feature;2;20;38	feature	2	20	38	19483980	0	1			0		other	0
112	673	Response	y					19571527	1697	1
112	674	Response	e					19573687	2017	1
112	676	Sound	feature;2;21;41	feature	2	21	41	19574770	0	1			0		other	0
112	677	Response	n					19663286	3285	1
112	678	Response	e					19666406	3072	1
112	680	Sound	feature;2;22;27	feature	2	22	27	19667354	0	1			0		other	0
112	681	Response	y					19742965	1466	1
112	682	Response	e					19745125	2126	1
112	684	Sound	feature;2;23;46	feature	2	23	46	19746051	0	1			0		other	0
112	685	Response	n					19838564	11067	1
112	686	Response	e					19846963	8300	1
112	688	Sound	feature;2;24;15	feature	2	24	15	19847937	0	1			0		other	0
112	689	Response	n					19937203	5209	1
112	690	Response	e					19940402	3075	1
112	692	Sound	feature;2;25;7	feature	2	25	7	19941434	0	1			0		other	0
112	693	Response	y					20034801	2309	1
112	694	Response	e					20036961	2136	1
112	696	Sound	feature;2;26;35	feature	2	26	35	20037816	0	1			0		other	0
112	697	Response	y					20114960	2137	1
112	698	Response	e					20116400	1411	1
112	700	Sound	feature;2;27;39	feature	2	27	39	20117415	0	1			0		other	0
112	701	Response	y					20211358	2371	1
112	702	Response	e					20213118	1631	1
112	704	Sound	feature;2;28;13	feature	2	28	13	20214000	0	1			0		other	0
112	705	Response	y					20296877	1392	1
112	706	Response	e					20299277	2292	1
112	708	Sound	feature;2;29;18	feature	2	29	18	20300190	0	1			0		other	0
112	709	Response	y					20381436	1787	1
112	710	Response	e					20383756	2273	1
112	712	Sound	feature;2;30;23	feature	2	30	23	20384785	0	1			0		other	0
112	713	Response	y					20462475	3161	1
112	714	Response	e					20464074	1427	1
112	716	Sound	feature;2;31;5	feature	2	31	5	20465080	0	1			0		other	0
112	717	Response	n					20561272	3460	2
112	718	Response	e					20563912	2601	2
112	720	Sound	feature;2;32;36	feature	2	32	36	20564968	0	1			0		other	0
112	721	Response	n					20664152	3510	1
112	722	Response	e					20667431	3122	1
112	724	Sound	feature;2;33;21	feature	2	33	21	20668354	0	1			0		other	0
112	725	Response	n					20734871	3064	1
112	726	Response	e					20737110	2136	1
112	728	Sound	feature;2;34;31	feature	2	34	31	20738042	0	1			0		other	0
112	729	Response	y					20811190	2218	1
112	730	Response	e					20813750	2445	1
112	732	Response	s					21468780	654808	1
112	734	Sound	feature;2;35;2	feature	2	35	2	21469775	0	1			0		other	0
112	735	Response	y					21564539	3753	1
112	736	Response	e					21567098	2479	1
112	738	Sound	feature;2;36;11	feature	2	36	11	21568066	0	1			0		other	0
112	739	Response	n					21653018	3401	1
112	740	Response	e					21656297	3180	1
112	742	Sound	feature;2;37;17	feature	2	37	17	21657359	0	1			0		other	0
112	743	Response	y					21743096	3481	1
112	744	Response	e					21746056	2774	1
112	746	Sound	feature;2;38;32	feature	2	38	32	21747052	0	1			0		other	0
112	747	Response	y					21820055	2109	1
112	748	Response	e					21822775	2662	1
112	750	Sound	feature;2;39;50	feature	2	39	50	21823847	0	1			0		other	0
112	751	Response	n					21913814	5870	1
112	752	Response	e					21927814	13870	1
112	754	Sound	feature;2;40;30	feature	2	40	30	21928827	0	1			0		other	0
112	755	Response	y					22000933	3324	1
112	756	Response	e					22003332	2224	1
112	758	Sound	feature;2;41;10	feature	2	41	10	22004422	0	1			0		other	0
112	759	Response	n					22091571	2298	1
112	760	Response	e					22095171	3565	1
112	762	Sound	feature;2;42;1	feature	2	42	1	22096211	0	1			0		other	0
112	763	Response	y					22195570	3633	1
112	764	Response	e					22199410	3807	1
112	766	Sound	feature;2;43;40	feature	2	43	40	22200413	0	1			0		other	0
112	767	Response	n					22304208	11108	1
112	768	Response	e					22313008	8740	1
112	770	Sound	feature;2;44;44	feature	2	44	44	22313983	0	1			0		other	0
112	771	Response	n					22404206	5108	2
112	772	Response	e					22408287	4022	1
112	774	Sound	feature;2;45;4	feature	2	45	4	22409286	0	1			0		other	0
112	775	Response	y					22502125	1196	1
112	776	Response	e					22503965	1702	1
112	778	Sound	feature;2;46;28	feature	2	46	28	22504971	0	1			0		other	0
112	779	Response	y					22577645	3218	1
112	780	Response	e					22579084	1323	1
112	782	Sound	feature;2;47;42	feature	2	47	42	22580161	0	1			0		other	0
112	783	Response	n					22674123	3032	1
112	784	Response	e					22676843	2585	1
112	786	Sound	feature;2;48;26	feature	2	48	26	22677860	0	1			0		other	0
112	787	Response	n					22750442	6352	1
112	788	Response	e					22752601	2012	1
112	790	Sound	feature;2;49;24	feature	2	49	24	22753745	0	1			0		other	0
112	791	Response	y					22832281	2694	1
112	792	Response	e					22835080	2659	1
112	794	Sound	feature;2;50;14	feature	2	50	14	22836233	0	1			0		other	0
112	795	Response	n					22939958	22206	2
112	796	Response	e					22947159	7074	1
112	798	Response	s					23050105	102354	1
