Scenario - 
Logfile written - 02/26/2016 15:06:49

Subject	Trial	Event Type	Code	block_type(str)	block_idx(num)	trial_order(num)	trial_file(num)	Time	TTime	Uncertainty	Duration	Uncertainty	ReqTime	ReqDur	Stim Type	Pair Index

145	1	Response	s					176267	175601	3
145	3	Response	s					425864	249203	1
145	5	Response	s					552102	125948	1
145	7	Sound	train;1;1;2	train	1	1	2	553108	0	1			0		other	0
145	8	Response	n					712419	77104	1
145	9	Response	e					768178	55699	1
145	11	Response	s					819777	51299	1
145	14	Response	r					965694	63053	1
145	17	Response	s					1065053	16416	1
145	19	Sound	train;1;1;10	train	1	1	10	1065964	0	1			0		other	0
145	20	Response	y					1145612	14311	1
145	21	Response	e					1156571	10948	1
145	23	Response	s					1199931	43131	1
145	26	Response	s					1309449	43319	1
145	28	Sound	train;1;1;17	train	1	1	17	1310331	0	1			0		other	0
145	29	Response	y					1394487	14193	1
145	30	Response	e					1406407	11780	1
145	32	Response	s					1418166	11540	1
145	35	Response	s					1510965	22008	1
145	37	Sound	train;1;1;22	train	1	1	22	1512020	0	1			0		other	0
145	38	Response	n					1618324	15370	1
145	39	Response	e					1637443	18989	1
145	41	Response	s					1674802	37015	1
145	44	Response	s					1796241	29458	1
145	46	Sound	train;1;1;2	train	1	1	2	1797182	0	1			0		other	0
145	47	Response	n					1895599	16330	1
145	48	Response	e					1901198	5419	1
145	50	Response	s					1933278	31832	1
145	53	Response	s					2045596	29320	1
145	55	Sound	train;1;1;22	train	1	1	22	2046663	0	1			0		other	0
145	56	Response	y					2151434	13828	1
145	57	Response	e					2160234	8629	1
145	59	Response	s					2188553	28115	1
145	62	Response	s					2305271	25003	1
145	64	Sound	train;1;1;2	train	1	1	2	2306321	0	1			0		other	0
145	65	Response	y					2405990	17558	1
145	66	Response	e					2415589	9491	1
145	68	Response	s					2438629	22698	1
145	71	Response	s					2565827	44066	1
145	73	Response	s					2718144	152083	1
145	75	Sound	train;1;1;4	train	1	1	4	2719192	0	1			0		other	0
145	76	Response	y					2811823	14903	1
145	77	Response	e					2823422	11502	1
145	79	Response	s					2889981	66228	1
145	81	Sound	train;1;1;12	train	1	1	12	2890968	0	1			0		other	0
145	82	Response	n					2995580	30165	1
145	83	Response	e					3005979	10231	1
145	85	Response	s					3040379	34131	1
145	87	Sound	train;1;1;13	train	1	1	13	3041255	0	1			0		other	0
145	88	Response	y					3124857	14112	1
145	89	Response	e					3133017	8106	1
145	91	Response	s					3153497	20253	1
145	93	Sound	train;1;1;19	train	1	1	19	3154442	0	1			0		other	0
145	94	Response	y					3240616	13041	1
145	95	Response	e					3254055	13314	1
145	97	Response	s					3266775	12534	1
145	99	Sound	train;1;1;28	train	1	1	28	3267733	0	1			0		other	0
145	100	Response	y					3365653	12915	1
145	101	Response	e					3375013	9276	1
145	103	Response	s					3386853	11652	1
145	105	Sound	train;1;1;37	train	1	1	37	3387921	0	64			0		other	0
145	106	Response	n					3483011	12944	1
145	107	Response	e					3490371	7304	1
145	109	Response	s					3508051	17484	1
145	111	Sound	train;1;1;24	train	1	1	24	3509007	0	1			0		other	0
145	112	Response	y					3615089	14525	1
145	113	Response	e					3623328	8098	1
145	115	Response	r					3680448	56885	1
145	118	Response	s					3794766	21874	1
145	120	Sound	train;1;1;32	train	1	1	32	3795781	0	1			0		other	0
145	121	Response	y					3892044	11822	1
145	122	Response	e					3897484	5262	1
145	124	Response	s					3923243	25521	1
145	126	Sound	train;1;1;36	train	1	1	36	3924258	0	1			0		other	0
145	127	Response	n					4033561	26342	1
145	128	Response	e					4038681	4963	1
145	130	Response	r					4067241	28356	1
145	133	Response	s					4166919	16038	1
145	135	Sound	train;1;1;40	train	1	1	40	4167941	0	1			0		other	0
145	136	Response	y					4245158	11446	1
145	137	Response	e					4251638	6426	1
145	139	Response	s					4266357	14479	1
145	141	Sound	train;1;1;12	train	1	1	12	4267229	0	1			0		other	0
145	142	Response	y					4352756	11047	1
145	143	Response	e					4357716	4840	1
145	145	Response	s					4369076	11034	1
145	147	Sound	train;1;1;13	train	1	1	13	4370010	0	1			0		other	0
145	148	Response	n					4453154	13614	1
145	149	Response	e					4460034	6828	1
145	151	Response	s					4471874	11502	1
145	153	Sound	train;1;1;28	train	1	1	28	4473014	0	1			0		other	0
145	154	Response	y					4573152	15116	1
145	155	Response	e					4579872	6669	1
145	157	Response	s					4589232	9030	1
145	159	Sound	train;1;1;36	train	1	1	36	4590198	0	1			0		other	0
145	160	Response	y					4682670	9637	1
145	161	Response	e					4688030	5331	1
145	163	Response	s					4714990	26624	1
145	165	Sound	train;1;1;40	train	1	1	40	4715979	0	1			0		other	0
145	166	Response	n					4795309	13612	1
145	167	Response	e					4800188	4825	1
145	169	Response	s					4812988	12459	1
145	171	Sound	train;1;1;28	train	1	1	28	4813971	0	1			0		other	0
145	172	Response	n					4911066	12040	1
145	173	Response	e					4915546	4353	1
145	175	Response	s					4924906	9047	1
145	177	Response	s					5034024	108832	1
145	179	Sound	test;1;1;1	test	1	1	1	5035250	0	1			0		other	0
145	180	Response	y					5146583	15730	1
145	181	Response	e					5174822	28136	1
145	183	Sound	test;1;2;22	test	1	2	22	5175736	0	1			0		other	0
145	184	Response	y					5252820	12137	1
145	185	Response	e					5259700	6851	1
145	187	Sound	test;1;3;15	test	1	3	15	5260827	0	1			0		other	0
145	188	Response	y					5355859	11012	1
145	189	Response	e					5371618	15605	1
145	191	Sound	test;1;4;6	test	1	4	6	5372617	0	1			0		other	0
145	192	Response	y					5469937	12093	1
145	193	Response	e					5478496	8486	1
145	195	Sound	test;1;5;14	test	1	5	14	5479398	0	1			0		other	0
145	196	Response	y					5573135	12294	1
145	197	Response	e					5586974	13800	1
145	199	Sound	test;1;6;31	test	1	6	31	5587893	0	1			0		other	0
145	200	Response	y					5684013	25175	1
145	201	Response	e					5691533	7363	1
145	203	Sound	test;1;7;43	test	1	7	43	5692674	0	1			0		other	0
145	204	Response	n					5790891	13057	1
145	205	Response	e					5797931	6930	1
145	207	Sound	test;1;8;32	test	1	8	32	5798973	0	1			0		other	0
145	208	Response	y					5880970	11138	1
145	209	Response	e					5893129	12131	1
145	211	Sound	test;1;9;8	test	1	9	8	5894163	0	1			0		other	0
145	212	Response	y					5992088	12926	1
145	213	Response	e					6002167	10006	1
145	215	Sound	test;1;10;40	test	1	10	40	6003347	0	1			0		other	0
145	216	Response	y					6110086	13927	1
145	217	Response	e					6159285	49127	1
145	219	Sound	test;1;11;45	test	1	11	45	6160329	0	1			0		other	0
145	220	Response	n					6261283	16129	1
145	221	Response	e					6267203	5883	1
145	223	Sound	test;1;12;42	test	1	12	42	6268328	0	1			0		other	0
145	224	Response	y					6377121	17803	1
145	225	Response	e					6383601	6451	1
145	227	Sound	test;1;13;18	test	1	13	18	6384616	0	1			0		other	0
145	228	Response	y					6476799	12651	1
145	229	Response	e					6488399	11418	1
145	231	Sound	test;1;14;47	test	1	14	47	6489408	0	1			0		other	0
145	232	Response	n					6595677	21877	1
145	233	Response	e					6605197	9386	1
145	235	Sound	test;1;15;29	test	1	15	29	6606190	0	1			0		other	0
145	236	Response	y					6691916	15941	1
145	237	Response	e					6698795	6820	1
145	239	Sound	test;1;16;48	test	1	16	48	6699688	0	1			0		other	0
145	240	Response	n					6799114	17975	1
145	241	Response	e					6809833	10695	1
145	243	Sound	test;1;17;34	test	1	17	34	6810966	0	1			0		other	0
145	244	Response	y					6894952	10816	1
145	245	Response	e					6901432	6297	1
145	247	Response	s					7531981	630346	1
145	249	Sound	test;1;18;4	test	1	18	4	7533093	0	1			0		other	0
145	250	Response	y					7637691	13077	50
145	251	Response	e					7658699	20919	1
145	253	Sound	test;1;19;16	test	1	19	16	7659778	0	1			0		other	0
145	254	Response	y					7760057	17446	1
145	255	Response	e					7770137	10027	1
145	257	Sound	test;1;20;30	test	1	20	30	7771169	0	1			0		other	0
145	258	Response	y					7851096	11155	1
145	259	Response	e					7858855	7581	1
145	261	Sound	test;1;21;49	test	1	21	49	7859853	0	1			0		other	0
145	262	Response	n					7957574	16302	1
145	263	Response	e					7970854	13249	1
145	265	Sound	test;1;22;36	test	1	22	36	7971949	0	1			0		other	0
145	266	Response	y					8079172	11570	1
145	267	Response	e					8088211	8943	1
145	269	Sound	test;1;23;9	test	1	23	9	8089237	0	1			0		other	0
145	270	Response	n					8194930	20665	1
145	271	Response	e					8204609	9511	1
145	273	Sound	test;1;24;3	test	1	24	3	8205829	0	1			0		other	0
145	274	Response	n					8308048	16286	1
145	275	Response	e					8314207	6112	1
145	277	Sound	test;1;25;5	test	1	25	5	8315207	0	1			0		other	0
145	278	Response	y					8421326	13401	1
145	279	Response	e					8429485	8060	1
145	281	Sound	test;1;26;38	test	1	26	38	8430595	0	1			0		other	0
145	282	Response	y					8526684	10262	1
145	283	Response	e					8533884	7129	1
145	285	Sound	test;1;27;17	test	1	27	17	8534890	0	1			0		other	0
145	286	Response	y					8626682	9596	1
145	287	Response	e					8634762	8010	1
145	289	Sound	test;1;28;41	test	1	28	41	8635884	0	1			0		other	0
145	290	Response	n					8733400	12317	1
145	291	Response	e					8741080	7498	1
145	293	Sound	test;1;29;35	test	1	29	35	8742061	0	1			0		other	0
145	294	Response	y					8828759	11679	1
145	295	Response	e					8836199	7286	1
145	297	Sound	test;1;30;39	test	1	30	39	8837159	0	1			0		other	0
145	298	Response	y					8940437	11694	1
145	299	Response	e					8946836	6260	1
145	301	Sound	test;1;31;23	test	1	31	23	8947846	0	1			0		other	0
145	302	Response	n					9035555	13148	1
145	303	Response	e					9041875	6135	1
145	305	Sound	test;1;32;2	test	1	32	2	9042938	0	1			0		other	0
145	306	Response	y					9145153	11249	1
145	307	Response	e					9151713	6476	1
145	309	Sound	test;1;33;50	test	1	33	50	9152724	0	1			0		other	0
145	310	Response	n					9254351	17617	1
145	311	Response	e					9261550	7150	2
145	313	Sound	test;1;34;33	test	1	34	33	9262516	0	1			0		other	0
145	314	Response	y					9347630	12065	1
145	315	Response	e					9354189	6458	1
145	317	Response	s					10019459	665061	1
145	319	Sound	test;1;35;28	test	1	35	28	10020442	0	1			0		other	0
145	320	Response	y					10100737	10861	1
145	321	Response	e					10105856	5007	1
145	323	Sound	test;1;36;24	test	1	36	24	10106821	0	1			0		other	0
145	324	Response	y					10193295	10588	1
145	325	Response	e					10198735	5362	1
145	327	Sound	test;1;37;7	test	1	37	7	10199816	0	1			0		other	0
145	328	Response	n					10305613	14743	1
145	329	Response	e					10311613	5910	1
145	331	Sound	test;1;38;20	test	1	38	20	10312610	0	1			0		other	0
145	332	Response	n					10392972	14604	1
145	333	Response	e					10398251	5217	1
145	335	Sound	test;1;39;19	test	1	39	19	10399395	0	1			0		other	0
145	336	Response	n					10492010	14812	1
145	337	Response	e					10497530	5509	1
145	339	Sound	test;1;40;27	test	1	40	27	10498679	0	1			0		other	0
145	340	Response	y					10578009	5147	1
145	341	Response	e					10586808	8790	1
145	343	Sound	test;1;41;46	test	1	41	46	10587882	0	1			0		other	0
145	344	Response	n					10681447	12088	1
145	345	Response	e					10686806	5280	1
145	347	Sound	test;1;42;10	test	1	42	10	10687967	0	1			0		other	0
145	348	Response	y					10783605	10748	1
145	349	Response	e					10789204	5514	1
145	351	Sound	test;1;43;21	test	1	43	21	10790262	0	1			0		other	0
145	352	Response	y					10858244	4556	1
145	353	Response	e					10865923	7569	1
145	355	Sound	test;1;44;13	test	1	44	13	10867051	0	1			0		other	0
145	356	Response	y					10961682	13164	1
145	357	Response	e					10967522	5671	1
145	359	Sound	test;1;45;25	test	1	45	25	10968627	0	1			0		other	0
145	360	Response	y					11045040	11024	1
145	361	Response	e					11050720	5538	1
145	363	Sound	test;1;46;44	test	1	46	44	11051832	0	1			0		other	0
145	364	Response	n					11149679	12833	1
145	365	Response	e					11155278	5432	1
145	367	Sound	test;1;47;37	test	1	47	37	11156311	0	1			0		other	0
145	368	Response	y					11256957	9623	1
145	369	Response	e					11262637	5628	1
145	371	Sound	test;1;48;12	test	1	48	12	11263608	0	1			0		other	0
145	372	Response	y					11357435	9262	1
145	373	Response	e					11363275	5769	1
145	375	Sound	test;1;49;26	test	1	49	26	11364188	0	1			0		other	0
145	376	Response	n					11448233	17896	1
145	377	Response	e					11452123	3786	32
145	379	Sound	test;1;50;11	test	1	50	11	11453284	0	1			0		other	0
145	380	Response	y					11543512	8678	1
145	381	Response	e					11547671	4004	1
145	383	Response	s					11718709	170375	1
145	385	Sound	object;3;1;1	object	3	1	1	11719850	0	1			0		other	0
145	386	Response	s					11818227	15567	1
145	388	Sound	object;3;2;2	object	3	2	2	11819243	0	1			0		other	0
145	389	Response	s					12059903	158467	1
145	391	Sound	object;3;1;13	object	3	1	13	12060929	0	1			0		other	0
145	392	Response	y					12160621	18137	1
145	393	Response	e					12171181	10531	1
145	395	Sound	object;3;2;4	object	3	2	4	12172315	0	1			0		other	0
145	396	Response	y					12293979	30166	1
145	397	Response	e					12299499	5353	1
145	399	Sound	object;3;3;48	object	3	3	48	12300600	0	1			0		other	0
145	400	Response	n					12395817	13674	1
145	401	Response	e					12405817	9841	1
145	403	Sound	object;3;4;9	object	3	4	9	12406891	0	1			0		other	0
145	404	Response	n					12522295	30322	1
145	405	Response	e					12526695	4223	1
145	407	Sound	object;3;5;21	object	3	5	21	12527674	0	1			0		other	0
145	408	Response	y					12604773	13802	1
145	409	Response	e					12612053	7249	1
145	411	Sound	object;3;6;1	object	3	6	1	12613062	0	1			0		other	0
145	412	Response	y					12720452	11818	1
145	413	Response	e					12726291	5658	1
145	415	Sound	object;3;7;24	object	3	7	24	12727460	0	1			0		other	0
145	416	Response	y					12812610	9312	1
145	417	Response	e					12818529	5909	2
145	419	Sound	object;3;8;25	object	3	8	25	12819545	0	1			0		other	0
145	420	Response	y					12896048	11086	1
145	421	Response	e					12901808	5680	1
145	423	Sound	object;3;9;36	object	3	9	36	12902930	0	1			0		other	0
145	424	Response	y					13008846	10221	1
145	425	Response	e					13014686	5728	1
145	427	Sound	object;3;10;3	object	3	10	3	13015722	0	1			0		other	0
145	428	Response	n					13117485	15863	1
145	429	Response	e					13122364	4742	1
145	431	Sound	object;3;11;32	object	3	11	32	13123414	0	1			0		other	0
145	432	Response	n					13204923	10637	1
145	433	Response	e					13209403	4450	1
145	435	Sound	object;3;12;41	object	3	12	41	13210407	0	1			0		other	0
145	436	Response	n					13304281	8664	1
145	437	Response	e					13309641	5191	1
145	439	Sound	object;3;13;27	object	3	13	27	13310693	0	1			0		other	0
145	440	Response	y					13393559	8778	2
145	441	Response	e					13399319	5705	1
145	443	Sound	object;3;14;31	object	3	14	31	13400381	0	1			0		other	0
145	444	Response	n					13479958	8680	1
145	445	Response	e					13485078	4967	1
145	447	Sound	object;3;15;38	object	3	15	38	13486074	0	1			0		other	0
145	448	Response	y					13578437	6495	1
145	449	Response	e					13583876	5267	1
145	451	Sound	object;3;16;46	object	3	16	46	13584965	0	1			0		other	0
145	452	Response	n					13677155	10719	1
145	453	Response	e					13681635	4363	1
145	455	Sound	object;3;17;29	object	3	17	29	13682664	0	1			0		other	0
145	456	Response	y					13759794	7357	1
145	457	Response	e					13764753	4816	1
145	459	Response	s					14417862	652925	1
145	461	Sound	object;3;18;42	object	3	18	42	14418879	0	1			0		other	0
145	462	Response	y					14516740	6825	1
145	463	Response	e					14521859	4944	2
145	465	Sound	object;3;19;10	object	3	19	10	14522868	0	1			0		other	0
145	466	Response	y					14623939	16194	1
145	467	Response	e					14628098	4020	1
145	469	Sound	object;3;20;11	object	3	20	11	14629157	0	1			0		other	0
145	470	Response	y					14718897	8321	1
145	471	Response	e					14723573	4497	44
145	473	Sound	object;3;21;7	object	3	21	7	14724644	0	1			0		other	0
145	474	Response	y					14821855	6282	1
145	475	Response	e					14826735	4829	1
145	477	Sound	object;3;22;14	object	3	22	14	14827844	0	1			0		other	0
145	478	Response	n					14916654	7251	1
145	479	Response	e					14921213	4476	1
145	481	Sound	object;3;23;34	object	3	23	34	14922235	0	1			0		other	0
145	482	Response	n					15003292	7891	1
145	483	Response	e					15008092	4691	1
145	485	Sound	object;3;24;44	object	3	24	44	15009221	0	1			0		other	0
145	486	Response	n					15103930	9699	1
145	487	Response	e					15109050	4986	1
145	489	Sound	object;3;25;30	object	3	25	30	15110019	0	1			0		other	0
145	490	Response	y					15186488	7593	2
145	491	Response	e					15191368	4806	1
145	493	Sound	object;3;26;37	object	3	26	37	15192410	0	1			0		other	0
145	494	Response	n					15293527	10135	1
145	495	Response	e					15298086	4527	1
145	497	Sound	object;3;27;43	object	3	27	43	15299190	0	1			0		other	0
145	498	Response	y					15390005	5782	1
145	500	Response	e					15395045	0	1
145	501	Sound	object;3;28;28	object	3	28	28	15396179	0	1			0		other	0
145	502	Response	y					15471604	5883	1
145	503	Response	e					15476963	5243	1
145	505	Sound	object;3;29;50	object	3	29	50	15477966	0	2			0		other	0
145	506	Response	n					15585202	23151	1
145	507	Response	e					15595682	10298	1
145	509	Sound	object;3;30;5	object	3	30	5	15596661	0	1			0		other	0
145	510	Response	y					15693440	4059	1
145	511	Response	e					15704080	10533	1
145	513	Sound	object;3;31;33	object	3	31	33	15705146	0	1			0		other	0
145	514	Response	n					15788078	9866	1
145	515	Response	e					15794478	6267	1
145	517	Sound	object;3;32;8	object	3	32	8	15795439	0	1			0		other	0
145	518	Response	y					15889197	8655	1
145	519	Response	e					15894236	4861	1
145	521	Sound	object;3;33;6	object	3	33	6	15895329	0	1			0		other	0
145	522	Response	y					15989195	8656	1
145	523	Response	e					15993675	4303	1
145	525	Sound	object;3;34;15	object	3	34	15	15994627	0	1			0		other	0
145	526	Response	y					16088073	9370	1
145	527	Response	e					16092553	4350	1
145	529	Response	s					16743342	650473	1
145	531	Sound	object;3;35;49	object	3	35	49	16744441	0	2			0		other	0
145	532	Response	n					16833900	8052	1
145	533	Response	e					16840460	6446	1
145	535	Sound	object;3;36;12	object	3	36	12	16841431	0	1			0		other	0
145	536	Response	y					16935979	10134	1
145	537	Response	e					16941579	5568	1
145	539	Sound	object;3;37;23	object	3	37	23	16942618	0	1			0		other	0
145	540	Response	y					17020937	3761	1
145	541	Response	e					17027257	6248	1
145	543	Sound	object;3;38;17	object	3	38	17	17028306	0	1			0		other	0
145	544	Response	y					17116855	6349	1
145	545	Response	e					17122215	5209	1
145	547	Sound	object;3;39;22	object	3	39	22	17123202	0	1			0		other	0
145	548	Response	y					17194134	6130	1
145	549	Response	e					17198773	4602	2
145	551	Sound	object;3;40;2	object	3	40	2	17199892	0	1			0		other	0
145	552	Response	n					17294612	3778	1
145	553	Response	e					17300852	6185	1
145	555	Sound	object;3;41;47	object	3	41	47	17301980	0	1			0		other	0
145	556	Response	n					17393171	6673	1
145	557	Response	e					17398050	4719	1
145	559	Sound	object;3;42;18	object	3	42	18	17399166	0	1			0		other	0
145	560	Response	y					17485089	6427	1
145	561	Response	e					17489809	4647	1
145	563	Sound	object;3;43;35	object	3	43	35	17490754	0	1			0		other	0
145	564	Response	y					17577087	11427	1
145	565	Response	e					17584127	6968	1
145	567	Sound	object;3;44;20	object	3	44	20	17585058	0	1			0		other	0
145	568	Response	y					17662126	11306	1
145	569	Response	e					17667086	4929	1
145	571	Sound	object;3;45;39	object	3	45	39	17668142	0	1			0		other	0
145	572	Response	n					17768364	8710	1
145	573	Response	e					17772604	4117	1
145	575	Sound	object;3;46;26	object	3	46	26	17773640	0	1			0		other	0
145	576	Response	y					17846523	6705	1
145	577	Response	e					17852042	5391	1
145	579	Sound	object;3;47;40	object	3	47	40	17853131	0	1			0		other	0
145	580	Response	n					17954441	8626	1
145	581	Response	e					17958441	3959	1
145	583	Sound	object;3;48;16	object	3	48	16	17959414	0	1			0		other	0
145	584	Response	y					18045640	3328	1
145	585	Response	e					18051640	5828	1
145	587	Sound	object;3;49;19	object	3	49	19	18052699	0	1			0		other	0
145	588	Response	y					18132678	2201	1
145	589	Response	e					18141478	8668	1
145	591	Sound	object;3;50;45	object	3	50	45	18142596	0	1			0		other	0
145	592	Response	n					18238356	10882	1
145	593	Response	e					18243396	4922	1
145	595	Response	s					18395953	151980	1
145	597	Sound	feature;2;1;1	feature	2	1	1	18396972	0	1			0		other	0
145	598	Response	s					18495232	15432	1
145	600	Sound	feature;2;2;2	feature	2	2	2	18496257	0	1			0		other	0
145	601	Response	s					18736588	158140	1
145	603	Sound	feature;2;1;20	feature	2	1	20	18737536	0	1			0		other	0
145	604	Response	y					18810346	7056	1
145	605	Response	e					18815146	4689	1
145	607	Sound	feature;2;2;35	feature	2	2	35	18816226	0	1			0		other	0
145	608	Response	y					18899385	8264	1
145	609	Response	e					18903864	4410	1
145	611	Sound	feature;2;3;10	feature	2	3	10	18904913	0	1			0		other	0
145	612	Response	n					18995623	5838	1
145	613	Response	e					19001303	5518	1
145	615	Sound	feature;2;4;29	feature	2	4	29	19002511	0	2			0		other	0
145	616	Response	y					19081462	9179	1
145	617	Response	e					19086981	5365	1
145	619	Sound	feature;2;5;22	feature	2	5	22	19088000	0	1			0		other	0
145	620	Response	y					19164460	11513	41
145	621	Response	e					19169620	5007	1
145	623	Sound	feature;2;6;4	feature	2	6	4	19170793	0	1			0		other	0
145	624	Response	n					19274179	11735	1
145	625	Response	e					19278898	4621	1
145	627	Sound	feature;2;7;26	feature	2	7	26	19279869	0	1			0		other	0
145	628	Response	y					19354417	8309	1
145	629	Response	e					19359217	4609	1
145	631	Sound	feature;2;8;13	feature	2	8	13	19360178	0	1			0		other	0
145	632	Response	y					19449135	7530	1
145	633	Response	e					19453935	4663	1
145	635	Sound	feature;2;9;15	feature	2	9	15	19455064	0	1			0		other	0
145	636	Response	n					19548574	9472	1
145	637	Response	e					19553293	4691	1
145	639	Sound	feature;2;10;33	feature	2	10	33	19554354	0	1			0		other	0
145	640	Response	y					19629772	2339	1
145	641	Response	e					19634652	4719	1
145	643	Sound	feature;2;11;16	feature	2	11	16	19635743	0	1			0		other	0
145	644	Response	y					19728330	9733	1
145	645	Response	e					19732969	4539	2
145	647	Sound	feature;2;12;38	feature	2	12	38	19734126	0	1			0		other	0
145	648	Response	y					19827049	6955	1
145	649	Response	e					19831608	4514	1
145	651	Sound	feature;2;13;25	feature	2	13	25	19832715	0	1			0		other	0
145	652	Response	n					19907848	9756	1
145	653	Response	e					19911847	3922	1
145	655	Sound	feature;2;14;42	feature	2	14	42	19913010	0	1			0		other	0
145	656	Response	n					20015925	11836	1
145	657	Response	e					20020645	4556	1
145	659	Sound	feature;2;15;23	feature	2	15	23	20021790	0	1			0		other	0
145	660	Response	y					20100324	4071	1
145	661	Response	e					20105204	4785	1
145	663	Sound	feature;2;16;27	feature	2	16	27	20106296	0	1			0		other	0
145	664	Response	y					20189363	8946	1
145	665	Response	e					20193442	4025	1
145	667	Sound	feature;2;17;37	feature	2	17	37	20194584	0	1			0		other	0
145	668	Response	y					20293440	7859	2
145	669	Response	e					20299760	6180	1
145	671	Response	s					20925910	625830	1
145	673	Sound	feature;2;18;3	feature	2	18	3	20927006	0	1			0		other	0
145	674	Response	n					21022867	9974	2
145	675	Response	e					21027507	4614	1
145	677	Sound	feature;2;19;47	feature	2	19	47	21028599	0	1			0		other	0
145	678	Response	n					21123027	9970	1
145	679	Response	e					21126947	3891	1
145	681	Sound	feature;2;20;45	feature	2	20	45	21128085	0	1			0		other	0
145	682	Response	n					21224785	11898	1
145	683	Response	e					21228544	3657	1
145	685	Sound	feature;2;21;12	feature	2	21	12	21229680	0	1			0		other	0
145	686	Response	n					21324143	9925	1
145	687	Response	e					21328943	4726	1
145	689	Sound	feature;2;22;46	feature	2	22	46	21329960	0	1			0		other	0
145	690	Response	n					21422381	11000	1
145	691	Response	e					21427581	5033	1
145	693	Sound	feature;2;23;34	feature	2	23	34	21428651	0	1			0		other	0
145	694	Response	y					21509100	7388	1
145	695	Response	e					21514459	5247	1
145	697	Sound	feature;2;24;2	feature	2	24	2	21515545	0	1			0		other	0
145	698	Response	y					21615018	8476	1
145	699	Response	e					21620297	5255	1
145	701	Sound	feature;2;25;28	feature	2	25	28	21621341	0	1			0		other	0
145	702	Response	y					21698296	7423	1
145	703	Response	e					21703336	4963	1
145	705	Sound	feature;2;26;36	feature	2	26	36	21704325	0	1			0		other	0
145	706	Response	y					21804454	4417	1
145	707	Response	e					21809254	4717	1
145	709	Sound	feature;2;27;19	feature	2	27	19	21810319	0	1			0		other	0
145	710	Response	y					21896053	8019	1
145	711	Response	e					21900612	4411	1
145	713	Sound	feature;2;28;11	feature	2	28	11	21901604	0	1			0		other	0
145	714	Response	y					22007571	24540	1
145	715	Response	e					22012931	5233	1
145	717	Sound	feature;2;29;17	feature	2	29	17	22013996	0	1			0		other	0
145	718	Response	y					22101489	5294	1
145	719	Response	e					22105889	4361	1
145	721	Sound	feature;2;30;6	feature	2	30	6	22106990	0	1			0		other	0
145	722	Response	y					22197248	5056	1
145	723	Response	e					22201647	4288	1
145	725	Sound	feature;2;31;39	feature	2	31	39	22202674	0	1			0		other	0
145	726	Response	y					22301086	6897	1
145	727	Response	e					22305165	3976	1
145	729	Sound	feature;2;32;49	feature	2	32	49	22306159	0	1			0		other	0
145	730	Response	n					22397004	9318	1
145	731	Response	e					22401004	3818	1
145	733	Sound	feature;2;33;32	feature	2	33	32	22401953	0	1			0		other	0
145	734	Response	y					22476123	3272	1
145	735	Response	e					22480602	4418	1
145	737	Sound	feature;2;34;48	feature	2	34	48	22481648	0	1			0		other	0
145	738	Response	n					22577881	14700	1
145	739	Response	e					22583081	5067	1
145	741	Response	s					23227790	644443	1
145	743	Sound	feature;2;35;14	feature	2	35	14	23228773	0	1			0		other	0
145	744	Response	y					23317228	6902	1
145	745	Response	e					23321308	3982	1
145	747	Sound	feature;2;36;21	feature	2	36	21	23322255	0	1			0		other	0
145	748	Response	y					23388289	2631	59
145	749	Response	e					23395147	6656	1
145	751	Sound	feature;2;37;24	feature	2	37	24	23396247	0	1			0		other	0
145	752	Response	y					23476826	4671	1
145	753	Response	e					23482585	5597	1
145	755	Sound	feature;2;38;18	feature	2	38	18	23483635	0	1			0		other	0
145	756	Response	y					23576184	13032	1
145	757	Response	e					23581463	5144	1
145	759	Sound	feature;2;39;1	feature	2	39	1	23582434	0	1			0		other	0
145	760	Response	y					23685302	7153	1
145	761	Response	e					23689062	3580	1
145	763	Sound	feature;2;40;8	feature	2	40	8	23690113	0	1			0		other	0
145	764	Response	y					23785459	10313	2
145	765	Response	e					23789140	3494	1
145	767	Sound	feature;2;41;41	feature	2	41	41	23790312	0	1			0		other	0
145	768	Response	n					23883779	8302	1
145	769	Response	e					23887218	3408	1
145	771	Sound	feature;2;42;40	feature	2	42	40	23888307	0	1			0		other	0
145	772	Response	y					23992097	11123	1
145	773	Response	e					23998016	5876	1
145	775	Sound	feature;2;43;44	feature	2	43	44	23999089	0	1			0		other	0
145	776	Response	n					24095055	10918	1
145	777	Response	e					24099535	4398	1
145	779	Sound	feature;2;44;43	feature	2	44	43	24100557	0	64			0		other	0
145	780	Response	n					24193613	7979	1
145	781	Response	e					24197293	3493	1
145	783	Sound	feature;2;45;9	feature	2	45	9	24198372	0	1			0		other	0
145	784	Response	y					24293932	10467	1
145	785	Response	e					24298251	4287	1
145	787	Sound	feature;2;46;30	feature	2	46	30	24299263	0	1			0		other	0
145	788	Response	y					24377530	9401	1
145	789	Response	e					24382490	4861	1
145	791	Sound	feature;2;47;31	feature	2	47	31	24383548	0	1			0		other	0
145	792	Response	y					24460089	5629	1
145	793	Response	e					24466008	5882	1
145	795	Sound	feature;2;48;50	feature	2	48	50	24467140	0	1			0		other	0
145	796	Response	n					24559607	8483	1
145	797	Response	e					24564007	4217	1
145	799	Sound	feature;2;49;7	feature	2	49	7	24565129	0	1			0		other	0
145	800	Response	y					24658325	2204	1
145	801	Response	e					24666645	8191	1
145	803	Sound	feature;2;50;5	feature	2	50	5	24667813	0	1			0		other	0
145	804	Response	y					24763443	2825	1
145	805	Response	e					24767763	4146	1
145	807	Response	s					25054201	285917	1
