Scenario - 
Logfile written - 02/03/2016 18:02:58

Subject	Trial	Event Type	Code	block_type(str)	block_idx(num)	trial_order(num)	trial_file(num)	Time	TTime	Uncertainty	Duration	Uncertainty	ReqTime	ReqDur	Stim Type	Pair Index

25	1	Response	s					217345	216679	1
25	3	Response	s					530701	312874	1
25	5	Response	s					651019	120033	1
25	7	Sound	train;1;1;2	train	1	1	2	652028	0	1			0		other	0
25	8	Response	y					753337	19190	1
25	9	Response	e					765817	12337	1
25	11	Response	s					858776	92629	1
25	14	Response	s					989574	47932	1
25	16	Sound	train;1;1;10	train	1	1	10	990400	0	1			0		other	0
25	17	Response	y					1092053	36247	1
25	18	Response	e					1107972	15834	1
25	20	Response	s					1164212	55908	1
25	23	Response	r					1256850	26603	1
25	26	Response	s					1343089	20123	1
25	28	Sound	train;1;1;17	train	1	1	17	1343951	0	1			0		other	0
25	29	Response	y					1426288	12325	1
25	30	Response	e					1437079	10616	9
25	32	Response	s					1474047	36584	1
25	35	Response	s					1558286	13326	1
25	37	Sound	train;1;1;22	train	1	1	22	1559304	0	65			0		other	0
25	38	Response	y					1671324	21033	1
25	39	Response	e					1674284	2827	1
25	41	Response	s					1706731	32108	34
25	44	Response	s					1811882	13262	1
25	46	Sound	train;1;1;34	train	1	1	34	1812809	0	1			0		other	0
25	47	Response	n					1910921	16636	1
25	48	Response	e					1915690	4739	32
25	50	Response	s					1962040	46089	1
25	53	Response	r					2065479	21198	1
25	56	Response	s					2179957	32179	1
25	58	Sound	train;1;1;1	train	1	1	1	2180970	0	1			0		other	0
25	59	Response	y					2270596	6821	1
25	60	Response	e					2282515	11740	1
25	62	Response	s					2312835	30061	1
25	65	Response	s					2419794	23356	1
25	67	Sound	train;1;1;34	train	1	1	34	2420844	0	1			0		other	0
25	68	Response	n					2516752	14483	1
25	69	Response	e					2519472	2537	1
25	71	Response	s					2556192	36424	1
25	74	Response	r					2668990	30392	1
25	77	Response	r					2760269	9007	1
25	80	Response	s					2853867	11274	1
25	82	Sound	train;1;1;34	train	1	1	34	2854704	0	1			0		other	0
25	83	Response	n					2954986	18906	1
25	84	Response	e					2960346	5256	1
25	86	Response	s					2987545	26955	1
25	89	Response	s					3079384	9630	1
25	91	Sound	train;1;1;34	train	1	1	34	3080079	0	1			0		other	0
25	92	Response	y					3164023	2438	1
25	93	Response	e					3168983	4898	1
25	95	Response	s					3189223	19972	1
25	98	Response	s					3302501	30919	1
25	100	Response	s					3477378	174630	1
25	102	Sound	train;1;1;4	train	1	1	4	3478239	0	1			0		other	0
25	103	Response	y					3570017	13942	1
25	104	Response	e					3576977	6903	1
25	106	Response	r					3613762	36521	15
25	109	Response	s					3707375	14971	1
25	111	Sound	train;1;1;12	train	1	1	12	3708323	0	1			0		other	0
25	112	Response	y					3797374	14472	1
25	113	Response	e					3810254	12852	1
25	115	Response	r					3860653	50085	1
25	118	Response	s					3965931	30033	1
25	120	Sound	train;1;1;13	train	1	1	13	3966889	0	1			0		other	0
25	121	Response	n					4055770	19374	1
25	122	Response	e					4060330	4435	1
25	124	Response	r					4085210	24649	1
25	126	Sound	train;1;1;13	train	1	1	13	4086085	0	1			0		other	0
25	127	Response	s					4168089	12530	1
25	129	Sound	train;1;1;19	train	1	1	19	4169072	0	1			0		other	0
25	130	Response	y					4250327	8104	1
25	131	Response	e					4257847	7457	1
25	133	Response	r					4285367	27311	1
25	136	Response	s					4393525	34138	1
25	138	Sound	train;1;1;28	train	1	1	28	4394448	0	1			0		other	0
25	139	Response	y					4483444	3893	1
25	140	Response	e					4495284	11734	1
25	142	Response	r					4521204	25654	1
25	144	Sound	train;1;1;28	train	1	1	28	4522038	0	1			0		other	0
25	145	Response	s					4612075	5028	8
25	147	Sound	train;1;1;37	train	1	1	37	4613028	0	1			0		other	0
25	148	Response	y					4699121	3909	1
25	149	Response	e					4708721	9510	1
25	151	Response	r					4730720	21675	1
25	153	Sound	train;1;1;37	train	1	1	37	4731612	0	1			0		other	0
25	154	Response	s					4825039	11164	1
25	156	Sound	train;1;1;24	train	1	1	24	4826006	0	1			0		other	0
25	157	Response	y					4921038	3499	1
25	158	Response	e					4929117	7911	1
25	160	Response	s					4959357	29985	1
25	162	Sound	train;1;1;32	train	1	1	32	4960188	0	1			0		other	0
25	163	Response	y					5057116	12414	1
25	164	Response	e					5060955	3753	1
25	166	Response	r					5098475	37273	1
25	169	Response	s					5196314	12448	1
25	171	Sound	train;1;1;36	train	1	1	36	5197265	0	1			0		other	0
25	172	Response	n					5289912	9716	1
25	173	Response	e					5293672	3643	1
25	175	Response	r					5343832	49969	1
25	178	Response	s					5438710	11018	1
25	180	Sound	train;1;1;40	train	1	1	40	5439737	0	1			0		other	0
25	181	Response	n					5518469	13123	1
25	182	Response	e					5523029	4506	1
25	184	Response	s					5548149	24792	1
25	186	Sound	train;1;1;28	train	1	1	28	5549042	0	1			0		other	0
25	187	Response	n					5642787	8600	1
25	188	Response	e					5646787	3933	1
25	190	Response	s					5679187	32167	1
25	192	Sound	train;1;1;37	train	1	1	37	5680220	0	1			0		other	0
25	193	Response	y					5769266	6916	1
25	194	Response	e					5773825	4475	1
25	196	Response	s					5801425	27408	1
25	198	Sound	train;1;1;36	train	1	1	36	5802401	0	1			0		other	0
25	199	Response	n					5895344	9997	1
25	200	Response	e					5901743	6229	1
25	202	Response	r					5948063	46050	1
25	205	Response	s					6055102	23259	1
25	207	Sound	train;1;1;37	train	1	1	37	6056079	0	1			0		other	0
25	208	Response	n					6147100	8760	1
25	209	Response	e					6161980	14806	1
25	211	Response	s					6181980	19807	1
25	213	Sound	train;1;1;36	train	1	1	36	6182865	0	1			0		other	0
25	214	Response	y					6271018	5347	1
25	215	Response	e					6275418	4248	1
25	217	Response	r					6314218	38548	1
25	220	Response	s					6436216	38216	1
25	222	Response	s					6543478	106979	17
25	224	Sound	test;1;1;11	test	1	1	11	6544625	0	1			0		other	0
25	225	Response	y					6634853	8692	1
25	226	Response	e					6645413	10419	1
25	228	Sound	test;1;2;45	test	1	2	45	6646425	0	1			0		other	0
25	229	Response	y					6741252	9927	1
25	230	Response	e					6751971	10646	1
25	232	Sound	test;1;3;37	test	1	3	37	6752906	0	1			0		other	0
25	233	Response	y					6865410	21421	1
25	234	Response	e					6878929	13441	1
25	236	Sound	test;1;4;2	test	1	4	2	6879898	0	1			0		other	0
25	237	Response	y					6976368	5549	1
25	238	Response	e					6984928	8443	1
25	240	Sound	test;1;5;46	test	1	5	46	6985897	0	2			0		other	0
25	241	Response	n					7081247	13931	1
25	242	Response	e					7088927	7611	1
25	244	Sound	test;1;6;5	test	1	6	5	7089983	0	1			0		other	0
25	245	Response	y					7193805	11159	1
25	246	Response	e					7199516	5536	50
25	248	Sound	test;1;7;6	test	1	7	6	7200563	0	1			0		other	0
25	249	Response	y					7294204	8394	1
25	250	Response	e					7301003	6693	1
25	252	Sound	test;1;8;9	test	1	8	9	7302049	0	1			0		other	0
25	253	Response	n					7404442	17301	1
25	254	Response	e					7410522	6048	1
25	256	Sound	test;1;9;3	test	1	9	3	7411548	0	1			0		other	0
25	257	Response	n					7542760	45288	1
25	258	Response	e					7548120	5316	1
25	260	Sound	test;1;10;22	test	1	10	22	7549131	0	64			0		other	0
25	261	Response	y					7624359	10391	1
25	262	Response	e					7629559	5091	1
25	264	Sound	test;1;11;12	test	1	11	12	7630629	0	1			0		other	0
25	265	Response	n					7726358	11225	1
25	266	Response	e					7733717	7251	1
25	268	Sound	test;1;12;13	test	1	12	13	7734819	0	1			0		other	0
25	269	Response	n					7836916	20619	1
25	270	Response	e					7846276	9349	1
25	272	Sound	test;1;13;31	test	1	13	31	7847306	0	1			0		other	0
25	273	Response	y					7926195	7901	1
25	274	Response	e					7933394	7100	1
25	276	Sound	test;1;14;18	test	1	14	18	7934489	0	1			0		other	0
25	277	Response	y					8020593	6635	1
25	278	Response	e					8032993	12368	1
25	280	Sound	test;1;15;44	test	1	15	44	8034082	0	1			0		other	0
25	281	Response	n					8128192	9070	1
25	282	Response	e					8133791	5503	1
25	284	Sound	test;1;16;23	test	1	16	23	8134863	0	1			0		other	0
25	285	Response	y					8217471	8018	1
25	286	Response	e					8223550	5931	1
25	288	Sound	test;1;17;14	test	1	17	14	8224571	0	1			0		other	0
25	289	Response	n					8346989	40872	1
25	290	Response	e					8356108	8992	1
25	292	Response	s					8990260	633811	1
25	294	Sound	test;1;18;26	test	1	18	26	8991285	0	1			0		other	0
25	295	Response	y					9060578	3147	1
25	296	Response	e					9070178	9414	1
25	298	Sound	test;1;19;28	test	1	19	28	9071073	0	1			0		other	0
25	299	Response	y					9149697	9102	1
25	300	Response	e					9158577	8815	1
25	302	Sound	test;1;20;21	test	1	20	21	9159465	0	1			0		other	0
25	303	Response	y					9232256	9496	1
25	304	Response	e					9238976	6550	1
25	306	Sound	test;1;21;42	test	1	21	42	9239964	0	1			0		other	0
25	307	Response	n					9340654	9731	1
25	308	Response	e					9357294	16537	1
25	310	Sound	test;1;22;10	test	1	22	10	9358352	0	1			0		other	0
25	311	Response	y					9450893	7639	1
25	312	Response	e					9459692	8772	1
25	314	Sound	test;1;23;30	test	1	23	30	9460636	0	1			0		other	0
25	315	Response	y					9537532	8114	1
25	316	Response	e					9543691	6106	1
25	318	Sound	test;1;24;40	test	1	24	40	9544726	0	1			0		other	0
25	319	Response	n					9676570	39155	1
25	320	Response	e					9681289	4541	1
25	322	Sound	test;1;25;1	test	1	25	1	9682425	0	1			0		other	0
25	323	Response	y					9787048	8970	1
25	324	Response	e					9792568	5490	1
25	326	Sound	test;1;26;43	test	1	26	43	9793700	0	1			0		other	0
25	327	Response	n					9886087	7345	1
25	328	Response	e					9892806	6564	1
25	330	Sound	test;1;27;16	test	1	27	16	9893804	0	1			0		other	0
25	331	Response	y					9981445	4705	1
25	332	Response	e					9987365	5792	1
25	334	Sound	test;1;28;15	test	1	28	15	9988288	0	1			0		other	0
25	335	Response	y					10079204	6800	1
25	336	Response	e					10085203	5966	1
25	338	Sound	test;1;29;36	test	1	29	36	10086181	0	1			0		other	0
25	339	Response	n					10189762	8028	1
25	340	Response	e					10199202	9301	1
25	342	Sound	test;1;30;33	test	1	30	33	10200166	0	1			0		other	0
25	343	Response	y					10284401	11169	1
25	344	Response	e					10294148	9583	13
25	346	Sound	test;1;31;35	test	1	31	35	10295053	0	1			0		other	0
25	347	Response	y					10378400	8337	1
25	348	Response	e					10384079	5516	1
25	350	Sound	test;1;32;39	test	1	32	39	10385145	0	1			0		other	0
25	351	Response	y					10480478	3751	1
25	352	Response	e					10487998	7438	1
25	354	Sound	test;1;33;25	test	1	33	25	10489030	0	1			0		other	0
25	355	Response	y					10564157	9766	1
25	356	Response	e					10569516	5291	1
25	358	Sound	test;1;34;7	test	1	34	7	10570526	0	1			0		other	0
25	359	Response	y					10667115	5560	1
25	360	Response	e					10674075	6853	1
25	362	Response	s					11300146	625802	1
25	364	Sound	test;1;35;50	test	1	35	50	11301058	0	1			0		other	0
25	365	Response	n					11394625	9589	1
25	366	Response	e					11398705	4002	1
25	368	Sound	test;1;36;20	test	1	36	20	11399751	0	1			0		other	0
25	369	Response	y					11469664	4296	1
25	370	Response	e					11478943	9242	1
25	372	Sound	test;1;37;48	test	1	37	48	11479934	0	1			0		other	0
25	373	Response	n					11604782	43417	1
25	374	Response	e					11609022	4158	1
25	376	Sound	test;1;38;32	test	1	38	32	11610029	0	1			0		other	0
25	377	Response	y					11689021	8159	1
25	378	Response	e					11693100	3905	1
25	380	Sound	test;1;39;41	test	1	39	41	11694113	0	1			0		other	0
25	381	Response	n					11789179	9820	1
25	382	Response	e					11793499	4140	1
25	384	Sound	test;1;40;24	test	1	40	24	11794507	0	1			0		other	0
25	385	Response	y					11881338	10981	1
25	386	Response	e					11888058	6535	1
25	388	Sound	test;1;41;19	test	1	41	19	11889089	0	1			0		other	0
25	389	Response	y					11972857	6003	1
25	390	Response	e					11978376	5355	1
25	392	Sound	test;1;42;38	test	1	42	38	11979487	0	1			0		other	0
25	393	Response	y					12069834	4482	62
25	394	Response	e					12079655	9637	1
25	396	Sound	test;1;43;49	test	1	43	49	12080572	0	1			0		other	0
25	397	Response	n					12171094	9078	1
25	398	Response	e					12175254	4072	1
25	400	Sound	test;1;44;29	test	1	44	29	12176261	0	1			0		other	0
25	401	Response	y					12253332	7318	2
25	402	Response	e					12261652	8138	1
25	404	Sound	test;1;45;17	test	1	45	17	12262556	0	1			0		other	0
25	405	Response	y					12352931	8253	1
25	406	Response	e					12356611	3600	1
25	408	Sound	test;1;46;8	test	1	46	8	12357552	0	1			0		other	0
25	409	Response	y					12447090	4415	1
25	410	Response	e					12452769	5594	1
25	412	Sound	test;1;47;34	test	1	47	34	12453837	0	1			0		other	0
25	413	Response	y					12533729	6723	1
25	414	Response	e					12538688	4848	1
25	416	Sound	test;1;48;4	test	1	48	4	12539727	0	1			0		other	0
25	417	Response	y					12635647	4310	1
25	418	Response	e					12642607	6937	1
25	420	Sound	test;1;49;27	test	1	49	27	12643516	0	1			0		other	0
25	421	Response	n					12740766	23098	1
25	422	Response	e					12745005	4171	1
25	424	Sound	test;1;50;47	test	1	50	47	12746114	0	1			0		other	0
25	425	Response	n					12839564	8899	1
25	426	Response	e					12843748	4083	57
25	428	Response	s					13091001	246670	1
25	430	Sound	feature;2;1;1	feature	2	1	1	13092173	0	1			0		other	0
25	431	Response	s					13201239	26250	1
25	433	Sound	feature;2;2;2	feature	2	2	2	13202154	0	1			0		other	0
25	434	Response	s					13575314	290827	1
25	436	Sound	feature;2;1;49	feature	2	1	49	13576432	0	1			0		other	0
25	437	Response	n					13666832	8855	1
25	438	Response	e					13671152	4175	1
25	440	Sound	feature;2;2;10	feature	2	2	10	13672206	0	1			0		other	0
25	441	Response	y					13765631	8657	1
25	442	Response	e					13769311	3504	1
25	444	Sound	feature;2;3;3	feature	2	3	3	13770408	0	1			0		other	0
25	445	Response	y					13877709	21404	1
25	446	Response	e					13881309	3505	1
25	448	Sound	feature;2;4;23	feature	2	4	23	13882295	0	1			0		other	0
25	449	Response	y					13966268	9466	1
25	450	Response	e					13970028	3726	1
25	452	Sound	feature;2;5;4	feature	2	5	4	13971081	0	1			0		other	0
25	453	Response	y					14067227	4594	1
25	454	Response	e					14070746	3447	1
25	456	Sound	feature;2;6;19	feature	2	6	19	14071779	0	1			0		other	0
25	457	Response	n					14159065	9601	1
25	458	Response	e					14161865	2735	1
25	460	Sound	feature;2;7;43	feature	2	7	43	14162967	0	1			0		other	0
25	461	Response	n					14281784	33822	1
25	462	Response	e					14285143	3182	1
25	464	Sound	feature;2;8;7	feature	2	8	7	14286260	0	1			0		other	0
25	465	Response	y					14382582	5291	1
25	466	Response	e					14387462	4837	1
25	468	Sound	feature;2;9;39	feature	2	9	39	14388541	0	1			0		other	0
25	469	Response	n					14492021	11899	1
25	470	Response	e					14495300	3178	1
25	472	Sound	feature;2;10;24	feature	2	10	24	14496331	0	1			0		other	0
25	473	Response	y					14576019	3733	1
25	474	Response	e					14581299	5180	1
25	476	Sound	feature;2;11;41	feature	2	11	41	14582417	0	1			0		other	0
25	477	Response	n					14672018	4401	1
25	478	Response	e					14675458	3341	1
25	480	Sound	feature;2;12;21	feature	2	12	21	14676514	0	1			0		other	0
25	481	Response	y					14752417	12469	1
25	482	Response	e					14756176	3728	1
25	484	Sound	feature;2;13;50	feature	2	13	50	14757203	0	1			0		other	0
25	485	Response	n					14857615	16336	1
25	486	Response	e					14860815	3036	1
25	488	Sound	feature;2;14;22	feature	2	14	22	14861800	0	1			0		other	0
25	489	Response	y					14935614	9004	1
25	490	Response	e					14940014	4237	1
25	492	Sound	feature;2;15;20	feature	2	15	20	14940989	0	1			0		other	0
25	493	Response	n					15020813	14205	1
25	494	Response	e					15024333	3392	1
25	496	Sound	feature;2;16;6	feature	2	16	6	15025379	0	1			0		other	0
25	497	Response	y					15118652	8046	1
25	498	Response	e					15122491	3719	1
25	500	Sound	feature;2;17;37	feature	2	17	37	15123568	0	1			0		other	0
25	501	Response	n					15242090	27494	1
25	502	Response	e					15245689	3420	1
25	504	Response	s					15900961	655026	1
25	506	Sound	feature;2;18;48	feature	2	18	48	15901982	0	1			0		other	0
25	507	Response	n					15993519	10103	1
25	508	Response	e					15997919	4336	1
25	510	Sound	feature;2;19;29	feature	2	19	29	15998986	0	1			0		other	0
25	511	Response	y					16080398	11651	1
25	512	Response	e					16095278	14698	1
25	514	Sound	feature;2;20;2	feature	2	20	2	16096269	0	1			0		other	0
25	515	Response	y					16191171	3927	26
25	516	Response	e					16196236	4825	1
25	518	Sound	feature;2;21;42	feature	2	21	42	16197265	0	1			0		other	0
25	519	Response	n					16304795	16554	1
25	520	Response	e					16323754	18846	1
25	522	Sound	feature;2;22;26	feature	2	22	26	16324856	0	1			0		other	0
25	523	Response	y					16404393	13321	1
25	524	Response	e					16408953	4381	1
25	526	Sound	feature;2;23;17	feature	2	23	17	16410143	0	1			0		other	0
25	527	Response	y					16498472	6069	1
25	528	Response	e					16500871	2302	1
25	530	Sound	feature;2;24;8	feature	2	24	8	16501929	0	1			0		other	0
25	531	Response	y					16595350	8283	1
25	532	Response	e					16606150	10750	1
25	534	Sound	feature;2;25;36	feature	2	25	36	16607221	0	1			0		other	0
25	535	Response	y					16708549	5652	1
25	536	Response	e					16716308	7578	1
25	538	Sound	feature;2;26;46	feature	2	26	46	16717408	0	1			0		other	0
25	539	Response	n					16806867	7972	1
25	540	Response	e					16810467	3572	1
25	542	Sound	feature;2;27;27	feature	2	27	27	16811494	0	1			0		other	0
25	543	Response	y					16915906	30180	1
25	544	Response	e					16918465	2407	1
25	546	Sound	feature;2;28;5	feature	2	28	5	16919487	0	1			0		other	0
25	547	Response	y					17015984	3761	1
25	548	Response	e					17027984	11928	1
25	550	Sound	feature;2;29;12	feature	2	29	12	17028979	0	1			0		other	0
25	551	Response	y					17123343	9790	1
25	552	Response	e					17126543	3157	1
25	554	Sound	feature;2;30;30	feature	2	30	30	17127564	0	1			0		other	0
25	555	Response	y					17205102	8717	1
25	556	Response	e					17208621	3403	1
25	558	Sound	feature;2;31;15	feature	2	31	15	17209553	0	1			0		other	0
25	559	Response	n					17303820	10271	1
25	560	Response	e					17310300	6418	1
25	562	Sound	feature;2;32;45	feature	2	32	45	17311249	0	1			0		other	0
25	563	Response	n					17403019	6973	1
25	564	Response	e					17407258	4212	1
25	566	Sound	feature;2;33;14	feature	2	33	14	17408240	0	1			0		other	0
25	567	Response	y					17493258	3548	1
25	568	Response	e					17497737	4360	1
25	570	Sound	feature;2;34;18	feature	2	34	18	17498824	0	1			0		other	0
25	571	Response	y					17603656	25282	1
25	572	Response	e					17609016	5309	1
25	574	Response	s					18257007	647800	1
25	576	Sound	feature;2;35;44	feature	2	35	44	18257852	0	1			0		other	0
25	577	Response	n					18354685	11830	1
25	578	Response	e					18358365	3511	1
25	580	Sound	feature;2;36;47	feature	2	36	47	18359437	0	1			0		other	0
25	581	Response	y					18452204	8352	1
25	582	Response	e					18454443	2091	1
25	584	Sound	feature;2;37;9	feature	2	37	9	18455436	0	1			0		other	0
25	585	Response	n					18562042	21526	1
25	586	Response	e					18573082	10900	1
25	588	Sound	feature;2;38;1	feature	2	38	1	18574119	0	1			0		other	0
25	589	Response	y					18709720	39874	1
25	590	Response	e					18722840	12995	1
25	592	Sound	feature;2;39;40	feature	2	39	40	18724014	0	1			0		other	0
25	593	Response	n					18838598	21922	1
25	594	Response	e					18843318	4643	1
25	596	Sound	feature;2;40;11	feature	2	40	11	18844302	0	1			0		other	0
25	597	Response	n					18932837	6997	1
25	598	Response	e					18938197	5191	1
25	600	Sound	feature;2;41;38	feature	2	41	38	18939288	0	1			0		other	0
25	601	Response	y					19032756	7586	1
25	602	Response	e					19037315	4478	1
25	604	Sound	feature;2;42;28	feature	2	42	28	19038276	0	1			0		other	0
25	605	Response	n					19122594	14759	1
25	606	Response	e					19126754	4086	1
25	608	Sound	feature;2;43;16	feature	2	43	16	19127767	0	1			0		other	0
25	609	Response	y					19215633	4967	1
25	610	Response	e					19221952	6287	1
25	612	Sound	feature;2;44;35	feature	2	44	35	19222857	0	1			0		other	0
25	613	Response	y					19309872	12042	1
25	614	Response	e					19315391	5395	1
25	616	Sound	feature;2;45;25	feature	2	45	25	19316348	0	1			0		other	0
25	617	Response	y					19395150	13489	1
25	618	Response	e					19399230	3922	1
25	620	Sound	feature;2;46;31	feature	2	46	31	19400235	0	1			0		other	0
25	621	Response	y					19484029	12870	1
25	622	Response	e					19486749	2591	1
25	624	Sound	feature;2;47;34	feature	2	47	34	19487735	0	1			0		other	0
25	625	Response	y					19566348	5525	1
25	626	Response	e					19573548	7058	1
25	628	Sound	feature;2;48;33	feature	2	48	33	19574524	0	1			0		other	0
25	629	Response	y					19653467	5813	1
25	630	Response	e					19655946	2292	1
25	632	Sound	feature;2;49;32	feature	2	49	32	19656812	0	1			0		other	0
25	633	Response	y					19729786	2134	1
25	634	Response	e					19740105	10286	1
25	636	Sound	feature;2;50;13	feature	2	50	13	19741011	0	2			0		other	0
25	637	Response	y					19824344	1861	1
25	638	Response	e					19833704	9221	1
25	640	Response	s					20015382	181066	1
25	642	Sound	object;3;1;1	object	3	1	1	20016479	0	1			0		other	0
25	643	Response	s					20112740	13432	1
25	645	Sound	object;3;2;2	object	3	2	2	20113665	0	1			0		other	0
25	646	Response	s					20416416	220443	1
25	648	Sound	object;3;1;7	object	3	1	7	20417433	0	1			0		other	0
25	649	Response	y					20512126	3661	49
25	650	Response	e					20518486	6187	9
25	652	Sound	object;3;2;44	object	3	2	44	20519535	0	1			0		other	0
25	653	Response	n					20616093	11464	1
25	654	Response	e					20621213	5084	1
25	656	Sound	object;3;3;2	object	3	3	2	20622211	0	1			0		other	0
25	657	Response	y					20727425	14132	27
25	658	Response	e					20730571	2945	1
25	660	Sound	object;3;4;49	object	3	4	49	20731508	0	1			0		other	0
25	661	Response	n					20825530	12573	1
25	662	Response	e					20829769	4170	1
25	664	Sound	object;3;5;19	object	3	5	19	20830689	0	1			0		other	0
25	665	Response	y					20916089	7634	1
25	666	Response	e					20920489	4368	1
25	668	Sound	object;3;6;42	object	3	6	42	20921486	0	1			0		other	0
25	669	Response	n					21026167	13715	1
25	670	Response	e					21030407	4122	1
25	672	Sound	object;3;7;4	object	3	7	4	21031471	0	1			0		other	0
25	673	Response	y					21128006	4890	1
25	674	Response	e					21132805	4689	1
25	676	Sound	object;3;8;43	object	3	8	43	21133866	0	1			0		other	0
25	677	Response	n					21227844	8897	1
25	678	Response	e					21231924	3977	1
25	680	Sound	object;3;9;25	object	3	9	25	21232852	0	1			0		other	0
25	681	Response	y					21310003	11725	1
25	682	Response	e					21312243	2132	1
25	684	Sound	object;3;10;22	object	3	10	22	21313143	0	1			0		other	0
25	685	Response	y					21392242	14133	1
25	686	Response	e					21394161	1885	1
25	688	Sound	object;3;11;1	object	3	11	1	21395229	0	1			0		other	0
25	689	Response	y					21495920	4980	1
25	690	Response	e					21502720	6672	1
25	692	Sound	object;3;12;39	object	3	12	39	21503729	0	1			0		other	0
25	693	Response	n					21606159	10889	1
25	694	Response	e					21610718	4448	1
25	696	Sound	object;3;13;37	object	3	13	37	21611715	0	1			0		other	0
25	697	Response	y					21721357	18589	1
25	698	Response	e					21723037	1603	1
25	700	Sound	object;3;14;26	object	3	14	26	21723998	0	1			0		other	0
25	701	Response	y					21800636	10537	1
25	702	Response	e					21802635	1870	1
25	704	Sound	object;3;15;32	object	3	15	32	21803594	0	1			0		other	0
25	705	Response	y					21880795	6365	1
25	706	Response	e					21884234	3304	1
25	708	Sound	object;3;16;6	object	3	16	6	21885190	0	1			0		other	0
25	709	Response	y					21974073	3646	1
25	710	Response	e					21978633	4550	1
25	712	Sound	object;3;17;11	object	3	17	11	21979682	0	1			0		other	0
25	713	Response	n					22071032	9940	1
25	714	Response	e					22078072	6981	1
25	716	Response	s					22739422	661164	1
25	718	Sound	object;3;18;5	object	3	18	5	22740502	0	1			0		other	0
25	719	Response	y					22835981	2743	1
25	720	Response	e					22843021	6950	1
25	722	Sound	object;3;19;20	object	3	19	20	22843990	0	1			0		other	0
25	723	Response	y					22923660	13924	1
25	724	Response	e					22925499	1763	1
25	726	Sound	object;3;20;9	object	3	20	9	22926482	0	1			0		other	0
25	727	Response	n					23020698	9131	1
25	728	Response	e					23025898	5165	1
25	730	Sound	object;3;21;13	object	3	21	13	23026973	0	1			0		other	0
25	731	Response	n					23115657	7259	1
25	732	Response	e					23118777	3046	1
25	734	Sound	object;3;22;50	object	3	22	50	23119763	0	1			0		other	0
25	735	Response	n					23211896	8168	1
25	736	Response	e					23215495	3433	1
25	738	Sound	object;3;23;27	object	3	23	27	23216459	0	1			0		other	0
25	739	Response	n					23305174	14614	1
25	740	Response	e					23312854	7628	1
25	742	Sound	object;3;24;12	object	3	24	12	23313838	0	1			0		other	0
25	743	Response	n					23408453	10063	1
25	744	Response	e					23411732	3176	1
25	746	Sound	object;3;25;47	object	3	25	47	23412826	0	1			0		other	0
25	747	Response	n					23507171	9784	1
25	748	Response	e					23512051	4831	1
25	750	Sound	object;3;26;38	object	3	26	38	23513119	0	1			0		other	0
25	751	Response	y					23607330	8279	1
25	752	Response	e					23611170	3786	1
25	754	Sound	object;3;27;45	object	3	27	45	23612114	0	1			0		other	0
25	755	Response	n					23703729	6858	1
25	756	Response	e					23708048	4166	1
25	758	Sound	object;3;28;29	object	3	28	29	23709104	0	1			0		other	0
25	759	Response	y					23785888	7008	1
25	760	Response	e					23792447	6400	1
25	762	Sound	object;3;29;16	object	3	29	16	23793495	0	1			0		other	0
25	763	Response	y					23882206	5829	1
25	764	Response	e					23886846	4469	1
25	766	Sound	object;3;30;36	object	3	30	36	23887793	0	1			0		other	0
25	767	Response	y					23989485	6110	1
25	768	Response	e					23993164	3623	1
25	770	Sound	object;3;31;18	object	3	31	18	23994081	0	1			0		other	0
25	771	Response	y					24076363	2824	1
25	772	Response	e					24084283	7744	1
25	774	Sound	object;3;32;48	object	3	32	48	24085269	0	1			0		other	0
25	775	Response	n					24174202	7499	1
25	776	Response	e					24178042	3672	1
25	778	Sound	object;3;33;17	object	3	33	17	24179052	0	1			0		other	0
25	779	Response	y					24269881	8680	1
25	780	Response	e					24273800	3766	1
25	782	Sound	object;3;34;24	object	3	34	24	24274750	0	1			0		other	0
25	783	Response	y					24357799	7101	1
25	784	Response	e					24362919	5054	1
25	786	Response	s					25007390	644025	1
25	788	Sound	object;3;35;40	object	3	35	40	25008374	0	1			0		other	0
25	789	Response	n					25111708	10529	1
25	790	Response	e					25116028	4183	1
25	792	Sound	object;3;36;35	object	3	36	35	25117066	0	1			0		other	0
25	793	Response	y					25199787	7777	1
25	794	Response	e					25205127	5284	21
25	796	Sound	object;3;37;30	object	3	37	30	25206256	0	1			0		other	0
25	797	Response	y					25286906	11898	1
25	798	Response	e					25297386	10379	1
25	800	Sound	object;3;38;15	object	3	38	15	25298443	0	1			0		other	0
25	801	Response	y					25386105	3600	1
25	802	Response	e					25392344	6173	1
25	804	Sound	object;3;39;41	object	3	39	41	25393432	0	1			0		other	0
25	805	Response	n					25481703	3034	1
25	806	Response	e					25487303	5467	1
25	808	Sound	object;3;40;46	object	3	40	46	25488236	0	1			0		other	0
25	809	Response	n					25578422	8755	1
25	810	Response	e					25582501	4001	1
25	812	Sound	object;3;41;33	object	3	41	33	25583616	0	1			0		other	0
25	813	Response	y					25664181	7517	1
25	814	Response	e					25669220	4889	1
25	816	Sound	object;3;42;8	object	3	42	8	25670304	0	1			0		other	0
25	817	Response	y					25760819	5491	1
25	818	Response	e					25766979	5984	1
25	820	Sound	object;3;43;21	object	3	43	21	25767897	0	1			0		other	0
25	821	Response	y					25840578	9252	1
25	822	Response	e					25844178	3518	1
25	824	Sound	object;3;44;31	object	3	44	31	25845292	0	1			0		other	0
25	825	Response	y					25949776	33619	1
25	826	Response	e					25952816	2993	1
25	828	Sound	object;3;45;10	object	3	45	10	25953982	0	1			0		other	0
25	829	Response	y					26061855	23034	1
25	830	Response	e					26064654	2667	1
25	832	Sound	object;3;46;28	object	3	46	28	26065661	0	1			0		other	0
25	833	Response	y					26144334	9182	1
25	834	Response	e					26149293	4808	1
25	836	Sound	object;3;47;14	object	3	47	14	26150187	0	64			0		other	0
25	837	Response	n					26235532	3716	1
25	838	Response	e					26240572	4923	1
25	840	Sound	object;3;48;23	object	3	48	23	26241545	0	1			0		other	0
25	841	Response	y					26319691	3544	1
25	842	Response	e					26324891	5077	1
25	844	Sound	object;3;49;3	object	3	49	3	26325940	0	1			0		other	0
25	845	Response	y					26439310	27499	61
25	846	Response	e					26444249	4772	1
25	848	Sound	object;3;50;34	object	3	50	34	26445224	0	1			0		other	0
25	849	Response	y					26527528	9220	1
25	850	Response	e					26532248	4607	1
25	852	Response	s					27229050	696242	1
