Scenario - 
Logfile written - 02/03/2016 16:28:56

Subject	Trial	Event Type	Code	block_type(str)	block_idx(num)	trial_order(num)	trial_file(num)	Time	TTime	Uncertainty	Duration	Uncertainty	ReqTime	ReqDur	Stim Type	Pair Index

64	1	Response	s					297394	296728	1
64	3	Response	s					400833	103008	1
64	5	Response	s					439072	37916	1
64	7	Sound	train;1;1;2	train	1	1	2	440106	0	1			0		other	0
64	8	Response	n					540670	18351	1
64	9	Response	n					549070	8251	1
64	10	Response	e					581790	32638	1
64	12	Response	s					628509	46525	1
64	15	Response	s					770747	59132	1
64	17	Sound	train;1;1;10	train	1	1	10	771680	0	1			0		other	0
64	18	Response	y					859706	22728	1
64	19	Response	y					876985	17174	1
64	20	Response	e					880905	3761	1
64	22	Response	s					921705	40562	1
64	25	Response	s					1021864	34057	1
64	27	Sound	train;1;1;17	train	1	1	17	1022752	0	1			0		other	0
64	28	Response	y					1100342	7537	1
64	29	Response	e					1105462	4991	1
64	31	Response	s					1119702	13898	1
64	34	Response	s					1208181	17712	1
64	36	Sound	train;1;1;22	train	1	1	22	1209134	0	1			0		other	0
64	37	Response	n					1310580	10447	1
64	38	Response	e					1317059	6426	1
64	40	Response	s					1362979	45680	1
64	43	Response	s					1479697	24735	1
64	45	Sound	train;1;1;34	train	1	1	34	1480708	0	1			0		other	0
64	46	Response	n					1575056	12930	1
64	47	Response	e					1579296	4170	1
64	49	Response	s					1600495	20869	1
64	52	Response	s					1692894	10104	1
64	54	Sound	train;1;1;1	train	1	1	1	1693886	0	1			0		other	0
64	55	Response	y					1785773	8986	1
64	56	Response	e					1794972	9018	1
64	58	Response	s					1805132	9845	1
64	61	Response	s					1898251	9466	1
64	63	Sound	train;1;1;2	train	1	1	2	1899158	0	1			0		other	0
64	64	Response	y					1987530	6248	1
64	65	Response	e					1995529	7914	1
64	67	Response	s					2020969	25187	1
64	70	Response	s					2123208	19263	1
64	72	Sound	train;1;1;22	train	1	1	22	2124141	0	1			0		other	0
64	73	Response	y					2220166	5057	1
64	74	Response	e					2225446	5170	1
64	76	Response	s					2237206	11430	1
64	79	Response	s					2341445	12505	1
64	81	Sound	train;1;1;34	train	1	1	34	2342423	0	1			0		other	0
64	82	Response	y					2430243	6306	1
64	83	Response	e					2438883	8612	1
64	85	Response	s					2455763	16659	1
64	88	Response	s					2546002	7901	1
64	90	Response	s					2652000	105732	1
64	92	Sound	train;1;1;4	train	1	1	4	2652990	0	1			0		other	0
64	93	Response	y					2738319	7556	1
64	94	Response	e					2742959	4530	1
64	96	Response	s					2755919	12657	1
64	98	Sound	train;1;1;12	train	1	1	12	2756976	0	1			0		other	0
64	99	Response	n					2856077	24650	1
64	100	Response	e					2859517	3257	1
64	102	Response	s					2876637	16878	1
64	104	Sound	train;1;1;13	train	1	1	13	2877672	0	1			0		other	0
64	105	Response	n					2971516	24259	1
64	106	Response	e					2975755	4165	1
64	108	Response	s					2989435	13345	1
64	110	Sound	train;1;1;19	train	1	1	19	2990454	0	1			0		other	0
64	111	Response	y					3067674	4086	1
64	112	Response	e					3071594	3840	1
64	114	Response	s					3081194	9273	1
64	116	Sound	train;1;1;28	train	1	1	28	3082152	0	1			0		other	0
64	117	Response	n					3173353	6101	1
64	118	Response	e					3176232	2814	1
64	120	Response	s					3185752	9334	1
64	122	Sound	train;1;1;37	train	1	1	37	3186736	0	1			0		other	0
64	123	Response	n					3276471	7555	1
64	124	Response	e					3278951	2369	1
64	126	Response	s					3287271	8022	1
64	128	Sound	train;1;1;24	train	1	1	24	3288327	0	1			0		other	0
64	129	Response	n					3385430	5517	1
64	130	Response	e					3388949	3370	1
64	132	Response	s					3406709	17463	1
64	134	Sound	train;1;1;32	train	1	1	32	3407619	0	1			0		other	0
64	135	Response	n					3504068	11991	1
64	136	Response	e					3510468	6225	1
64	138	Response	s					3527347	16604	1
64	140	Sound	train;1;1;36	train	1	1	36	3528304	0	1			0		other	0
64	141	Response	n					3634866	23626	1
64	142	Response	e					3638146	3240	1
64	144	Response	s					3650626	12220	1
64	146	Sound	train;1;1;40	train	1	1	40	3651592	0	1			0		other	0
64	147	Response	n					3725265	8028	1
64	148	Response	e					3727664	2260	1
64	150	Response	s					3734704	6800	1
64	152	Sound	train;1;1;12	train	1	1	12	3735687	0	1			0		other	0
64	153	Response	y					3820703	10468	1
64	154	Response	e					3822783	2048	1
64	156	Response	s					3845263	22195	1
64	158	Sound	train;1;1;24	train	1	1	24	3846364	0	1			0		other	0
64	159	Response	y					3941662	3764	1
64	160	Response	e					3944461	2729	1
64	162	Response	s					3966381	21649	1
64	164	Sound	train;1;1;32	train	1	1	32	3967259	0	1			0		other	0
64	165	Response	n					4059980	8251	1
64	166	Response	e					4062300	2238	1
64	168	Response	s					4076620	14059	1
64	170	Sound	train;1;1;36	train	1	1	36	4077743	0	1			0		other	0
64	171	Response	n					4170538	9979	1
64	172	Response	e					4173418	2870	1
64	174	Response	s					4187418	13692	1
64	176	Sound	train;1;1;32	train	1	1	32	4188437	0	1			0		other	0
64	177	Response	y					4275657	2767	1
64	178	Response	e					4278377	2654	1
64	180	Response	s					4288617	10181	1
64	182	Sound	train;1;1;36	train	1	1	36	4289621	0	1			0		other	0
64	183	Response	y					4376216	3662	1
64	184	Response	e					4378535	2148	1
64	186	Response	s					4392855	14135	1
64	188	Response	s					4445814	52761	1
64	190	Sound	test;1;1;14	test	1	1	14	4446810	0	1			0		other	0
64	191	Response	n					4536613	8397	1
64	192	Response	e					4538933	2217	1
64	194	Sound	test;1;2;13	test	1	2	13	4539902	0	1			0		other	0
64	195	Response	y					4626372	4991	1
64	196	Response	e					4630532	3985	1
64	198	Sound	test;1;3;2	test	1	3	2	4631388	0	1			0		other	0
64	199	Response	y					4726691	4313	1
64	200	Response	e					4730690	3990	1
64	202	Sound	test;1;4;33	test	1	4	33	4731579	0	2			0		other	0
64	203	Response	y					4807649	2940	1
64	204	Response	e					4811489	3780	1
64	206	Sound	test;1;5;23	test	1	5	23	4812374	0	1			0		other	0
64	207	Response	y					4890608	3734	1
64	208	Response	e					4893568	2861	1
64	210	Sound	test;1;6;38	test	1	6	38	4894661	0	1			0		other	0
64	211	Response	y					4983087	2549	1
64	212	Response	e					4986526	3321	1
64	214	Sound	test;1;7;29	test	1	7	29	4987649	0	1			0		other	0
64	215	Response	y					5063966	6597	1
64	216	Response	y					5071245	7209	1
64	217	Response	y					5075965	4596	1
64	218	Response	e					5080765	4729	1
64	220	Sound	test;1;8;16	test	1	8	16	5081848	0	2			0		other	0
64	221	Response	n					5178444	13744	1
64	222	Response	e					5181004	2471	1
64	224	Sound	test;1;9;50	test	1	9	50	5181941	0	1			0		other	0
64	225	Response	n					5275963	9932	1
64	226	Response	e					5281082	5052	1
64	228	Sound	test;1;10;49	test	1	10	49	5282131	0	1			0		other	0
64	229	Response	n					5372921	9393	1
64	230	Response	e					5378281	5253	1
64	232	Sound	test;1;11;20	test	1	11	20	5379219	0	1			0		other	0
64	233	Response	y					5450680	5821	1
64	234	Response	e					5456040	5181	1
64	236	Sound	test;1;12;9	test	1	12	9	5457107	0	1			0		other	0
64	237	Response	y					5548599	6409	1
64	238	Response	e					5552198	3508	1
64	240	Sound	test;1;13;30	test	1	13	30	5553201	0	1			0		other	0
64	241	Response	y					5625718	3697	1
64	242	Response	e					5628277	2422	1
64	244	Sound	test;1;14;24	test	1	14	24	5629192	0	1			0		other	0
64	245	Response	y					5711476	6290	1
64	246	Response	e					5715796	4277	1
64	248	Sound	test;1;15;17	test	1	15	17	5716783	0	1			0		other	0
64	249	Response	y					5804515	5510	1
64	250	Response	e					5812515	7832	1
64	252	Sound	test;1;16;12	test	1	16	12	5813574	0	64			0		other	0
64	253	Response	n					5906834	8820	1
64	254	Response	e					5912273	5259	1
64	256	Sound	test;1;17;31	test	1	17	31	5913173	0	1			0		other	0
64	257	Response	n					5991392	7380	1
64	258	Response	e					5995472	3960	1
64	260	Response	s					6657943	662264	1
64	262	Sound	test;1;18;4	test	1	18	4	6658884	0	1			0		other	0
64	263	Response	y					6753861	3368	1
64	264	Response	e					6756901	2908	1
64	266	Sound	test;1;19;18	test	1	19	18	6757876	0	1			0		other	0
64	267	Response	y					6844100	6776	1
64	268	Response	e					6846900	2743	1
64	270	Sound	test;1;20;41	test	1	20	41	6847861	0	1			0		other	0
64	271	Response	n					6943939	10951	1
64	272	Response	e					6949298	5310	1
64	274	Sound	test;1;21;21	test	1	21	21	6950157	0	1			0		other	0
64	275	Response	n					7020418	6932	1
64	276	Response	e					7023857	3371	1
64	278	Sound	test;1;22;28	test	1	22	28	7024853	0	1			0		other	0
64	279	Response	n					7098177	3860	1
64	280	Response	e					7101616	3299	1
64	282	Sound	test;1;23;44	test	1	23	44	7102547	0	1			0		other	0
64	283	Response	n					7194895	7247	1
64	284	Response	e					7198603	3622	54
64	286	Sound	test;1;24;46	test	1	24	46	7199735	0	1			0		other	0
64	287	Response	y					7295054	13908	1
64	288	Response	e					7298573	3428	1
64	290	Sound	test;1;25;32	test	1	25	32	7299417	0	1			0		other	0
64	291	Response	n					7383772	13462	1
64	292	Response	e					7388332	4522	1
64	294	Sound	test;1;26;34	test	1	26	34	7389415	0	1			0		other	0
64	295	Response	n					7475291	12817	1
64	296	Response	e					7477931	2457	1
64	298	Sound	test;1;27;43	test	1	27	43	7478908	0	1			0		other	0
64	299	Response	n					7581930	17958	1
64	300	Response	e					7585769	3798	1
64	302	Sound	test;1;28;36	test	1	28	36	7586791	0	1			0		other	0
64	303	Response	y					7692648	10179	1
64	304	Response	e					7694568	1766	1
64	306	Sound	test;1;29;27	test	1	29	27	7695585	0	1			0		other	0
64	307	Response	y					7780167	10367	1
64	308	Response	e					7782086	1786	1
64	310	Sound	test;1;30;8	test	1	30	8	7783071	0	1			0		other	0
64	311	Response	y					7873365	5234	1
64	312	Response	e					7875925	2461	1
64	314	Sound	test;1;31;26	test	1	31	26	7876865	0	1			0		other	0
64	315	Response	y					7945844	2882	1
64	316	Response	e					7947604	1642	1
64	318	Sound	test;1;32;25	test	1	32	25	7948455	0	1			0		other	0
64	319	Response	y					8027843	14049	1
64	320	Response	e					8030403	2443	1
64	322	Sound	test;1;33;7	test	1	33	7	8031348	0	1			0		other	0
64	323	Response	n					8133922	11631	1
64	324	Response	e					8136481	2524	1
64	326	Sound	test;1;34;3	test	1	34	3	8137533	0	1			0		other	0
64	327	Response	y					8234160	10705	1
64	328	Response	e					8236560	2272	1
64	330	Response	s					8881591	644803	1
64	332	Sound	test;1;35;1	test	1	35	1	8882463	0	1			0		other	0
64	333	Response	y					8981670	3568	1
64	334	Response	e					8985749	3980	1
64	336	Sound	test;1;36;39	test	1	36	39	8986750	0	1			0		other	0
64	337	Response	n					9087588	9322	1
64	338	Response	e					9091268	3502	1
64	340	Sound	test;1;37;10	test	1	37	10	9092341	0	1			0		other	0
64	341	Response	y					9185248	7984	20
64	342	Response	e					9189586	4156	1
64	344	Sound	test;1;38;19	test	1	38	19	9190628	0	1			0		other	0
64	345	Response	y					9271345	2917	1
64	346	Response	e					9276305	4877	1
64	348	Sound	test;1;39;42	test	1	39	42	9277327	0	1			0		other	0
64	349	Response	n					9370544	2285	1
64	350	Response	e					9376944	6352	1
64	352	Sound	test;1;40;6	test	1	40	6	9378010	0	1			0		other	0
64	353	Response	n					9474303	11047	1
64	354	Response	e					9479102	4679	1
64	356	Sound	test;1;41;11	test	1	41	11	9480109	0	1			0		other	0
64	357	Response	y					9564701	3114	1
64	358	Response	e					9567261	2507	1
64	360	Sound	test;1;42;45	test	1	42	45	9568396	0	1			0		other	0
64	361	Response	n					9664929	11678	12
64	362	Response	e					9675899	10815	2
64	364	Sound	test;1;43;37	test	1	43	37	9676879	0	1			0		other	0
64	365	Response	n					9782218	14303	1
64	366	Response	e					9787098	4850	1
64	368	Sound	test;1;44;40	test	1	44	40	9788171	0	1			0		other	0
64	369	Response	y					9884617	3705	1
64	370	Response	e					9887176	2431	1
64	372	Sound	test;1;45;48	test	1	45	48	9888157	0	1			0		other	0
64	373	Response	n					9981495	11918	1
64	374	Response	e					9985895	4319	1
64	376	Sound	test;1;46;22	test	1	46	22	9986751	0	1			0		other	0
64	377	Response	y					10063814	12240	1
64	378	Response	e					10074054	10147	1
64	380	Sound	test;1;47;35	test	1	47	35	10074944	0	1			0		other	0
64	381	Response	n					10172932	23027	1
64	382	Response	e					10180292	7221	1
64	384	Sound	test;1;48;47	test	1	48	47	10181329	0	1			0		other	0
64	385	Response	n					10278051	12149	1
64	386	Response	e					10283811	5576	1
64	388	Sound	test;1;49;15	test	1	49	15	10284826	0	1			0		other	0
64	389	Response	y					10377089	8189	2
64	390	Response	e					10381489	4256	1
64	392	Sound	test;1;50;5	test	1	50	5	10382512	0	1			0		other	0
64	393	Response	y					10478448	3218	1
64	394	Response	e					10482928	4364	1
64	396	Response	s					10576766	93203	1
64	398	Sound	feature;2;1;1	feature	2	1	1	10577790	0	1			0		other	0
64	399	Response	s					10680285	19559	1
64	401	Sound	feature;2;2;2	feature	2	2	2	10681285	0	1			0		other	0
64	402	Response	s					10968841	205285	1
64	404	Sound	feature;2;1;49	feature	2	1	49	10969854	0	1			0		other	0
64	405	Response	n					11063320	11938	1
64	406	Response	e					11067479	4097	1
64	408	Sound	feature;2;2;41	feature	2	2	41	11068441	0	1			0		other	0
64	409	Response	n					11160438	6726	1
64	410	Response	e					11163638	3092	1
64	412	Sound	feature;2;3;37	feature	2	3	37	11164636	0	1			0		other	0
64	413	Response	y					11259797	4087	1
64	414	Response	e					11263076	3199	1
64	416	Sound	feature;2;4;32	feature	2	4	32	11264130	0	1			0		other	0
64	417	Response	n					11342356	7315	1
64	418	Response	e					11346915	4374	1
64	420	Sound	feature;2;5;8	feature	2	5	8	11347915	0	1			0		other	0
64	421	Response	y					11443554	10515	1
64	422	Response	e					11446674	2969	1
64	424	Sound	feature;2;6;23	feature	2	6	23	11447610	0	1			0		other	0
64	425	Response	n					11537313	15110	1
64	426	Response	e					11543472	6103	1
64	428	Sound	feature;2;7;2	feature	2	7	2	11544459	0	64			0		other	0
64	429	Response	n					11670591	35058	1
64	430	Response	e					11683151	12452	1
64	432	Sound	feature;2;8;48	feature	2	8	48	11684076	0	1			0		other	0
64	433	Response	n					11772510	6980	1
64	434	Response	e					11774989	2470	1
64	436	Sound	feature;2;9;42	feature	2	9	42	11775872	0	1			0		other	0
64	437	Response	n					11872508	5647	1
64	438	Response	e					11876108	3414	1
64	440	Sound	feature;2;10;22	feature	2	10	22	11877165	0	1			0		other	0
64	441	Response	y					11954827	12801	1
64	442	Response	e					11957307	2448	1
64	444	Sound	feature;2;11;29	feature	2	11	29	11958158	0	1			0		other	0
64	445	Response	y					12030666	2809	1
64	446	Response	e					12034185	3495	1
64	448	Sound	feature;2;12;39	feature	2	12	39	12035246	0	1			0		other	0
64	449	Response	n					12150824	23970	1
64	450	Response	e					12170344	19490	1
64	452	Sound	feature;2;13;12	feature	2	13	12	12171438	0	1			0		other	0
64	453	Response	n					12267062	11211	1
64	454	Response	e					12269862	2678	1
64	456	Sound	feature;2;14;35	feature	2	14	35	12270926	0	1			0		other	0
64	457	Response	y					12356581	10759	1
64	458	Response	e					12359381	2699	1
64	460	Sound	feature;2;15;38	feature	2	15	38	12360411	0	1			0		other	0
64	461	Response	n					12460020	13674	1
64	462	Response	e					12473459	13281	1
64	464	Sound	feature;2;16;18	feature	2	16	18	12474399	0	1			0		other	0
64	465	Response	y					12556418	2575	1
64	466	Response	e					12562418	5908	1
64	468	Sound	feature;2;17;17	feature	2	17	17	12563402	0	1			0		other	0
64	469	Response	n					12658177	12669	1
64	470	Response	e					12660737	2396	1
64	472	Response	s					13389766	728759	1
64	474	Sound	feature;2;18;10	feature	2	18	10	13390706	0	1			0		other	0
64	475	Response	n					13482565	7079	1
64	476	Response	e					13487685	5032	1
64	478	Sound	feature;2;19;25	feature	2	19	25	13488696	0	1			0		other	0
64	479	Response	y					13559364	5213	1
64	480	Response	e					13562084	2600	1
64	482	Sound	feature;2;20;6	feature	2	20	6	13563094	0	1			0		other	0
64	483	Response	y					13651843	3528	1
64	484	Response	e					13655762	3780	1
64	486	Sound	feature;2;21;3	feature	2	21	3	13656684	0	1			0		other	0
64	487	Response	n					13745201	2555	1
64	488	Response	e					13750641	5329	1
64	490	Sound	feature;2;22;36	feature	2	22	36	13751777	0	1			0		other	0
64	491	Response	y					13850240	2764	1
64	492	Response	e					13853519	3209	1
64	494	Sound	feature;2;23;33	feature	2	23	33	13854564	0	1			0		other	0
64	495	Response	n					13949198	21557	1
64	496	Response	e					13959358	10051	1
64	498	Sound	feature;2;24;26	feature	2	24	26	13960361	0	1			0		other	0
64	499	Response	n					14060397	33925	1
64	500	Response	e					14069516	9045	1
64	502	Sound	feature;2;25;44	feature	2	25	44	14070542	0	1			0		other	0
64	503	Response	n					14164075	8440	1
64	504	Response	e					14166635	2500	1
64	506	Sound	feature;2;26;21	feature	2	26	21	14167735	0	1			0		other	0
64	507	Response	y					14233674	2541	1
64	508	Response	e					14236234	2434	1
64	510	Sound	feature;2;27;11	feature	2	27	11	14237227	0	1			0		other	0
64	511	Response	n					14323833	5202	1
64	512	Response	e					14326153	2189	1
64	514	Sound	feature;2;28;31	feature	2	28	31	14327224	0	1			0		other	0
64	515	Response	y					14402712	4583	1
64	516	Response	e					14406791	3996	1
64	518	Sound	feature;2;29;20	feature	2	29	20	14407909	0	1			0		other	0
64	519	Response	n					14478631	5004	1
64	520	Response	e					14481910	3117	1
64	522	Sound	feature;2;30;40	feature	2	30	40	14482901	0	1			0		other	0
64	523	Response	y					14578149	2525	1
64	524	Response	e					14580949	2658	1
64	526	Sound	feature;2;31;34	feature	2	31	34	14582000	0	1			0		other	0
64	527	Response	n					14667348	12226	1
64	528	Response	e					14670308	2853	1
64	530	Sound	feature;2;32;5	feature	2	32	5	14671477	0	1			0		other	0
64	531	Response	y					14767107	2821	1
64	532	Response	e					14769266	1980	1
64	534	Sound	feature;2;33;16	feature	2	33	16	14770166	0	1			0		other	0
64	535	Response	y					14855665	2548	1
64	536	Response	e					14858385	2601	1
64	538	Sound	feature;2;34;27	feature	2	34	27	14859363	0	1			0		other	0
64	539	Response	n					14972944	39496	1
64	540	Response	e					14975903	2789	1
64	542	Response	s					15675734	699620	1
64	544	Sound	feature;2;35;14	feature	2	35	14	15676680	0	1			0		other	0
64	545	Response	n					15765252	7158	1
64	546	Response	e					15767892	2465	1
64	548	Sound	feature;2;36;46	feature	2	36	46	15768873	0	1			0		other	0
64	549	Response	n					15855891	5466	1
64	550	Response	e					15858051	2127	1
64	552	Sound	feature;2;37;24	feature	2	37	24	15858967	0	1			0		other	0
64	553	Response	y					15938690	3767	1
64	555	Response	e					15941730	0	1
64	556	Sound	feature;2;38;28	feature	2	38	28	15942860	0	1			0		other	0
64	557	Response	y					16015489	3068	1
64	558	Response	e					16018128	2541	1
64	560	Sound	feature;2;39;47	feature	2	39	47	16019150	0	1			0		other	0
64	561	Response	n					16143967	40382	1
64	562	Response	e					16151166	7082	1
64	564	Sound	feature;2;40;4	feature	2	40	4	16152130	0	1			0		other	0
64	565	Response	n					16263565	19817	1
64	566	Response	e					16265805	2058	1
64	568	Sound	feature;2;41;43	feature	2	41	43	16266831	0	1			0		other	0
64	569	Response	n					16387723	35811	1
64	570	Response	e					16391643	3732	1
64	572	Sound	feature;2;42;7	feature	2	42	7	16392602	0	1			0		other	0
64	573	Response	n					16504442	20867	1
64	574	Response	e					16506521	1946	1
64	576	Sound	feature;2;43;45	feature	2	43	45	16507491	0	1			0		other	0
64	577	Response	n					16602840	10434	1
64	578	Response	e					16605400	2495	1
64	580	Sound	feature;2;44;50	feature	2	44	50	16606484	0	1			0		other	0
64	581	Response	n					16709959	19389	1
64	582	Response	e					16712438	2369	1
64	584	Sound	feature;2;45;19	feature	2	45	19	16713475	0	1			0		other	0
64	585	Response	y					16795238	4004	1
64	586	Response	e					16799317	3917	1
64	588	Sound	feature;2;46;1	feature	2	46	1	16800368	0	1			0		other	0
64	589	Response	n					17062914	166850	1
64	590	Response	e					17074193	11133	1
64	592	Sound	feature;2;47;30	feature	2	47	30	17075136	0	1			0		other	0
64	593	Response	y					17148113	4222	1
64	594	Response	e					17151552	3327	1
64	596	Sound	feature;2;48;13	feature	2	48	13	17152627	0	1			0		other	0
64	597	Response	n					17241391	7335	1
64	598	Response	e					17242991	1436	1
64	600	Sound	feature;2;49;15	feature	2	49	15	17243923	0	1			0		other	0
64	601	Response	y					17334430	6543	1
64	602	Response	e					17339069	4516	1
64	604	Sound	feature;2;50;9	feature	2	50	9	17340106	0	1			0		other	0
64	605	Response	n					17482267	57050	1
64	606	Response	e					17491308	8925	1
64	608	Response	s					17616666	124784	1
64	610	Sound	object;3;1;1	object	3	1	1	17617682	0	1			0		other	0
64	611	Response	s					17718584	18040	1
64	613	Sound	object;3;2;2	object	3	2	2	17719576	0	1			0		other	0
64	614	Response	s					17961541	159667	1
64	616	Sound	object;3;1;32	object	3	1	32	17962652	0	1			0		other	0
64	617	Response	n					18042900	9365	1
64	618	Response	e					18046099	3064	1
64	620	Sound	object;3;2;41	object	3	2	41	18047239	0	1			0		other	0
64	621	Response	n					18140818	8452	1
64	622	Response	e					18143938	3072	1
64	624	Sound	object;3;3;19	object	3	3	19	18144931	0	1			0		other	0
64	625	Response	y					18225857	3160	1
64	626	Response	e					18228417	2387	1
64	628	Sound	object;3;4;17	object	3	4	17	18229423	0	1			0		other	0
64	629	Response	y					18315216	3688	1
64	630	Response	e					18319376	4015	1
64	632	Sound	object;3;5;45	object	3	5	45	18320420	0	1			0		other	0
64	633	Response	y					18429054	23862	1
64	634	Response	e					18437214	8023	1
64	636	Sound	object;3;6;26	object	3	6	26	18438200	0	1			0		other	0
64	637	Response	n					18527613	23257	1
64	638	Response	e					18531932	4243	1
64	640	Sound	object;3;7;9	object	3	7	9	18532890	0	1			0		other	0
64	641	Response	y					18621611	3591	1
64	642	Response	e					18624971	3285	1
64	644	Sound	object;3;8;30	object	3	8	30	18625887	0	1			0		other	0
64	645	Response	y					18701290	6606	1
64	646	Response	e					18705530	4179	1
64	648	Sound	object;3;9;40	object	3	9	40	18706579	0	1			0		other	0
64	649	Response	n					18812169	12821	1
64	650	Response	e					18815128	2780	1
64	652	Sound	object;3;10;44	object	3	10	44	18816169	0	1			0		other	0
64	653	Response	n					18926567	25388	1
64	655	Response	e					18931127	0	1
64	656	Sound	object;3;11;10	object	3	11	10	18932253	0	1			0		other	0
64	657	Response	n					19118084	100908	1
64	658	Response	e					19120564	2391	1
64	660	Sound	object;3;12;2	object	3	12	2	19121632	0	1			0		other	0
64	661	Response	n					19357121	144450	1
64	662	Response	e					19359840	2673	1
64	664	Sound	object;3;13;42	object	3	13	42	19360919	0	1			0		other	0
64	665	Response	n					19580878	129046	1
64	666	Response	e					19624397	43402	1
64	668	Sound	object;3;14;33	object	3	14	33	19625379	0	1			0		other	0
64	669	Response	n					19705996	7504	1
64	670	Response	e					19708476	2318	1
64	672	Sound	object;3;15;20	object	3	15	20	19709373	0	1			0		other	0
64	673	Response	y					19777995	3005	1
64	674	Response	e					19779994	1838	1
64	676	Sound	object;3;16;47	object	3	16	47	19781073	0	1			0		other	0
64	677	Response	n					19872314	6826	1
64	678	Response	e					19875513	3026	1
64	680	Sound	object;3;17;22	object	3	17	22	19876464	0	1			0		other	0
64	681	Response	y					19949592	8273	1
64	682	Response	e					19956152	6500	1
64	684	Response	s					20667880	711395	23
64	686	Sound	object;3;18;13	object	3	18	13	20668875	0	1			0		other	0
64	687	Response	n					20782140	31842	1
64	688	Response	e					20791260	8963	1
64	690	Sound	object;3;19;43	object	3	19	43	20792178	0	1			0		other	0
64	691	Response	n					20882699	5404	1
64	692	Response	e					20886459	3665	1
64	694	Sound	object;3;20;11	object	3	20	11	20887555	0	1			0		other	0
64	695	Response	n					20971498	2539	1
64	696	Response	e					20973897	2272	1
64	698	Sound	object;3;21;24	object	3	21	24	20974854	0	1			0		other	0
64	699	Response	y					21053256	2466	2
64	700	Response	e					21054616	1326	1
64	702	Sound	object;3;22;35	object	3	22	35	21055634	0	1			0		other	0
64	703	Response	n					21133575	2954	1
64	704	Response	e					21136055	2434	1
64	706	Sound	object;3;23;46	object	3	23	46	21137138	0	1			0		other	0
64	707	Response	n					21224374	5755	1
64	708	Response	e					21227014	2562	1
64	710	Sound	object;3;24;34	object	3	24	34	21228024	0	1			0		other	0
64	711	Response	n					21303253	2136	1
64	712	Response	e					21307093	3809	1
64	714	Sound	object;3;25;39	object	3	25	39	21308116	0	1			0		other	0
64	715	Response	y					21405012	5398	1
64	716	Response	e					21408611	3497	1
64	718	Sound	object;3;26;4	object	3	26	4	21409691	0	1			0		other	0
64	719	Response	y					21503810	2532	1
64	720	Response	e					21505650	1705	1
64	722	Sound	object;3;27;7	object	3	27	7	21506696	0	1			0		other	0
64	723	Response	y					21600529	2753	1
64	724	Response	e					21602208	1599	1
64	726	Sound	object;3;28;38	object	3	28	38	21603185	0	1			0		other	0
64	727	Response	n					21707167	18060	1
64	728	Response	e					21714607	7334	1
64	730	Sound	object;3;29;12	object	3	29	12	21715669	0	1			0		other	0
64	731	Response	n					21819966	19862	1
64	732	Response	e					21823565	3462	1
64	734	Sound	object;3;30;37	object	3	30	37	21824559	0	1			0		other	0
64	735	Response	n					21924924	9323	1
64	736	Response	e					21929724	4623	1
64	738	Sound	object;3;31;18	object	3	31	18	21930651	0	1			0		other	0
64	739	Response	y					22013003	2905	1
64	740	Response	e					22015938	2840	26
64	742	Sound	object;3;32;28	object	3	32	28	22016942	0	2			0		other	0
64	743	Response	y					22089242	2812	1
64	744	Response	e					22092521	3258	1
64	746	Sound	object;3;33;48	object	3	33	48	22093437	0	1			0		other	0
64	747	Response	n					22180920	5992	1
64	748	Response	e					22183240	2146	1
64	750	Sound	object;3;34;8	object	3	34	8	22184128	0	1			0		other	0
64	751	Response	y					22272359	3101	1
64	752	Response	e					22274279	1854	1
64	754	Response	s					22928830	654238	1
64	756	Sound	object;3;35;21	object	3	35	21	22929750	0	1			0		other	0
64	757	Response	y					22995469	2396	1
64	758	Response	y					23002828	7255	1
64	759	Response	e					23007868	4962	1
64	761	Sound	object;3;36;27	object	3	36	27	23008749	0	1			0		other	0
64	762	Response	n					23089147	6243	1
64	763	Response	e					23091467	2230	1
64	765	Sound	object;3;37;6	object	3	37	6	23092437	0	1			0		other	0
64	766	Response	y					23180426	2858	1
64	767	Response	e					23183546	2978	1
64	769	Sound	object;3;38;3	object	3	38	3	23184421	0	1			0		other	0
64	770	Response	n					23273465	3066	1
64	771	Response	e					23275944	2378	1
64	773	Sound	object;3;39;23	object	3	39	23	23277014	0	1			0		other	0
64	774	Response	y					23353784	2220	1
64	775	Response	e					23355943	2046	1
64	777	Sound	object;3;40;14	object	3	40	14	23357005	0	1			0		other	0
64	778	Response	n					23444022	5460	1
64	779	Response	e					23446982	2921	1
64	781	Sound	object;3;41;1	object	3	41	1	23447999	0	1			0		other	0
64	782	Response	y					23546901	3175	1
64	783	Response	e					23549620	2561	1
64	785	Sound	object;3;42;49	object	3	42	49	23550787	0	1			0		other	0
64	786	Response	n					23636660	4437	1
64	787	Response	e					23639299	2576	1
64	789	Sound	object;3;43;5	object	3	43	5	23640380	0	1			0		other	0
64	790	Response	y					23736578	3524	1
64	791	Response	e					23739458	2737	1
64	793	Sound	object;3;44;29	object	3	44	29	23740468	0	1			0		other	0
64	794	Response	y					23813297	3078	1
64	795	Response	e					23815137	1752	1
64	797	Sound	object;3;45;16	object	3	45	16	23816168	0	1			0		other	0
64	798	Response	y					23902016	2966	1
64	799	Response	e					23903695	1645	1
64	801	Sound	object;3;46;50	object	3	46	50	23904652	0	1			0		other	0
64	802	Response	n					23995374	6660	1
64	803	Response	e					23997934	2387	1
64	805	Sound	object;3;47;25	object	3	47	25	23998945	0	1			0		other	0
64	806	Response	y					24069213	5001	1
64	808	Response	e					24071533	0	1
64	809	Sound	object;3;48;15	object	3	48	15	24072439	0	1			0		other	0
64	810	Response	y					24159292	2749	1
64	811	Response	e					24162492	3116	1
64	813	Sound	object;3;49;31	object	3	49	31	24163423	0	1			0		other	0
64	814	Response	n					24249451	15077	1
64	815	Response	e					24252410	2869	1
64	817	Sound	object;3;50;36	object	3	50	36	24253515	0	1			0		other	0
64	818	Response	n					24352489	3284	1
64	819	Response	e					24355129	2591	1
64	821	Response	s					24398969	43264	1
