Scenario - 
Logfile written - 02/02/2016 10:43:43

Subject	Trial	Event Type	Code	block_type(str)	block_idx(num)	trial_order(num)	trial_file(num)	Time	TTime	Uncertainty	Duration	Uncertainty	ReqTime	ReqDur	Stim Type	Pair Index

88	1	Response	s					215790	215124	1
88	3	Response	s					800102	583942	1
88	5	Response	s					1349454	549142	1
88	7	Sound	train;1;1;2	train	1	1	2	1350499	0	1			0		other	0
88	8	Response	n					1507131	74501	1
88	9	Response	e					1688889	181594	1
88	11	Response	s					1802167	113044	1
88	14	Response	r					2071764	186646	1
88	17	Response	r					2174882	20104	1
88	20	Response	r					2286800	29025	1
88	23	Response	r					2450158	80386	1
88	26	Response	r					2599276	66175	1
88	29	Response	s					2696555	14124	1
88	31	Sound	train;1;1;10	train	1	1	10	2697460	0	1			0		other	0
88	32	Response	y					2787593	24831	1
88	33	Response	e					2816953	29192	1
88	35	Response	s					2902552	85291	1
88	38	Response	s					3015990	47233	1
88	40	Sound	train;1;1;17	train	1	1	17	3016929	0	1			0		other	0
88	41	Response	y					3105509	18589	1
88	42	Response	e					3114948	9362	1
88	44	Response	s					3174708	59455	1
88	47	Response	s					3265186	19770	1
88	49	Sound	train;1;1;22	train	1	1	22	3266056	0	65			0		other	0
88	50	Response	y					3376625	19545	1
88	51	Response	e					3393105	16359	1
88	53	Response	s					3442624	49212	1
88	56	Response	s					3571422	36847	1
88	58	Sound	train;1;1;34	train	1	1	34	3572467	0	1			0		other	0
88	59	Response	n					3673661	19755	1
88	60	Response	e					3680860	7122	1
88	62	Response	s					3725660	44589	1
88	65	Response	s					3834138	26236	1
88	67	Sound	train;1;1;1	train	1	1	1	3835140	0	1			0		other	0
88	68	Response	y					3932457	14392	1
88	69	Response	e					3947577	15012	1
88	71	Response	s					3988776	40878	1
88	74	Response	s					4094215	21820	1
88	76	Sound	train;1;1;2	train	1	1	2	4095111	0	1			0		other	0
88	77	Response	n					4199813	22588	1
88	78	Response	e					4209893	10002	1
88	80	Response	s					4246132	35908	1
88	83	Response	r					4365971	36917	1
88	86	Response	s					4464049	15164	1
88	88	Sound	train;1;1;34	train	1	1	34	4465080	0	1			0		other	0
88	89	Response	y					4559568	13019	1
88	90	Response	e					4572288	12573	1
88	92	Response	s					4619327	46779	1
88	95	Response	s					4732765	31220	1
88	97	Sound	train;1;1;2	train	1	1	2	4733762	0	1			0		other	0
88	98	Response	y					4830124	14249	1
88	99	Response	e					4835723	5515	2
88	101	Response	s					4865883	29842	1
88	104	Response	s					4960762	11890	1
88	106	Response	s					5365076	404038	1
88	108	Sound	train;1;1;4	train	1	1	4	5366096	0	1			0		other	0
88	109	Response	y					5463555	19696	1
88	110	Response	e					5473075	9384	1
88	112	Response	r					5532914	59556	1
88	115	Response	s					5626593	15072	1
88	117	Sound	train;1;1;12	train	1	1	12	5627563	0	2			0		other	0
88	118	Response	y					5716191	14173	1
88	119	Response	e					5727951	11600	1
88	121	Response	s					5757551	29366	1
88	123	Sound	train;1;1;13	train	1	1	13	5758452	0	1			0		other	0
88	124	Response	n					5843550	15535	1
88	125	Response	e					5850989	7307	1
88	127	Response	s					5891869	40688	1
88	129	Sound	train;1;1;19	train	1	1	19	5892838	0	1			0		other	0
88	130	Response	y					5977148	11136	1
88	131	Response	e					5984347	7169	1
88	133	Response	s					6071466	86788	1
88	135	Sound	train;1;1;28	train	1	1	28	6072417	0	1			0		other	0
88	136	Response	y					6169945	12438	1
88	137	Response	e					6178984	8978	1
88	139	Response	r					6211304	32131	1
88	141	Sound	train;1;1;28	train	1	1	28	6211998	0	1			0		other	0
88	142	Response	s					6309383	12213	1
88	144	Sound	train;1;1;37	train	1	1	37	6310404	0	1			0		other	0
88	145	Response	n					6406261	13761	1
88	146	Response	e					6411301	4968	1
88	148	Response	s					6432021	20521	1
88	150	Sound	train;1;1;24	train	1	1	24	6433087	0	1			0		other	0
88	151	Response	n					6537380	12716	1
88	152	Response	e					6541779	4283	1
88	154	Response	r					6588099	46103	1
88	157	Response	s					6697137	16645	1
88	159	Sound	train;1;1;32	train	1	1	32	6698058	0	1			0		other	0
88	160	Response	n					6796576	14086	1
88	161	Response	e					6803055	6398	1
88	163	Response	r					6838575	35252	1
88	166	Response	r					6937293	13473	2
88	169	Response	s					7062652	40001	1
88	171	Sound	train;1;1;36	train	1	1	36	7063718	0	1			0		other	0
88	172	Response	n					7174570	27923	1
88	173	Response	e					7181850	7203	1
88	175	Response	r					7232250	50103	1
88	178	Response	s					7336888	21078	1
88	180	Sound	train;1;1;40	train	1	1	40	7337895	0	1			0		other	0
88	181	Response	n					7434887	31246	1
88	182	Response	e					7437206	2233	1
88	184	Response	s					7473526	36053	1
88	186	Sound	train;1;1;28	train	1	1	28	7474581	0	1			0		other	0
88	187	Response	y					7571365	11728	1
88	188	Response	e					7579605	8135	1
88	190	Response	r					7627364	47561	1
88	192	Sound	train;1;1;28	train	1	1	28	7628163	0	1			0		other	0
88	193	Response	s					7742242	28943	1
88	195	Sound	train;1;1;24	train	1	1	24	7743256	0	1			0		other	0
88	196	Response	y					7846801	12005	1
88	197	Response	e					7850401	3439	1
88	199	Response	r					7892880	42251	1
88	202	Response	s					8014558	29266	1
88	204	Sound	train;1;1;32	train	1	1	32	8015426	0	1			0		other	0
88	205	Response	n					8115917	15961	1
88	206	Response	e					8119917	3961	1
88	208	Response	r					8163276	43154	1
88	211	Response	r					8263035	14250	1
88	214	Response	s					8366873	18424	1
88	216	Sound	train;1;1;36	train	1	1	36	8367892	0	1			0		other	0
88	217	Response	n					8463672	12892	1
88	218	Response	e					8466392	2612	1
88	220	Response	r					8511431	44818	1
88	223	Response	s					8610710	15434	1
88	225	Sound	train;1;1;28	train	1	1	28	8611659	0	1			0		other	0
88	226	Response	n					8706228	9454	1
88	227	Response	e					8709188	2915	1
88	229	Response	s					8737588	28148	1
88	231	Sound	train;1;1;32	train	1	1	32	8738458	0	1			0		other	0
88	232	Response	y					8837827	14890	1
88	233	Response	e					8839586	1649	1
88	235	Response	s					8869506	29736	1
88	237	Sound	train;1;1;36	train	1	1	36	8870443	0	1			0		other	0
88	238	Response	y					8967905	14638	1
88	239	Response	e					8973104	5171	1
88	241	Response	s					9018944	45511	1
88	243	Response	s					9203261	183996	1
88	245	Sound	test;1;1;33	test	1	1	33	9204297	0	1			0		other	0
88	246	Response	y					9290380	12955	1
88	248	Response	e					9303580	0	1
88	249	Sound	test;1;2;46	test	1	2	46	9304588	0	1			0		other	0
88	250	Response	n					9442378	56289	1
88	251	Response	e					9513097	70677	1
88	253	Sound	test;1;3;14	test	1	3	14	9514180	0	1			0		other	0
88	254	Response	y					9610456	14872	1
88	255	Response	e					9622135	11552	1
88	257	Sound	test;1;4;15	test	1	4	15	9623162	0	1			0		other	0
88	258	Response	y					9723334	16087	1
88	259	Response	e					9738374	14960	1
88	261	Sound	test;1;5;37	test	1	5	37	9739350	0	1			0		other	0
88	262	Response	n					9843252	12841	1
88	263	Response	e					9850452	7042	1
88	265	Sound	test;1;6;34	test	1	6	34	9851337	0	2			0		other	0
88	266	Response	n					9957331	32923	1
88	267	Response	e					9963170	5762	1
88	269	Sound	test;1;7;42	test	1	7	42	9964127	0	1			0		other	0
88	270	Response	n					10123328	68256	1
88	271	Response	e					10130048	6645	1
88	273	Sound	test;1;8;41	test	1	8	41	10131016	0	1			0		other	0
88	274	Response	y					10228527	12293	1
88	275	Response	e					10254286	25719	1
88	277	Sound	test;1;9;40	test	1	9	40	10255300	0	1			0		other	0
88	278	Response	y					10355885	7821	1
88	279	Response	e					10366365	10301	1
88	281	Sound	test;1;10;22	test	1	10	22	10367285	0	1			0		other	0
88	282	Response	y					10439884	7655	1
88	283	Response	e					10449163	9101	1
88	285	Sound	test;1;11;5	test	1	11	5	10450079	0	1			0		other	0
88	286	Response	y					10552202	9310	1
88	287	Response	e					10560602	8376	1
88	289	Sound	test;1;12;9	test	1	12	9	10561765	0	1			0		other	0
88	290	Response	n					10674920	28030	1
88	291	Response	e					10687720	12664	1
88	293	Sound	test;1;13;32	test	1	13	32	10688856	0	1			0		other	0
88	294	Response	y					10773879	14159	1
88	295	Response	e					10785959	11906	1
88	297	Sound	test;1;14;11	test	1	14	11	10786947	0	1			0		other	0
88	298	Response	y					10879637	11253	1
88	299	Response	e					10899077	19360	1
88	301	Sound	test;1;15;39	test	1	15	39	10900142	0	1			0		other	0
88	302	Response	y					11003316	11602	1
88	303	Response	e					11010915	7535	1
88	305	Sound	test;1;16;17	test	1	16	17	11012020	0	1			0		other	0
88	306	Response	y					11104514	10303	1
88	307	Response	e					11118674	14129	1
88	309	Sound	test;1;17;4	test	1	17	4	11119602	0	1			0		other	0
88	310	Response	y					11225952	14744	1
88	311	Response	e					11289232	63191	1
88	313	Response	s					12150819	861279	1
88	315	Sound	test;1;18;50	test	1	18	50	12151701	0	1			0		other	0
88	316	Response	y					12256658	20976	1
88	317	Response	e					12269537	12856	1
88	319	Sound	test;1;19;48	test	1	19	48	12270594	0	1			0		other	0
88	320	Response	n					12364176	12164	1
88	321	Response	e					12369216	4871	1
88	323	Sound	test;1;20;18	test	1	20	18	12370283	0	1			0		other	0
88	324	Response	y					12457695	7852	1
88	325	Response	e					12465615	7772	1
88	327	Sound	test;1;21;30	test	1	21	30	12466583	0	1			0		other	0
88	328	Response	y					12546253	10912	1
88	329	Response	e					12566893	20553	1
88	331	Sound	test;1;22;1	test	1	22	1	12567966	0	1			0		other	0
88	332	Response	y					12671772	8101	1
88	333	Response	e					12678971	7134	1
88	335	Sound	test;1;23;10	test	1	23	10	12679853	0	1			0		other	0
88	336	Response	n					12773290	8622	1
88	337	Response	e					12779050	5716	1
88	339	Sound	test;1;24;43	test	1	24	43	12780047	0	1			0		other	0
88	340	Response	n					12884409	19244	1
88	341	Response	e					12894168	9670	1
88	343	Sound	test;1;25;36	test	1	25	36	12895233	0	1			0		other	0
88	344	Response	n					13013687	22858	1
88	345	Response	e					13019446	5618	1
88	347	Sound	test;1;26;16	test	1	26	16	13020421	0	1			0		other	0
88	348	Response	y					13109045	5719	1
88	349	Response	e					13114885	5726	1
88	351	Sound	test;1;27;47	test	1	27	47	13115915	0	1			0		other	0
88	352	Response	n					13207284	6794	1
88	353	Response	e					13214164	6841	1
88	355	Sound	test;1;28;45	test	1	28	45	13215304	0	1			0		other	0
88	356	Response	n					13308163	8009	1
88	357	Response	e					13315522	7201	1
88	359	Sound	test;1;29;7	test	1	29	7	13316596	0	1			0		other	0
88	360	Response	y					13415601	7950	1
88	361	Response	e					13426321	10670	1
88	363	Sound	test;1;30;20	test	1	30	20	13427369	0	1			0		other	0
88	364	Response	y					13504000	10851	1
88	365	Response	e					13510719	6570	1
88	367	Sound	test;1;31;6	test	1	31	6	13511767	0	1			0		other	0
88	368	Response	y					13604638	7658	1
88	369	Response	e					13613998	9185	1
88	371	Sound	test;1;32;25	test	1	32	25	13615069	0	1			0		other	0
88	372	Response	y					13694477	14000	1
88	373	Response	e					13715794	21150	43
88	375	Sound	test;1;33;19	test	1	33	19	13716845	0	1			0		other	0
88	376	Response	y					13805995	11354	1
88	377	Response	e					13812155	6014	1
88	379	Sound	test;1;34;13	test	1	34	13	13813243	0	1			0		other	0
88	380	Response	y					13903994	9189	1
88	381	Response	e					13909514	5376	1
88	383	Response	s					14718622	808817	1
88	385	Sound	test;1;35;31	test	1	35	31	14719645	0	1			0		other	0
88	386	Response	y					14800541	9926	1
88	387	Response	e					14806701	6086	1
88	389	Sound	test;1;36;28	test	1	36	28	14807644	0	1			0		other	0
88	390	Response	y					14886940	9827	1
88	391	Response	e					14891500	4387	1
88	393	Sound	test;1;37;44	test	1	37	44	14892537	0	1			0		other	0
88	394	Response	n					14990538	12928	1
88	395	Response	e					14995258	4481	1
88	397	Sound	test;1;38;21	test	1	38	21	14996219	0	1			0		other	0
88	398	Response	y					15065657	6049	1
88	399	Response	e					15073897	8122	1
88	401	Sound	test;1;39;23	test	1	39	23	15074914	0	1			0		other	0
88	402	Response	y					15157416	7977	1
88	403	Response	e					15166296	8857	1
88	405	Sound	test;1;40;38	test	1	40	38	15167408	0	1			0		other	0
88	406	Response	y					15266454	13185	1
88	407	Response	e					15271734	5131	1
88	409	Sound	test;1;41;26	test	1	41	26	15272692	0	1			0		other	0
88	410	Response	y					15344933	6166	1
88	411	Response	e					15352373	7272	1
88	413	Sound	test;1;42;27	test	1	42	27	15353381	0	1			0		other	0
88	414	Response	n					15438372	10774	1
88	415	Response	e					15444212	5780	1
88	417	Sound	test;1;43;49	test	1	43	49	15445176	0	1			0		other	0
88	418	Response	n					15535411	8815	1
88	419	Response	e					15542210	6614	1
88	421	Sound	test;1;44;2	test	1	44	2	15543172	0	1			0		other	0
88	422	Response	y					15644449	10356	1
88	423	Response	e					15651889	7296	1
88	425	Sound	test;1;45;29	test	1	45	29	15652857	0	1			0		other	0
88	426	Response	y					15730768	8177	1
88	427	Response	e					15738847	7923	1
88	429	Sound	test;1;46;12	test	1	46	12	15739842	0	1			0		other	0
88	430	Response	y					15834126	9705	1
88	431	Response	e					15843086	8831	1
88	433	Sound	test;1;47;8	test	1	47	8	15844134	0	1			0		other	0
88	434	Response	y					15936685	7433	1
88	435	Response	e					15945724	8972	1
88	437	Sound	test;1;48;35	test	1	48	35	15946632	0	1			0		other	0
88	438	Response	y					16030444	8861	1
88	439	Response	e					16040843	10260	1
88	441	Sound	test;1;49;3	test	1	49	3	16041816	0	1			0		other	0
88	442	Response	n					16134282	6535	1
88	443	Response	e					16140282	5869	1
88	445	Sound	test;1;50;24	test	1	50	24	16141316	0	1			0		other	0
88	446	Response	y					16228281	11036	1
88	447	Response	e					16232840	4429	1
88	449	Response	s					16599795	366384	1
88	451	Sound	feature;2;1;1	feature	2	1	1	16600863	0	1			0		other	0
88	452	Response	s					16711314	27581	1
88	454	Sound	feature;2;2;2	feature	2	2	2	16712241	0	1			0		other	0
88	455	Response	s					17315385	520822	1
88	457	Sound	feature;2;1;19	feature	2	1	19	17316390	0	1			0		other	0
88	458	Response	y					17405864	11650	1
88	459	Response	e					17413063	7016	1
88	461	Sound	feature;2;2;21	feature	2	2	21	17414076	0	1			0		other	0
88	462	Response	y					17503143	25764	1
88	463	Response	e					17511942	8731	1
88	465	Sound	feature;2;3;8	feature	2	3	8	17512978	0	1			0		other	0
88	466	Response	y					17609381	11339	1
88	467	Response	e					17636661	27119	1
88	469	Sound	feature;2;4;2	feature	2	4	2	17637664	0	1			0		other	0
88	470	Response	y					17743059	14354	1
88	471	Response	e					17748579	5374	1
88	473	Sound	feature;2;5;3	feature	2	5	3	17749650	0	1			0		other	0
88	474	Response	y					17873457	37921	1
88	475	Response	e					17882337	8802	1
88	477	Sound	feature;2;6;9	feature	2	6	9	17883335	0	1			0		other	0
88	478	Response	n					17976496	8130	1
88	479	Response	e					17982175	5643	1
88	481	Sound	feature;2;7;33	feature	2	7	33	17983124	0	1			0		other	0
88	482	Response	y					18063614	7417	1
88	483	Response	e					18075454	11757	1
88	485	Sound	feature;2;8;45	feature	2	8	45	18076417	0	1			0		other	0
88	486	Response	n					18170093	8899	1
88	487	Response	e					18176572	6378	1
88	489	Sound	feature;2;9;42	feature	2	9	42	18177613	0	1			0		other	0
88	490	Response	n					18277531	9006	1
88	491	Response	e					18282171	4480	1
88	493	Sound	feature;2;10;34	feature	2	10	34	18283086	0	1			0		other	0
88	494	Response	y					18362330	6141	1
88	495	Response	e					18367850	5494	1
88	497	Sound	feature;2;11;1	feature	2	11	1	18368989	0	1			0		other	0
88	498	Response	y					18471849	7163	1
88	499	Response	e					18480728	8709	1
88	501	Sound	feature;2;12;37	feature	2	12	37	18481771	0	1			0		other	0
88	502	Response	n					18582727	9877	1
88	503	Response	e					18588567	5717	1
88	505	Sound	feature;2;13;11	feature	2	13	11	18589564	0	1			0		other	0
88	506	Response	n					18678326	7312	1
88	507	Response	e					18684325	5989	1
88	509	Sound	feature;2;14;41	feature	2	14	41	18685251	0	1			0		other	0
88	510	Response	n					18774564	4052	1
88	511	Response	e					18779604	4926	1
88	513	Sound	feature;2;15;24	feature	2	15	24	18780654	0	1			0		other	0
88	514	Response	y					18862643	6134	1
88	515	Response	e					18871763	9087	1
88	517	Sound	feature;2;16;12	feature	2	16	12	18872835	0	1			0		other	0
88	518	Response	n					18968641	11301	1
88	519	Response	e					18983041	14368	1
88	521	Sound	feature;2;17;17	feature	2	17	17	18984120	0	1			0		other	0
88	522	Response	y					19080480	14143	1
88	523	Response	e					19087599	7096	1
88	525	Response	s					19747750	659913	1
88	527	Sound	feature;2;18;10	feature	2	18	10	19748633	0	1			0		other	0
88	528	Response	n					19845189	11705	1
88	529	Response	e					19853748	8431	1
88	531	Sound	feature;2;19;28	feature	2	19	28	19854630	0	1			0		other	0
88	532	Response	y					19933028	8880	1
88	533	Response	e					19943347	10199	1
88	535	Sound	feature;2;20;16	feature	2	20	16	19944420	0	1			0		other	0
88	536	Response	n					20035666	8354	1
88	537	Response	e					20042226	6414	1
88	539	Sound	feature;2;21;27	feature	2	21	27	20043214	0	1			0		other	0
88	540	Response	y					20127185	9875	1
88	541	Response	e					20133664	6354	1
88	543	Sound	feature;2;22;26	feature	2	22	26	20134707	0	1			0		other	0
88	544	Response	y					20205664	4856	1
88	545	Response	e					20210943	5135	1
88	547	Sound	feature;2;23;44	feature	2	23	44	20211897	0	1			0		other	0
88	548	Response	n					20304942	7970	1
88	549	Response	e					20313582	8610	1
88	551	Sound	feature;2;24;29	feature	2	24	29	20314592	0	1			0		other	0
88	552	Response	y					20388701	4398	1
88	553	Response	e					20394541	5738	1
88	555	Sound	feature;2;25;39	feature	2	25	39	20395581	0	1			0		other	0
88	556	Response	y					20495500	8367	1
88	557	Response	e					20500859	5226	1
88	559	Sound	feature;2;26;20	feature	2	26	20	20501873	0	1			0		other	0
88	560	Response	y					20574058	6426	1
88	561	Response	e					20580378	6247	1
88	563	Sound	feature;2;27;7	feature	2	27	7	20581358	0	1			0		other	0
88	564	Response	y					20681897	9601	1
88	565	Response	e					20687736	5774	1
88	567	Sound	feature;2;28;4	feature	2	28	4	20688752	0	1			0		other	0
88	568	Response	y					20787975	7682	1
88	569	Response	e					20799335	11209	1
88	571	Sound	feature;2;29;13	feature	2	29	13	20800336	0	1			0		other	0
88	572	Response	n					20890294	8504	1
88	573	Response	e					20894773	4316	1
88	575	Sound	feature;2;30;32	feature	2	30	32	20895627	0	1			0		other	0
88	576	Response	y					20972853	6232	1
88	577	Response	e					20977732	4778	1
88	579	Sound	feature;2;31;14	feature	2	31	14	20978626	0	1			0		other	0
88	580	Response	y					21064531	4412	1
88	581	Response	e					21069811	5192	1
88	583	Sound	feature;2;32;6	feature	2	32	6	21070817	0	1			0		other	0
88	584	Response	y					21161010	5060	1
88	585	Response	e					21172450	11334	1
88	587	Sound	feature;2;33;50	feature	2	33	50	21173599	0	1			0		other	0
88	588	Response	n					21264289	6675	1
88	589	Response	e					21269088	4641	1
88	591	Sound	feature;2;34;36	feature	2	34	36	21270092	0	1			0		other	0
88	592	Response	y					21368527	2749	1
88	593	Response	e					21375007	6396	1
88	595	Response	s					22172676	797399	1
88	597	Sound	feature;2;35;31	feature	2	35	31	22173699	0	1			0		other	0
88	598	Response	y					22253714	9126	1
88	599	Response	e					22263474	9719	1
88	601	Sound	feature;2;36;38	feature	2	36	38	22264596	0	1			0		other	0
88	602	Response	y					22357153	6734	1
88	603	Response	e					22362273	5021	1
88	605	Sound	feature;2;37;47	feature	2	37	47	22363384	0	1			0		other	0
88	606	Response	n					22458671	10755	1
88	607	Response	e					22465391	6642	1
88	609	Sound	feature;2;38;25	feature	2	38	25	22466366	0	1			0		other	0
88	610	Response	y					22536910	5163	1
88	611	Response	e					22541390	4309	1
88	613	Sound	feature;2;39;15	feature	2	39	15	22542365	0	1			0		other	0
88	614	Response	n					22634429	8017	1
88	615	Response	e					22639069	4491	1
88	617	Sound	feature;2;40;23	feature	2	40	23	22640159	0	1			0		other	0
88	618	Response	y					22720668	5925	1
88	619	Response	e					22726107	5364	1
88	621	Sound	feature;2;41;18	feature	2	41	18	22727146	0	1			0		other	0
88	622	Response	y					22811866	5293	1
88	623	Response	e					22817306	5399	1
88	625	Sound	feature;2;42;43	feature	2	42	43	22818340	0	1			0		other	0
88	626	Response	n					22908505	5101	1
88	627	Response	e					22911625	3054	1
88	629	Sound	feature;2;43;48	feature	2	43	48	22912623	0	1			0		other	0
88	630	Response	n					23008104	14035	1
88	631	Response	e					23011303	3068	1
88	633	Sound	feature;2;44;30	feature	2	44	30	23012314	0	1			0		other	0
88	634	Response	y					23088902	7835	1
88	635	Response	e					23094102	5036	1
88	637	Sound	feature;2;45;35	feature	2	45	35	23095107	0	1			0		other	0
88	638	Response	y					23173621	3557	1
88	639	Response	e					23180741	7010	1
88	641	Sound	feature;2;46;40	feature	2	46	40	23181806	0	1			0		other	0
88	642	Response	y					23280740	6179	1
88	643	Response	e					23286899	6004	1
88	645	Sound	feature;2;47;22	feature	2	47	22	23287887	0	1			0		other	0
88	646	Response	y					23356019	3293	1
88	647	Response	e					23361778	5719	1
88	649	Sound	feature;2;48;49	feature	2	48	49	23362773	0	1			0		other	0
88	650	Response	n					23450577	6353	1
88	651	Response	e					23454897	4173	1
88	653	Sound	feature;2;49;5	feature	2	49	5	23456077	0	1			0		other	0
88	654	Response	y					23559216	10328	1
88	655	Response	e					23562815	3428	1
88	657	Sound	feature;2;50;46	feature	2	50	46	23563857	0	1			0		other	0
88	658	Response	n					23651614	6229	1
88	659	Response	e					23654494	2776	1
88	661	Response	s					23819132	164081	1
88	663	Sound	object;3;1;1	object	3	1	1	23820235	0	1			0		other	0
88	664	Response	s					23916170	13125	2
88	666	Sound	object;3;2;2	object	3	2	2	23917126	0	1			0		other	0
88	667	Response	s					24210006	210688	1
88	669	Sound	object;3;1;8	object	3	1	8	24210902	0	1			0		other	0
88	670	Response	y					24299845	3810	1
88	671	Response	e					24306165	6297	1
88	673	Sound	object;3;2;42	object	3	2	42	24307089	0	1			0		other	0
88	674	Response	n					24401364	3332	1
88	675	Response	e					24409603	8071	1
88	677	Sound	object;3;3;33	object	3	3	33	24410575	0	1			0		other	0
88	678	Response	n					24487282	3585	1
88	679	Response	e					24495682	8319	1
88	681	Sound	object;3;4;11	object	3	4	11	24496562	0	1			0		other	0
88	682	Response	n					24584001	5974	1
88	683	Response	e					24591121	7094	1
88	685	Sound	object;3;5;23	object	3	5	23	24592161	0	2			0		other	0
88	686	Response	y					24673520	6828	1
88	687	Response	e					24677279	3587	1
88	689	Sound	object;3;6;43	object	3	6	43	24678355	0	1			0		other	0
88	690	Response	n					24768958	5602	1
88	691	Response	e					24772798	3775	1
88	693	Sound	object;3;7;10	object	3	7	10	24773839	0	1			0		other	0
88	694	Response	y					24865757	7070	1
88	695	Response	e					24870397	4544	1
88	697	Sound	object;3;8;40	object	3	8	40	24871519	0	1			0		other	0
88	698	Response	y					24970636	6285	1
88	699	Response	e					24980475	9791	1
88	701	Sound	object;3;9;41	object	3	9	41	24981421	0	1			0		other	0
88	702	Response	n					25077674	10993	1
88	703	Response	e					25080954	3106	1
88	705	Sound	object;3;10;18	object	3	10	18	25081907	0	1			0		other	0
88	706	Response	y					25163993	2647	1
88	707	Response	e					25171832	7653	1
88	709	Sound	object;3;11;24	object	3	11	24	25172702	0	1			0		other	0
88	710	Response	y					25253271	4594	1
88	711	Response	e					25257431	4088	1
88	713	Sound	object;3;12;37	object	3	12	37	25258385	0	1			0		other	0
88	714	Response	n					25353590	4249	1
88	715	Response	e					25357590	3916	1
88	717	Sound	object;3;13;39	object	3	13	39	25358582	0	1			0		other	0
88	718	Response	y					25455909	5737	1
88	719	Response	e					25460868	4863	1
88	721	Sound	object;3;14;21	object	3	14	21	25461868	0	1			0		other	0
88	722	Response	y					25532067	6897	1
88	723	Response	e					25539907	7738	1
88	725	Sound	object;3;15;14	object	3	15	14	25540852	0	1			0		other	0
88	726	Response	n					25631026	8692	1
88	727	Response	e					25634466	3299	1
88	729	Sound	object;3;16;19	object	3	16	19	25635460	0	1			0		other	0
88	730	Response	y					25718385	5220	1
88	731	Response	e					25721744	3246	1
88	733	Sound	object;3;17;36	object	3	17	36	25722847	0	1			0		other	0
88	734	Response	y					25861343	42848	1
88	735	Response	e					25870622	9128	1
88	737	Response	s					26507493	636666	1
88	739	Sound	object;3;18;26	object	3	18	26	26508473	0	1			0		other	0
88	740	Response	y					26579652	5010	1
88	741	Response	e					26587332	7523	1
88	743	Sound	object;3;19;31	object	3	19	31	26588361	0	1			0		other	0
88	744	Response	n					26671571	12264	1
88	745	Response	e					26678771	7131	1
88	747	Sound	object;3;20;20	object	3	20	20	26679648	0	1			0		other	0
88	748	Response	y					26749490	4185	1
88	749	Response	e					26759090	9452	1
88	751	Sound	object;3;21;50	object	3	21	50	26760043	0	1			0		other	0
88	752	Response	y					26851969	7834	1
88	753	Response	e					26856128	3993	1
88	755	Sound	object;3;22;30	object	3	22	30	26857229	0	1			0		other	0
88	756	Response	y					26930047	3914	1
88	757	Response	e					26936927	6794	1
88	759	Sound	object;3;23;44	object	3	23	44	26937820	0	1			0		other	0
88	760	Response	n					27032126	9162	1
88	761	Response	e					27035886	3589	1
88	763	Sound	object;3;24;5	object	3	24	5	27036915	0	1			0		other	0
88	764	Response	y					27137404	7776	1
88	765	Response	e					27144364	6903	1
88	767	Sound	object;3;25;4	object	3	25	4	27145409	0	1			0		other	0
88	768	Response	y					27244043	7084	1
88	769	Response	e					27252922	8797	1
88	771	Sound	object;3;26;3	object	3	26	3	27253894	0	1			0		other	0
88	772	Response	y					27342361	2572	1
88	773	Response	e					27347161	4705	1
88	775	Sound	object;3;27;27	object	3	27	27	27348182	0	1			0		other	0
88	776	Response	y					27425720	3433	1
88	777	Response	e					27429480	3693	1
88	779	Sound	object;3;28;34	object	3	28	34	27430573	0	1			0		other	0
88	780	Response	y					27509319	5701	1
88	781	Response	e					27523879	14428	1
88	783	Sound	object;3;29;12	object	3	29	12	27524866	0	1			0		other	0
88	784	Response	n					27612838	3389	1
88	785	Response	e					27616357	3408	1
88	787	Sound	object;3;30;47	object	3	30	47	27617352	0	1			0		other	0
88	788	Response	n					27705156	3388	1
88	789	Response	e					27708436	3156	1
88	791	Sound	object;3;31;48	object	3	31	48	27709545	0	1			0		other	0
88	792	Response	n					27808435	17324	1
88	793	Response	e					27813634	5024	1
88	795	Sound	object;3;32;13	object	3	32	13	27814638	0	1			0		other	0
88	796	Response	n					27899154	3046	1
88	797	Response	e					27904113	4838	1
88	799	Sound	object;3;33;17	object	3	33	17	27905127	0	1			0		other	0
88	800	Response	y					27990432	3160	1
88	801	Response	e					28003792	13186	1
88	803	Sound	object;3;34;29	object	3	34	29	28004818	0	1			0		other	0
88	804	Response	y					28089471	14867	1
88	805	Response	e					28097070	7467	1
88	807	Response	s					28730182	632913	1
88	809	Sound	object;3;35;28	object	3	35	28	28731133	0	1			0		other	0
88	810	Response	y					28802661	2076	1
88	811	Response	e					28807300	4549	1
88	813	Sound	object;3;36;32	object	3	36	32	28808434	0	1			0		other	0
88	814	Response	y					28883619	4203	1
88	815	Response	e					28887299	3550	1
88	817	Sound	object;3;37;16	object	3	37	16	28888435	0	1			0		other	0
88	818	Response	y					28974178	2931	1
88	819	Response	e					28980018	5771	1
88	821	Sound	object;3;38;46	object	3	38	46	28981022	0	1			0		other	0
88	822	Response	n					29069377	6966	1
88	823	Response	e					29074496	5085	1
88	825	Sound	object;3;39;2	object	3	39	2	29075602	0	1			0		other	0
88	826	Response	y					29167936	1361	1
88	827	Response	e					29179455	11380	1
88	829	Sound	object;3;40;38	object	3	40	38	29180600	0	1			0		other	0
88	830	Response	n					29270094	3522	1
88	831	Response	e					29275773	5534	1
88	833	Sound	object;3;41;15	object	3	41	15	29276892	0	1			0		other	0
88	834	Response	y					29362013	1110	1
88	835	Response	e					29368972	6902	1
88	837	Sound	object;3;42;1	object	3	42	1	29370076	0	1			0		other	0
88	838	Response	y					29468251	2517	1
88	839	Response	e					29474411	6010	1
88	841	Sound	object;3;43;9	object	3	43	9	29475465	0	1			0		other	0
88	842	Response	y					29577930	17365	1
88	843	Response	e					29582889	4825	1
88	845	Sound	object;3;44;49	object	3	44	49	29583964	0	1			0		other	0
88	846	Response	n					29678488	13093	1
88	847	Response	e					29684327	5765	2
88	849	Sound	object;3;45;22	object	3	45	22	29685240	0	1			0		other	0
88	850	Response	y					29762407	12347	1
88	851	Response	e					29767926	5366	1
88	853	Sound	object;3;46;25	object	3	46	25	29768937	0	1			0		other	0
88	854	Response	y					29838166	3942	1
88	855	Response	e					29843525	5301	1
88	857	Sound	object;3;47;7	object	3	47	7	29844533	0	1			0		other	0
88	858	Response	y					29938164	2609	1
88	859	Response	e					29942164	3942	1
88	861	Sound	object;3;48;6	object	3	48	6	29943117	0	1			0		other	0
88	862	Response	y					30031443	3057	1
88	863	Response	e					30035362	3810	2
88	865	Sound	object;3;49;35	object	3	49	35	30036313	0	1			0		other	0
88	866	Response	y					30117842	6625	1
88	867	Response	e					30120641	2757	1
88	869	Sound	object;3;50;45	object	3	50	45	30121709	0	1			0		other	0
88	870	Response	n					30210720	4172	1
88	871	Response	e					30214880	3999	1
88	873	Response	s					30276332	60784	1
